#
# There is insufficient memory for the Java Runtime Environment to continue.
# Native memory allocation (malloc) failed to allocate 2097152 bytes for AllocateHeap
# Possible reasons:
#   The system is out of physical RAM or swap space
#   The process is running with CompressedOops enabled, and the Java Heap may be blocking the growth of the native heap
# Possible solutions:
#   Reduce memory load on the system
#   Increase physical memory or swap space
#   Check if swap backing store is full
#   Decrease Java heap size (-Xmx/-Xms)
#   Decrease number of Java threads
#   Decrease Java thread stack sizes (-Xss)
#   Set larger code cache with -XX:ReservedCodeCacheSize=
#   JVM is running with Zero Based Compressed Oops mode in which the Java heap is
#     placed in the first 32GB address space. The Java Heap base address is the
#     maximum limit for the native heap growth. Please use -XX:HeapBaseMinAddress
#     to set the Java Heap base and to place the Java Heap above 32GB virtual address.
# This output file may be truncated or incomplete.
#
#  Out of Memory Error (t:/workspace/open/src/hotspot/share/memory/allocation.cpp:46), pid=2700, tid=20744
#
# JRE version: OpenJDK Runtime Environment (11.0.2+9) (build 11.0.2+9)
# Java VM: OpenJDK 64-Bit Server VM (11.0.2+9, mixed mode, tiered, compressed oops, g1 gc, windows-amd64)
# No core dump will be written. Minidumps are not enabled by default on client versions of Windows
#

---------------  S U M M A R Y ------------

Command Line: -ea -XX:TieredStopAtLevel=1 -Dsun.java2d.d3d=false -Dsun.java2d.noddraw=true -Duser.home=D:\bots\instances\inst_3 -Drl.instance=3 net.runelite.client.RuneLite ==debug --developer-mode

Host: AMD Ryzen 5 5600X 6-Core Processor             , 12 cores, 31G,  Windows 10 , 64 bit Build 19041 (10.0.19041.5915)
Time: Mon Oct 27 18:08:15 2025 Mountain Daylight Time elapsed time: 46516 seconds (0d 12h 55m 16s)

---------------  T H R E A D  ---------------

Current thread (0x000001ad7d51f800):  VMThread "VM Thread" [stack: 0x000000a0c8800000,0x000000a0c8900000] [id=20744]

Stack: [0x000000a0c8800000,0x000000a0c8900000]
[error occurred during error reporting (printing stack bounds), id 0xc0000005, EXCEPTION_ACCESS_VIOLATION (0xc0000005) at pc=0x000001ad00000bad]

Native frames: (J=compiled Java code, j=interpreted, Vv=VM code, C=native code)
V  [jvm.dll+0x63489a]
V  [jvm.dll+0x771f9f]
V  [jvm.dll+0x773648]
V  [jvm.dll+0x773c65]
V  [jvm.dll+0x773c1b]
V  [jvm.dll+0x633fa6]
V  [jvm.dll+0x634368]
C  [ntdll.dll+0xa296f]
C  [ntdll.dll+0x52554]
C  [ntdll.dll+0xa147e]
C  0x000001ad00000bad

VM_Operation (0x000000a0cadfe6e0): G1CollectFull, mode: safepoint, requested by thread 0x000001ad7d686800


---------------  P R O C E S S  ---------------

Threads class SMR info:
_java_thread_list=0x000001ad22a922e0, length=31, elements={
0x000001ad7d522000, 0x000001ad7d551800, 0x000001ad7d5b4800, 0x000001ad7d5b5800,
0x000001ad7d5b8800, 0x000001ad7d568800, 0x000001ad7d75f800, 0x000001ad7d763000,
0x000001ad7e847000, 0x000001ad7e847800, 0x000001ad7e848800, 0x000001ad7e861800,
0x000001ad7e91c800, 0x000001ad7d684000, 0x000001ad7d685800, 0x000001ad7d686800,
0x000001ad7d688000, 0x000001ad2268c000, 0x000001ad2268e000, 0x000001ad22692000,
0x000001ad22695000, 0x000001ad22697000, 0x000001ad22692800, 0x000001ad22694800,
0x000001ad22690000, 0x000001ad7d683000, 0x000001ad2268d000, 0x000001ad2268a800,
0x000001ad7d687000, 0x000001ad2691b000, 0x000001ad2691b800
}

Java Threads: ( => current thread )
  0x000001ad7d522000 JavaThread "Reference Handler" daemon [_thread_blocked, id=1824, stack(0x000000a0c8900000,0x000000a0c8a00000)]
  0x000001ad7d551800 JavaThread "Finalizer" daemon [_thread_blocked, id=7056, stack(0x000000a0c8a00000,0x000000a0c8b00000)]
  0x000001ad7d5b4800 JavaThread "Signal Dispatcher" daemon [_thread_blocked, id=11872, stack(0x000000a0c8b00000,0x000000a0c8c00000)]
  0x000001ad7d5b5800 JavaThread "Attach Listener" daemon [_thread_blocked, id=14632, stack(0x000000a0c8c00000,0x000000a0c8d00000)]
  0x000001ad7d5b8800 JavaThread "C1 CompilerThread0" daemon [_thread_blocked, id=23916, stack(0x000000a0c8d00000,0x000000a0c8e00000)]
  0x000001ad7d568800 JavaThread "Sweeper thread" daemon [_thread_blocked, id=21824, stack(0x000000a0c8e00000,0x000000a0c8f00000)]
  0x000001ad7d75f800 JavaThread "Service Thread" daemon [_thread_blocked, id=5080, stack(0x000000a0c9000000,0x000000a0c9100000)]
  0x000001ad7d763000 JavaThread "Common-Cleaner" daemon [_thread_blocked, id=25940, stack(0x000000a0c9200000,0x000000a0c9300000)]
  0x000001ad7e847000 JavaThread "Java2D Disposer" daemon [_thread_blocked, id=24280, stack(0x000000a0c9f00000,0x000000a0ca000000)]
  0x000001ad7e847800 JavaThread "AWT-Shutdown" [_thread_blocked, id=13044, stack(0x000000a0ca000000,0x000000a0ca100000)]
  0x000001ad7e848800 JavaThread "AWT-Windows" daemon [_thread_in_native, id=26072, stack(0x000000a0ca100000,0x000000a0ca200000)]
  0x000001ad7e861800 JavaThread "AWT-EventQueue-0" [_thread_blocked, id=22488, stack(0x000000a0ca200000,0x000000a0ca300000)]
  0x000001ad7e91c800 JavaThread "TimerQueue" daemon [_thread_blocked, id=22788, stack(0x000000a0ca300000,0x000000a0ca400000)]
  0x000001ad7d684000 JavaThread "pool-2-thread-1" [_thread_blocked, id=21980, stack(0x000000a0cac00000,0x000000a0cad00000)]
  0x000001ad7d685800 JavaThread "Thread-0" daemon [_thread_blocked, id=10512, stack(0x000000a0ca800000,0x000000a0ca900000)]
  0x000001ad7d686800 JavaThread "Client" daemon [_thread_blocked, id=15504, stack(0x000000a0cad00000,0x000000a0cae00000)]
  0x000001ad7d688000 JavaThread "Thread-2" daemon [_thread_blocked, id=7668, stack(0x000000a0cae00000,0x000000a0caf00000)]
  0x000001ad2268c000 JavaThread "Java Sound Event Dispatcher" daemon [_thread_blocked, id=1300, stack(0x000000a0cb900000,0x000000a0cba00000)]
  0x000001ad2268e000 JavaThread "Sound Engine" [_thread_blocked, id=24000, stack(0x000000a0cbd00000,0x000000a0cbe00000)]
  0x000001ad22692000 JavaThread "IPC-Input-Server" daemon [_thread_in_native, id=18296, stack(0x000000a0cc200000,0x000000a0cc300000)]
  0x000001ad22695000 JavaThread "pool-5-thread-1" [_thread_blocked, id=16120, stack(0x000000a0cc300000,0x000000a0cc400000)]
  0x000001ad22697000 JavaThread "Thread-7" daemon [_thread_blocked, id=23324, stack(0x000000a0cc400000,0x000000a0cc500000)]
  0x000001ad22692800 JavaThread "DestroyJavaVM" [_thread_blocked, id=5116, stack(0x000000a0c8200000,0x000000a0c8300000)]
  0x000001ad22694800 JavaThread "Map Loader" daemon [_thread_blocked, id=3048, stack(0x000000a0c9300000,0x000000a0c9400000)]
  0x000001ad22690000 JavaThread "logback-1" daemon [_thread_blocked, id=26300, stack(0x000000a0c8000000,0x000000a0c8100000)]
  0x000001ad7d683000 JavaThread "logback-2" daemon [_thread_blocked, id=28516, stack(0x000000a0c8100000,0x000000a0c8200000)]
  0x000001ad2268d000 JavaThread "logback-3" daemon [_thread_blocked, id=44028, stack(0x000000a0ca900000,0x000000a0caa00000)]
  0x000001ad2268a800 JavaThread "logback-4" daemon [_thread_blocked, id=43356, stack(0x000000a0cab00000,0x000000a0cac00000)]
  0x000001ad7d687000 JavaThread "OkHttp ConnectionPool" daemon [_thread_blocked, id=47204, stack(0x000000a0cba00000,0x000000a0cbb00000)]
  0x000001ad2691b000 JavaThread "OkHttp api.runelite.net Writer" [_thread_blocked, id=4296, stack(0x000000a0cb000000,0x000000a0cb100000)]
  0x000001ad2691b800 JavaThread "OkHttp api.runelite.net" [_thread_in_native, id=13444, stack(0x000000a0cb100000,0x000000a0cb200000)]

Other Threads:
=>0x000001ad7d51f800 VMThread "VM Thread" [stack: 0x000000a0c8800000,0x000000a0c8900000] [id=20744]
  0x000001ad7d762000 WatcherThread [stack: 0x000000a0c9100000,0x000000a0c9200000] [id=25148]
  0x000001ad6de62800 GCTaskThread "GC Thread#0" [stack: 0x000000a0c8300000,0x000000a0c8400000] [id=26192]
  0x000001ad7e768000 GCTaskThread "GC Thread#1" [stack: 0x000000a0c9600000,0x000000a0c9700000] [id=24416]
  0x000001ad7e76b000 GCTaskThread "GC Thread#2" [stack: 0x000000a0c9700000,0x000000a0c9800000] [id=10676]
  0x000001ad7e76c000 GCTaskThread "GC Thread#3" [stack: 0x000000a0c9800000,0x000000a0c9900000] [id=14996]
  0x000001ad7e76d800 GCTaskThread "GC Thread#4" [stack: 0x000000a0c9900000,0x000000a0c9a00000] [id=10372]
  0x000001ad7e76f000 GCTaskThread "GC Thread#5" [stack: 0x000000a0c9a00000,0x000000a0c9b00000] [id=21912]
  0x000001ad7e76f800 GCTaskThread "GC Thread#6" [stack: 0x000000a0c9b00000,0x000000a0c9c00000] [id=24512]
  0x000001ad7e771000 GCTaskThread "GC Thread#7" [stack: 0x000000a0c9c00000,0x000000a0c9d00000] [id=25644]
  0x000001ad7e771800 GCTaskThread "GC Thread#8" [stack: 0x000000a0c9d00000,0x000000a0c9e00000] [id=5804]
  0x000001ad7e77a800 GCTaskThread "GC Thread#9" [stack: 0x000000a0c9e00000,0x000000a0c9f00000] [id=26424]
  0x000001ad6dee1800 ConcurrentGCThread "G1 Main Marker" [stack: 0x000000a0c8400000,0x000000a0c8500000] [id=7368]
  0x000001ad6dee4000 ConcurrentGCThread "G1 Conc#0" [stack: 0x000000a0c8500000,0x000000a0c8600000] [id=8540]
  0x000001ad7e917800 ConcurrentGCThread "G1 Conc#1" [stack: 0x000000a0ca400000,0x000000a0ca500000] [id=26540]
  0x000001ad7e924800 ConcurrentGCThread "G1 Conc#2" [stack: 0x000000a0ca600000,0x000000a0ca700000] [id=12960]
  0x000001ad7c304000 ConcurrentGCThread "G1 Refine#0" [stack: 0x000000a0c8600000,0x000000a0c8700000] [id=4428]
  0x000001ad7e916800 ConcurrentGCThread "G1 Refine#1" [stack: 0x000000a0ca500000,0x000000a0ca600000] [id=24924]
  0x000001ad23eaf000 ConcurrentGCThread "G1 Refine#2" [stack: 0x000000a0cc600000,0x000000a0cc700000] [id=4872]
  0x000001ad7c305000 ConcurrentGCThread "G1 Young RemSet Sampling" [stack: 0x000000a0c8700000,0x000000a0c8800000] [id=8392]

Threads with active compile tasks:

VM state:at safepoint (normal execution)

VM Mutex/Monitor currently owned by a thread:  ([mutex/lock_event])
[0x000001ad6de47190] Threads_lock - owner thread: 0x000001ad7d51f800
[0x000001ad6de46c80] Heap_lock - owner thread: 0x000001ad7d686800

Heap address: 0x0000000601600000, size: 8170 MB, Compressed Oops mode: Zero based, Oop shift amount: 3
Narrow klass base: 0x0000000800000000, Narrow klass shift: 0
Compressed class space size: 1073741824 Address: 0x0000000800000000

Heap:
 garbage-first heap   total 520192K, used 246670K [0x0000000601600000, 0x0000000800000000)
  region size 2048K, 9 young (18432K), 1 survivors (2048K)
 Metaspace       used 77800K, capacity 80273K, committed 82040K, reserved 1120256K
  class space    used 9239K, capacity 10268K, committed 10880K, reserved 1048576K
Heap Regions: E=young(eden), S=young(survivor), O=old, HS=humongous(starts), HC=humongous(continues), CS=collection set, F=free, A=archive, TAMS=top-at-mark-start (previous, next)
|   0|0x0000000601600000, 0x0000000601800000, 0x0000000601800000|100%| O|  |TAMS 0x0000000601600000, 0x0000000601600000| Untracked 
|   1|0x0000000601800000, 0x00000006019fffc8, 0x0000000601a00000| 99%| O|  |TAMS 0x0000000601800000, 0x0000000601800000| Untracked 
|   2|0x0000000601a00000, 0x0000000601c00000, 0x0000000601c00000|100%| O|  |TAMS 0x0000000601a00000, 0x0000000601a00000| Untracked 
|   3|0x0000000601c00000, 0x0000000601dffff8, 0x0000000601e00000| 99%| O|  |TAMS 0x0000000601c00000, 0x0000000601c00000| Untracked 
|   4|0x0000000601e00000, 0x0000000601fffff8, 0x0000000602000000| 99%| O|  |TAMS 0x0000000601e00000, 0x0000000601e00000| Untracked 
|   5|0x0000000602000000, 0x00000006021fffb0, 0x0000000602200000| 99%| O|  |TAMS 0x0000000602000000, 0x0000000602000000| Untracked 
|   6|0x0000000602200000, 0x0000000602400000, 0x0000000602400000|100%| O|  |TAMS 0x0000000602200000, 0x0000000602200000| Untracked 
|   7|0x0000000602400000, 0x0000000602600000, 0x0000000602600000|100%| O|  |TAMS 0x0000000602400000, 0x0000000602400000| Untracked 
|   8|0x0000000602600000, 0x00000006027ffff0, 0x0000000602800000| 99%| O|  |TAMS 0x0000000602600000, 0x0000000602600000| Untracked 
|   9|0x0000000602800000, 0x0000000602a00000, 0x0000000602a00000|100%| O|  |TAMS 0x0000000602800000, 0x0000000602800000| Untracked 
|  10|0x0000000602a00000, 0x0000000602bfffb0, 0x0000000602c00000| 99%| O|  |TAMS 0x0000000602a00000, 0x0000000602a00000| Untracked 
|  11|0x0000000602c00000, 0x0000000602dfeba0, 0x0000000602e00000| 99%| O|  |TAMS 0x0000000602c00000, 0x0000000602c00000| Untracked 
|  12|0x0000000602e00000, 0x0000000602ffffc0, 0x0000000603000000| 99%| O|  |TAMS 0x0000000602e00000, 0x0000000602e00000| Untracked 
|  13|0x0000000603000000, 0x00000006031ffff0, 0x0000000603200000| 99%| O|  |TAMS 0x0000000603000000, 0x0000000603000000| Untracked 
|  14|0x0000000603200000, 0x00000006033ffff8, 0x0000000603400000| 99%| O|  |TAMS 0x0000000603200000, 0x0000000603200000| Untracked 
|  15|0x0000000603400000, 0x00000006035ffff8, 0x0000000603600000| 99%| O|  |TAMS 0x0000000603400000, 0x0000000603400000| Untracked 
|  16|0x0000000603600000, 0x00000006037fffe0, 0x0000000603800000| 99%| O|  |TAMS 0x0000000603600000, 0x0000000603600000| Untracked 
|  17|0x0000000603800000, 0x00000006039ffff8, 0x0000000603a00000| 99%| O|  |TAMS 0x0000000603800000, 0x0000000603800000| Untracked 
|  18|0x0000000603a00000, 0x0000000603bfffb8, 0x0000000603c00000| 99%| O|  |TAMS 0x0000000603a00000, 0x0000000603a00000| Untracked 
|  19|0x0000000603c00000, 0x0000000603dffff8, 0x0000000603e00000| 99%| O|  |TAMS 0x0000000603c00000, 0x0000000603c00000| Untracked 
|  20|0x0000000603e00000, 0x0000000604000000, 0x0000000604000000|100%| O|  |TAMS 0x0000000603e00000, 0x0000000603e00000| Untracked 
|  21|0x0000000604000000, 0x00000006041ffff0, 0x0000000604200000| 99%| O|  |TAMS 0x0000000604000000, 0x0000000604000000| Untracked 
|  22|0x0000000604200000, 0x0000000604400000, 0x0000000604400000|100%| O|  |TAMS 0x0000000604200000, 0x0000000604200000| Untracked 
|  23|0x0000000604400000, 0x0000000604600000, 0x0000000604600000|100%|HS|  |TAMS 0x0000000604400000, 0x0000000604400000| Untracked 
|  24|0x0000000604600000, 0x0000000604800000, 0x0000000604800000|100%| O|  |TAMS 0x0000000604600000, 0x0000000604600000| Untracked 
|  25|0x0000000604800000, 0x00000006049ffec8, 0x0000000604a00000| 99%| O|  |TAMS 0x0000000604800000, 0x0000000604800000| Untracked 
|  26|0x0000000604a00000, 0x0000000604c00000, 0x0000000604c00000|100%| O|  |TAMS 0x0000000604a00000, 0x0000000604a00000| Untracked 
|  27|0x0000000604c00000, 0x0000000604dffde0, 0x0000000604e00000| 99%| O|  |TAMS 0x0000000604c00000, 0x0000000604c00000| Untracked 
|  28|0x0000000604e00000, 0x0000000604ffffd8, 0x0000000605000000| 99%| O|  |TAMS 0x0000000604e00000, 0x0000000604e00000| Untracked 
|  29|0x0000000605000000, 0x0000000605200000, 0x0000000605200000|100%| O|  |TAMS 0x0000000605000000, 0x0000000605000000| Untracked 
|  30|0x0000000605200000, 0x00000006053ffe48, 0x0000000605400000| 99%| O|  |TAMS 0x0000000605200000, 0x0000000605200000| Untracked 
|  31|0x0000000605400000, 0x00000006055ffd30, 0x0000000605600000| 99%| O|  |TAMS 0x0000000605400000, 0x0000000605400000| Untracked 
|  32|0x0000000605600000, 0x00000006057ffff0, 0x0000000605800000| 99%| O|  |TAMS 0x0000000605600000, 0x0000000605600000| Untracked 
|  33|0x0000000605800000, 0x00000006059ffff8, 0x0000000605a00000| 99%| O|  |TAMS 0x0000000605800000, 0x0000000605800000| Untracked 
|  34|0x0000000605a00000, 0x0000000605bfffe8, 0x0000000605c00000| 99%| O|  |TAMS 0x0000000605a00000, 0x0000000605a00000| Untracked 
|  35|0x0000000605c00000, 0x0000000605dff5a0, 0x0000000605e00000| 99%| O|  |TAMS 0x0000000605c00000, 0x0000000605c00000| Untracked 
|  36|0x0000000605e00000, 0x0000000605ffff08, 0x0000000606000000| 99%| O|  |TAMS 0x0000000605e00000, 0x0000000605e00000| Untracked 
|  37|0x0000000606000000, 0x00000006061ffe70, 0x0000000606200000| 99%| O|  |TAMS 0x0000000606000000, 0x0000000606000000| Untracked 
|  38|0x0000000606200000, 0x00000006063f3930, 0x0000000606400000| 97%| O|  |TAMS 0x0000000606200000, 0x0000000606200000| Untracked 
|  39|0x0000000606400000, 0x00000006065ffff0, 0x0000000606600000| 99%| O|  |TAMS 0x0000000606400000, 0x0000000606400000| Untracked 
|  40|0x0000000606600000, 0x000000060678eeb0, 0x0000000606800000| 77%| O|  |TAMS 0x0000000606600000, 0x0000000606600000| Untracked 
|  41|0x0000000606800000, 0x0000000606a00000, 0x0000000606a00000|100%| O|  |TAMS 0x0000000606800000, 0x0000000606800000| Untracked 
|  42|0x0000000606a00000, 0x0000000606bfef30, 0x0000000606c00000| 99%| O|  |TAMS 0x0000000606a00000, 0x0000000606a00000| Untracked 
|  43|0x0000000606c00000, 0x0000000606e00000, 0x0000000606e00000|100%|HS|  |TAMS 0x0000000606c00000, 0x0000000606c00000| Untracked 
|  44|0x0000000606e00000, 0x0000000607000000, 0x0000000607000000|100%|HS|  |TAMS 0x0000000606e00000, 0x0000000606e00000| Complete 
|  45|0x0000000607000000, 0x0000000607200000, 0x0000000607200000|100%|HS|  |TAMS 0x0000000607000000, 0x0000000607000000| Untracked 
|  46|0x0000000607200000, 0x0000000607400000, 0x0000000607400000|100%|HS|  |TAMS 0x0000000607200000, 0x0000000607200000| Untracked 
|  47|0x0000000607400000, 0x0000000607600000, 0x0000000607600000|100%|HS|  |TAMS 0x0000000607400000, 0x0000000607400000| Untracked 
|  48|0x0000000607600000, 0x0000000607800000, 0x0000000607800000|100%|HS|  |TAMS 0x0000000607600000, 0x0000000607600000| Untracked 
|  49|0x0000000607800000, 0x000000060790c9c8, 0x0000000607a00000| 52%| O|  |TAMS 0x0000000607800000, 0x0000000607800000| Untracked 
|  50|0x0000000607a00000, 0x0000000607a0fe90, 0x0000000607c00000|  3%| O|  |TAMS 0x0000000607a00000, 0x0000000607a00000| Untracked 
|  51|0x0000000607c00000, 0x0000000607e00000, 0x0000000607e00000|100%|HS|  |TAMS 0x0000000607c00000, 0x0000000607c00000| Untracked 
|  52|0x0000000607e00000, 0x0000000608000000, 0x0000000608000000|100%|HS|  |TAMS 0x0000000607e00000, 0x0000000607e00000| Untracked 
|  53|0x0000000608000000, 0x0000000608200000, 0x0000000608200000|100%|HS|  |TAMS 0x0000000608000000, 0x0000000608000000| Untracked 
|  54|0x0000000608200000, 0x00000006083ffec8, 0x0000000608400000| 99%| O|  |TAMS 0x0000000608200000, 0x0000000608200000| Untracked 
|  55|0x0000000608400000, 0x0000000608600000, 0x0000000608600000|100%|HS|  |TAMS 0x0000000608400000, 0x0000000608400000| Complete 
|  56|0x0000000608600000, 0x0000000608800000, 0x0000000608800000|100%|HS|  |TAMS 0x0000000608600000, 0x0000000608600000| Complete 
|  57|0x0000000608800000, 0x0000000608a00000, 0x0000000608a00000|100%|HS|  |TAMS 0x0000000608800000, 0x0000000608800000| Complete 
|  58|0x0000000608a00000, 0x0000000608c00000, 0x0000000608c00000|100%|HS|  |TAMS 0x0000000608a00000, 0x0000000608a00000| Complete 
|  59|0x0000000608c00000, 0x0000000608e00000, 0x0000000608e00000|100%|HS|  |TAMS 0x0000000608c00000, 0x0000000608c00000| Untracked 
|  60|0x0000000608e00000, 0x0000000608ef7b70, 0x0000000609000000| 48%| O|  |TAMS 0x0000000608e00000, 0x0000000608e00000| Untracked 
|  61|0x0000000609000000, 0x0000000609200000, 0x0000000609200000|100%|HS|  |TAMS 0x0000000609000000, 0x0000000609000000| Untracked 
|  62|0x0000000609200000, 0x0000000609400000, 0x0000000609400000|100%|HC|  |TAMS 0x0000000609200000, 0x0000000609200000| Untracked 
|  63|0x0000000609400000, 0x0000000609600000, 0x0000000609600000|100%|HC|  |TAMS 0x0000000609400000, 0x0000000609400000| Untracked 
|  64|0x0000000609600000, 0x0000000609800000, 0x0000000609800000|100%|HS|  |TAMS 0x0000000609600000, 0x0000000609600000| Complete 
|  65|0x0000000609800000, 0x0000000609a00000, 0x0000000609a00000|100%|HS|  |TAMS 0x0000000609800000, 0x0000000609800000| Untracked 
|  66|0x0000000609a00000, 0x0000000609c00000, 0x0000000609c00000|100%|HC|  |TAMS 0x0000000609a00000, 0x0000000609a00000| Untracked 
|  67|0x0000000609c00000, 0x0000000609e00000, 0x0000000609e00000|100%|HS|  |TAMS 0x0000000609c00000, 0x0000000609c00000| Complete 
|  68|0x0000000609e00000, 0x000000060a000000, 0x000000060a000000|100%|HS|  |TAMS 0x0000000609e00000, 0x0000000609e00000| Complete 
|  69|0x000000060a000000, 0x000000060a14cbd8, 0x000000060a200000| 64%| O|  |TAMS 0x000000060a000000, 0x000000060a000000| Untracked 
|  70|0x000000060a200000, 0x000000060a400000, 0x000000060a400000|100%|HS|  |TAMS 0x000000060a200000, 0x000000060a200000| Untracked 
|  71|0x000000060a400000, 0x000000060a600000, 0x000000060a600000|100%|HS|  |TAMS 0x000000060a400000, 0x000000060a400000| Complete 
|  72|0x000000060a600000, 0x000000060a800000, 0x000000060a800000|100%|HC|  |TAMS 0x000000060a600000, 0x000000060a600000| Complete 
|  73|0x000000060a800000, 0x000000060aa00000, 0x000000060aa00000|100%|HC|  |TAMS 0x000000060a800000, 0x000000060a800000| Complete 
|  74|0x000000060aa00000, 0x000000060ac00000, 0x000000060ac00000|100%|HS|  |TAMS 0x000000060aa00000, 0x000000060aa00000| Complete 
|  75|0x000000060ac00000, 0x000000060ae00000, 0x000000060ae00000|100%|HC|  |TAMS 0x000000060ac00000, 0x000000060ac00000| Complete 
|  76|0x000000060ae00000, 0x000000060b000000, 0x000000060b000000|100%|HS|  |TAMS 0x000000060ae00000, 0x000000060ae00000| Complete 
|  77|0x000000060b000000, 0x000000060b14baa0, 0x000000060b200000| 64%| O|  |TAMS 0x000000060b000000, 0x000000060b000000| Untracked 
|  78|0x000000060b200000, 0x000000060b361b00, 0x000000060b400000| 69%| O|  |TAMS 0x000000060b200000, 0x000000060b200000| Untracked 
|  79|0x000000060b400000, 0x000000060b600000, 0x000000060b600000|100%|HS|  |TAMS 0x000000060b400000, 0x000000060b400000| Complete 
|  80|0x000000060b600000, 0x000000060b800000, 0x000000060b800000|100%|HC|  |TAMS 0x000000060b600000, 0x000000060b600000| Complete 
|  81|0x000000060b800000, 0x000000060ba00000, 0x000000060ba00000|100%|HS|  |TAMS 0x000000060b800000, 0x000000060b800000| Complete 
|  82|0x000000060ba00000, 0x000000060bc00000, 0x000000060bc00000|100%|HS|  |TAMS 0x000000060ba00000, 0x000000060ba00000| Untracked 
|  83|0x000000060bc00000, 0x000000060be00000, 0x000000060be00000|100%|HC|  |TAMS 0x000000060bc00000, 0x000000060bc00000| Untracked 
|  84|0x000000060be00000, 0x000000060c000000, 0x000000060c000000|100%| O|  |TAMS 0x000000060be00000, 0x000000060be00000| Untracked 
|  85|0x000000060c000000, 0x000000060c200000, 0x000000060c200000|100%| O|  |TAMS 0x000000060c000000, 0x000000060c000000| Untracked 
|  86|0x000000060c200000, 0x000000060c400000, 0x000000060c400000|100%| O|  |TAMS 0x000000060c200000, 0x000000060c200000| Untracked 
|  87|0x000000060c400000, 0x000000060c600000, 0x000000060c600000|100%| O|  |TAMS 0x000000060c400000, 0x000000060c400000| Untracked 
|  88|0x000000060c600000, 0x000000060c800000, 0x000000060c800000|100%| O|  |TAMS 0x000000060c600000, 0x000000060c600000| Untracked 
|  89|0x000000060c800000, 0x000000060ca00000, 0x000000060ca00000|100%| O|  |TAMS 0x000000060c800000, 0x000000060c800000| Untracked 
|  90|0x000000060ca00000, 0x000000060cc00000, 0x000000060cc00000|100%| O|  |TAMS 0x000000060ca00000, 0x000000060ca00000| Untracked 
|  91|0x000000060cc00000, 0x000000060ce00000, 0x000000060ce00000|100%| O|  |TAMS 0x000000060cc00000, 0x000000060cc00000| Untracked 
|  92|0x000000060ce00000, 0x000000060d000000, 0x000000060d000000|100%| O|  |TAMS 0x000000060ce00000, 0x000000060ce00000| Untracked 
|  93|0x000000060d000000, 0x000000060d200000, 0x000000060d200000|100%| O|  |TAMS 0x000000060d000000, 0x000000060d000000| Untracked 
|  94|0x000000060d200000, 0x000000060d400000, 0x000000060d400000|100%| O|  |TAMS 0x000000060d200000, 0x000000060d200000| Untracked 
|  95|0x000000060d400000, 0x000000060d600000, 0x000000060d600000|100%| O|  |TAMS 0x000000060d400000, 0x000000060d400000| Untracked 
|  96|0x000000060d600000, 0x000000060d800000, 0x000000060d800000|100%| O|  |TAMS 0x000000060d600000, 0x000000060d600000| Untracked 
|  97|0x000000060d800000, 0x000000060d979758, 0x000000060da00000| 73%| O|  |TAMS 0x000000060d800000, 0x000000060d800000| Untracked 
|  98|0x000000060da00000, 0x000000060dc00000, 0x000000060dc00000|100%| O|  |TAMS 0x000000060da00000, 0x000000060da00000| Untracked 
|  99|0x000000060dc00000, 0x000000060de00000, 0x000000060de00000|100%| O|  |TAMS 0x000000060dc00000, 0x000000060dc00000| Untracked 
| 100|0x000000060de00000, 0x000000060e000000, 0x000000060e000000|100%|HS|  |TAMS 0x000000060de00000, 0x000000060de00000| Untracked 
| 101|0x000000060e000000, 0x000000060e200000, 0x000000060e200000|100%|HC|  |TAMS 0x000000060e000000, 0x000000060e000000| Untracked 
| 102|0x000000060e200000, 0x000000060e400000, 0x000000060e400000|100%|HC|  |TAMS 0x000000060e200000, 0x000000060e200000| Untracked 
| 103|0x000000060e400000, 0x000000060e600000, 0x000000060e600000|100%|HC|  |TAMS 0x000000060e400000, 0x000000060e400000| Untracked 
| 104|0x000000060e600000, 0x000000060e6e3830, 0x000000060e800000| 44%| O|  |TAMS 0x000000060e600000, 0x000000060e600000| Untracked 
| 105|0x000000060e800000, 0x000000060ea00000, 0x000000060ea00000|100%| O|  |TAMS 0x000000060e800000, 0x000000060e800000| Untracked 
| 106|0x000000060ea00000, 0x000000060ec00000, 0x000000060ec00000|100%| O|  |TAMS 0x000000060ea00000, 0x000000060ea00000| Untracked 
| 107|0x000000060ec00000, 0x000000060ee00000, 0x000000060ee00000|100%| O|  |TAMS 0x000000060ec00000, 0x000000060ec00000| Untracked 
| 108|0x000000060ee00000, 0x000000060f000000, 0x000000060f000000|100%| O|  |TAMS 0x000000060ee00000, 0x000000060ee00000| Untracked 
| 109|0x000000060f000000, 0x000000060f171800, 0x000000060f200000| 72%| O|  |TAMS 0x000000060f000000, 0x000000060f000000| Untracked 
| 110|0x000000060f200000, 0x000000060f200000, 0x000000060f400000|  0%| F|  |TAMS 0x000000060f200000, 0x000000060f200000| Untracked 
| 111|0x000000060f400000, 0x000000060f400000, 0x000000060f600000|  0%| F|  |TAMS 0x000000060f400000, 0x000000060f400000| Untracked 
| 112|0x000000060f600000, 0x000000060f800000, 0x000000060f800000|100%|HS|  |TAMS 0x000000060f600000, 0x000000060f600000| Untracked 
| 113|0x000000060f800000, 0x000000060fa00000, 0x000000060fa00000|100%|HC|  |TAMS 0x000000060f800000, 0x000000060f800000| Untracked 
| 114|0x000000060fa00000, 0x000000060fc00000, 0x000000060fc00000|100%|HC|  |TAMS 0x000000060fa00000, 0x000000060fa00000| Untracked 
| 115|0x000000060fc00000, 0x000000060fe00000, 0x000000060fe00000|100%|HC|  |TAMS 0x000000060fc00000, 0x000000060fc00000| Untracked 
| 116|0x000000060fe00000, 0x000000060fe00000, 0x0000000610000000|  0%| F|  |TAMS 0x000000060fe00000, 0x000000060fe00000| Untracked 
| 117|0x0000000610000000, 0x0000000610000000, 0x0000000610200000|  0%| F|  |TAMS 0x0000000610000000, 0x0000000610000000| Untracked 
| 118|0x0000000610200000, 0x0000000610200000, 0x0000000610400000|  0%| F|  |TAMS 0x0000000610200000, 0x0000000610200000| Untracked 
| 119|0x0000000610400000, 0x0000000610400000, 0x0000000610600000|  0%| F|  |TAMS 0x0000000610400000, 0x0000000610400000| Untracked 
| 120|0x0000000610600000, 0x0000000610600000, 0x0000000610800000|  0%| F|  |TAMS 0x0000000610600000, 0x0000000610600000| Untracked 
| 121|0x0000000610800000, 0x0000000610800000, 0x0000000610a00000|  0%| F|  |TAMS 0x0000000610800000, 0x0000000610800000| Untracked 
| 122|0x0000000610a00000, 0x0000000610a00000, 0x0000000610c00000|  0%| F|  |TAMS 0x0000000610a00000, 0x0000000610a00000| Untracked 
| 123|0x0000000610c00000, 0x0000000610c00000, 0x0000000610e00000|  0%| F|  |TAMS 0x0000000610c00000, 0x0000000610c00000| Untracked 
| 124|0x0000000610e00000, 0x0000000610e00000, 0x0000000611000000|  0%| F|  |TAMS 0x0000000610e00000, 0x0000000610e00000| Untracked 
| 125|0x0000000611000000, 0x0000000611000000, 0x0000000611200000|  0%| F|  |TAMS 0x0000000611000000, 0x0000000611000000| Untracked 
| 126|0x0000000611200000, 0x0000000611200000, 0x0000000611400000|  0%| F|  |TAMS 0x0000000611200000, 0x0000000611200000| Untracked 
| 127|0x0000000611400000, 0x0000000611600000, 0x0000000611600000|100%| O|  |TAMS 0x0000000611400000, 0x0000000611400000| Untracked 
| 128|0x0000000611600000, 0x0000000611800000, 0x0000000611800000|100%| O|  |TAMS 0x0000000611600000, 0x0000000611600000| Untracked 
| 129|0x0000000611800000, 0x0000000611a00000, 0x0000000611a00000|100%| O|  |TAMS 0x0000000611800000, 0x0000000611800000| Untracked 
| 130|0x0000000611a00000, 0x0000000611a00000, 0x0000000611c00000|  0%| F|  |TAMS 0x0000000611a00000, 0x0000000611a00000| Untracked 
| 131|0x0000000611c00000, 0x0000000611c00000, 0x0000000611e00000|  0%| F|  |TAMS 0x0000000611c00000, 0x0000000611c00000| Untracked 
| 132|0x0000000611e00000, 0x0000000611e00000, 0x0000000612000000|  0%| F|  |TAMS 0x0000000611e00000, 0x0000000611e00000| Untracked 
| 133|0x0000000612000000, 0x0000000612000000, 0x0000000612200000|  0%| F|  |TAMS 0x0000000612000000, 0x0000000612000000| Untracked 
| 134|0x0000000612200000, 0x0000000612200000, 0x0000000612400000|  0%| F|  |TAMS 0x0000000612200000, 0x0000000612200000| Untracked 
| 135|0x0000000612400000, 0x0000000612400000, 0x0000000612600000|  0%| F|  |TAMS 0x0000000612400000, 0x0000000612400000| Untracked 
| 136|0x0000000612600000, 0x0000000612600000, 0x0000000612800000|  0%| F|  |TAMS 0x0000000612600000, 0x0000000612600000| Untracked 
| 137|0x0000000612800000, 0x0000000612800000, 0x0000000612a00000|  0%| F|  |TAMS 0x0000000612800000, 0x0000000612800000| Untracked 
| 138|0x0000000612a00000, 0x0000000612a00000, 0x0000000612c00000|  0%| F|  |TAMS 0x0000000612a00000, 0x0000000612a00000| Untracked 
| 139|0x0000000612c00000, 0x0000000612c00000, 0x0000000612e00000|  0%| F|  |TAMS 0x0000000612c00000, 0x0000000612c00000| Untracked 
| 140|0x0000000612e00000, 0x0000000612e00000, 0x0000000613000000|  0%| F|  |TAMS 0x0000000612e00000, 0x0000000612e00000| Untracked 
| 141|0x0000000613000000, 0x0000000613000000, 0x0000000613200000|  0%| F|  |TAMS 0x0000000613000000, 0x0000000613000000| Untracked 
| 142|0x0000000613200000, 0x0000000613200000, 0x0000000613400000|  0%| F|  |TAMS 0x0000000613200000, 0x0000000613200000| Untracked 
| 143|0x0000000613400000, 0x0000000613400000, 0x0000000613600000|  0%| F|  |TAMS 0x0000000613400000, 0x0000000613400000| Untracked 
| 144|0x0000000613600000, 0x0000000613600000, 0x0000000613800000|  0%| F|  |TAMS 0x0000000613600000, 0x0000000613600000| Untracked 
| 145|0x0000000613800000, 0x0000000613988408, 0x0000000613a00000| 76%| S|CS|TAMS 0x0000000613800000, 0x0000000613800000| Complete 
| 146|0x0000000613a00000, 0x0000000613a00000, 0x0000000613c00000|  0%| F|  |TAMS 0x0000000613a00000, 0x0000000613a00000| Untracked 
| 147|0x0000000613c00000, 0x0000000613c00000, 0x0000000613e00000|  0%| F|  |TAMS 0x0000000613c00000, 0x0000000613c00000| Untracked 
| 148|0x0000000613e00000, 0x0000000613e00000, 0x0000000614000000|  0%| F|  |TAMS 0x0000000613e00000, 0x0000000613e00000| Untracked 
| 149|0x0000000614000000, 0x0000000614000000, 0x0000000614200000|  0%| F|  |TAMS 0x0000000614000000, 0x0000000614000000| Untracked 
| 150|0x0000000614200000, 0x0000000614200000, 0x0000000614400000|  0%| F|  |TAMS 0x0000000614200000, 0x0000000614200000| Untracked 
| 151|0x0000000614400000, 0x0000000614400000, 0x0000000614600000|  0%| F|  |TAMS 0x0000000614400000, 0x0000000614400000| Untracked 
| 152|0x0000000614600000, 0x0000000614600000, 0x0000000614800000|  0%| F|  |TAMS 0x0000000614600000, 0x0000000614600000| Untracked 
| 153|0x0000000614800000, 0x0000000614800000, 0x0000000614a00000|  0%| F|  |TAMS 0x0000000614800000, 0x0000000614800000| Untracked 
| 154|0x0000000614a00000, 0x0000000614a00000, 0x0000000614c00000|  0%| F|  |TAMS 0x0000000614a00000, 0x0000000614a00000| Untracked 
| 155|0x0000000614c00000, 0x0000000614c00000, 0x0000000614e00000|  0%| F|  |TAMS 0x0000000614c00000, 0x0000000614c00000| Untracked 
| 156|0x0000000614e00000, 0x0000000614e00000, 0x0000000615000000|  0%| F|  |TAMS 0x0000000614e00000, 0x0000000614e00000| Untracked 
| 157|0x0000000615000000, 0x0000000615000000, 0x0000000615200000|  0%| F|  |TAMS 0x0000000615000000, 0x0000000615000000| Untracked 
| 158|0x0000000615200000, 0x0000000615200000, 0x0000000615400000|  0%| F|  |TAMS 0x0000000615200000, 0x0000000615200000| Untracked 
| 159|0x0000000615400000, 0x0000000615400000, 0x0000000615600000|  0%| F|  |TAMS 0x0000000615400000, 0x0000000615400000| Untracked 
| 160|0x0000000615600000, 0x0000000615600000, 0x0000000615800000|  0%| F|  |TAMS 0x0000000615600000, 0x0000000615600000| Untracked 
| 161|0x0000000615800000, 0x0000000615800000, 0x0000000615a00000|  0%| F|  |TAMS 0x0000000615800000, 0x0000000615800000| Untracked 
| 162|0x0000000615a00000, 0x0000000615a00000, 0x0000000615c00000|  0%| F|  |TAMS 0x0000000615a00000, 0x0000000615a00000| Untracked 
| 163|0x0000000615c00000, 0x0000000615c00000, 0x0000000615e00000|  0%| F|  |TAMS 0x0000000615c00000, 0x0000000615c00000| Untracked 
| 164|0x0000000615e00000, 0x0000000615e00000, 0x0000000616000000|  0%| F|  |TAMS 0x0000000615e00000, 0x0000000615e00000| Untracked 
| 165|0x0000000616000000, 0x0000000616000000, 0x0000000616200000|  0%| F|  |TAMS 0x0000000616000000, 0x0000000616000000| Untracked 
| 166|0x0000000616200000, 0x0000000616200000, 0x0000000616400000|  0%| F|  |TAMS 0x0000000616200000, 0x0000000616200000| Untracked 
| 167|0x0000000616400000, 0x0000000616400000, 0x0000000616600000|  0%| F|  |TAMS 0x0000000616400000, 0x0000000616400000| Untracked 
| 168|0x0000000616600000, 0x0000000616600000, 0x0000000616800000|  0%| F|  |TAMS 0x0000000616600000, 0x0000000616600000| Untracked 
| 169|0x0000000616800000, 0x0000000616800000, 0x0000000616a00000|  0%| F|  |TAMS 0x0000000616800000, 0x0000000616800000| Untracked 
| 170|0x0000000616a00000, 0x0000000616a00000, 0x0000000616c00000|  0%| F|  |TAMS 0x0000000616a00000, 0x0000000616a00000| Untracked 
| 171|0x0000000616c00000, 0x0000000616c00000, 0x0000000616e00000|  0%| F|  |TAMS 0x0000000616c00000, 0x0000000616c00000| Untracked 
| 172|0x0000000616e00000, 0x0000000616e00000, 0x0000000617000000|  0%| F|  |TAMS 0x0000000616e00000, 0x0000000616e00000| Untracked 
| 173|0x0000000617000000, 0x0000000617000000, 0x0000000617200000|  0%| F|  |TAMS 0x0000000617000000, 0x0000000617000000| Untracked 
| 174|0x0000000617200000, 0x0000000617200000, 0x0000000617400000|  0%| F|  |TAMS 0x0000000617200000, 0x0000000617200000| Untracked 
| 175|0x0000000617400000, 0x0000000617400000, 0x0000000617600000|  0%| F|  |TAMS 0x0000000617400000, 0x0000000617400000| Untracked 
| 176|0x0000000617600000, 0x0000000617600000, 0x0000000617800000|  0%| F|  |TAMS 0x0000000617600000, 0x0000000617600000| Untracked 
| 177|0x0000000617800000, 0x0000000617800000, 0x0000000617a00000|  0%| F|  |TAMS 0x0000000617800000, 0x0000000617800000| Untracked 
| 178|0x0000000617a00000, 0x0000000617a00000, 0x0000000617c00000|  0%| F|  |TAMS 0x0000000617a00000, 0x0000000617a00000| Untracked 
| 179|0x0000000617c00000, 0x0000000617c00000, 0x0000000617e00000|  0%| F|  |TAMS 0x0000000617c00000, 0x0000000617c00000| Untracked 
| 180|0x0000000617e00000, 0x0000000617e00000, 0x0000000618000000|  0%| F|  |TAMS 0x0000000617e00000, 0x0000000617e00000| Untracked 
| 181|0x0000000618000000, 0x0000000618000000, 0x0000000618200000|  0%| F|  |TAMS 0x0000000618000000, 0x0000000618000000| Untracked 
| 182|0x0000000618200000, 0x0000000618200000, 0x0000000618400000|  0%| F|  |TAMS 0x0000000618200000, 0x0000000618200000| Untracked 
| 183|0x0000000618400000, 0x0000000618400000, 0x0000000618600000|  0%| F|  |TAMS 0x0000000618400000, 0x0000000618400000| Untracked 
| 184|0x0000000618600000, 0x0000000618600000, 0x0000000618800000|  0%| F|  |TAMS 0x0000000618600000, 0x0000000618600000| Untracked 
| 185|0x0000000618800000, 0x0000000618800000, 0x0000000618a00000|  0%| F|  |TAMS 0x0000000618800000, 0x0000000618800000| Untracked 
| 186|0x0000000618a00000, 0x0000000618a00000, 0x0000000618c00000|  0%| F|  |TAMS 0x0000000618a00000, 0x0000000618a00000| Untracked 
| 187|0x0000000618c00000, 0x0000000618c00000, 0x0000000618e00000|  0%| F|  |TAMS 0x0000000618c00000, 0x0000000618c00000| Untracked 
| 188|0x0000000618e00000, 0x0000000618e00000, 0x0000000619000000|  0%| F|  |TAMS 0x0000000618e00000, 0x0000000618e00000| Untracked 
| 189|0x0000000619000000, 0x0000000619000000, 0x0000000619200000|  0%| F|  |TAMS 0x0000000619000000, 0x0000000619000000| Untracked 
| 190|0x0000000619200000, 0x0000000619200000, 0x0000000619400000|  0%| F|  |TAMS 0x0000000619200000, 0x0000000619200000| Untracked 
| 191|0x0000000619400000, 0x0000000619400000, 0x0000000619600000|  0%| F|  |TAMS 0x0000000619400000, 0x0000000619400000| Untracked 
| 192|0x0000000619600000, 0x0000000619600000, 0x0000000619800000|  0%| F|  |TAMS 0x0000000619600000, 0x0000000619600000| Untracked 
| 193|0x0000000619800000, 0x0000000619800000, 0x0000000619a00000|  0%| F|  |TAMS 0x0000000619800000, 0x0000000619800000| Untracked 
| 194|0x0000000619a00000, 0x0000000619a00000, 0x0000000619c00000|  0%| F|  |TAMS 0x0000000619a00000, 0x0000000619a00000| Untracked 
| 195|0x0000000619c00000, 0x0000000619c00000, 0x0000000619e00000|  0%| F|  |TAMS 0x0000000619c00000, 0x0000000619c00000| Untracked 
| 196|0x0000000619e00000, 0x0000000619e00000, 0x000000061a000000|  0%| F|  |TAMS 0x0000000619e00000, 0x0000000619e00000| Untracked 
| 197|0x000000061a000000, 0x000000061a000000, 0x000000061a200000|  0%| F|  |TAMS 0x000000061a000000, 0x000000061a000000| Untracked 
| 198|0x000000061a200000, 0x000000061a200000, 0x000000061a400000|  0%| F|  |TAMS 0x000000061a200000, 0x000000061a200000| Untracked 
| 199|0x000000061a400000, 0x000000061a400000, 0x000000061a600000|  0%| F|  |TAMS 0x000000061a400000, 0x000000061a400000| Untracked 
| 200|0x000000061a600000, 0x000000061a600000, 0x000000061a800000|  0%| F|  |TAMS 0x000000061a600000, 0x000000061a600000| Untracked 
| 201|0x000000061a800000, 0x000000061a800000, 0x000000061aa00000|  0%| F|  |TAMS 0x000000061a800000, 0x000000061a800000| Untracked 
| 202|0x000000061aa00000, 0x000000061aa00000, 0x000000061ac00000|  0%| F|  |TAMS 0x000000061aa00000, 0x000000061aa00000| Untracked 
| 203|0x000000061ac00000, 0x000000061ac00000, 0x000000061ae00000|  0%| F|  |TAMS 0x000000061ac00000, 0x000000061ac00000| Untracked 
| 204|0x000000061ae00000, 0x000000061ae00000, 0x000000061b000000|  0%| F|  |TAMS 0x000000061ae00000, 0x000000061ae00000| Untracked 
| 205|0x000000061b000000, 0x000000061b000000, 0x000000061b200000|  0%| F|  |TAMS 0x000000061b000000, 0x000000061b000000| Untracked 
| 206|0x000000061b200000, 0x000000061b200000, 0x000000061b400000|  0%| F|  |TAMS 0x000000061b200000, 0x000000061b200000| Untracked 
| 207|0x000000061b400000, 0x000000061b400000, 0x000000061b600000|  0%| F|  |TAMS 0x000000061b400000, 0x000000061b400000| Untracked 
| 208|0x000000061b600000, 0x000000061b600000, 0x000000061b800000|  0%| F|  |TAMS 0x000000061b600000, 0x000000061b600000| Untracked 
| 209|0x000000061b800000, 0x000000061b800000, 0x000000061ba00000|  0%| F|  |TAMS 0x000000061b800000, 0x000000061b800000| Untracked 
| 210|0x000000061ba00000, 0x000000061ba00000, 0x000000061bc00000|  0%| F|  |TAMS 0x000000061ba00000, 0x000000061ba00000| Untracked 
| 211|0x000000061bc00000, 0x000000061bc00000, 0x000000061be00000|  0%| F|  |TAMS 0x000000061bc00000, 0x000000061bc00000| Untracked 
| 212|0x000000061be00000, 0x000000061be00000, 0x000000061c000000|  0%| F|  |TAMS 0x000000061be00000, 0x000000061be00000| Untracked 
| 213|0x000000061c000000, 0x000000061c000000, 0x000000061c200000|  0%| F|  |TAMS 0x000000061c000000, 0x000000061c000000| Untracked 
| 214|0x000000061c200000, 0x000000061c200000, 0x000000061c400000|  0%| F|  |TAMS 0x000000061c200000, 0x000000061c200000| Untracked 
| 215|0x000000061c400000, 0x000000061c400000, 0x000000061c600000|  0%| F|  |TAMS 0x000000061c400000, 0x000000061c400000| Untracked 
| 216|0x000000061c600000, 0x000000061c600000, 0x000000061c800000|  0%| F|  |TAMS 0x000000061c600000, 0x000000061c600000| Untracked 
| 217|0x000000061c800000, 0x000000061c800000, 0x000000061ca00000|  0%| F|  |TAMS 0x000000061c800000, 0x000000061c800000| Untracked 
| 218|0x000000061ca00000, 0x000000061ca00000, 0x000000061cc00000|  0%| F|  |TAMS 0x000000061ca00000, 0x000000061ca00000| Untracked 
| 219|0x000000061cc00000, 0x000000061cc00000, 0x000000061ce00000|  0%| F|  |TAMS 0x000000061cc00000, 0x000000061cc00000| Untracked 
| 220|0x000000061ce00000, 0x000000061ce00000, 0x000000061d000000|  0%| F|  |TAMS 0x000000061ce00000, 0x000000061ce00000| Untracked 
| 221|0x000000061d000000, 0x000000061d000000, 0x000000061d200000|  0%| F|  |TAMS 0x000000061d000000, 0x000000061d000000| Untracked 
| 222|0x000000061d200000, 0x000000061d200000, 0x000000061d400000|  0%| F|  |TAMS 0x000000061d200000, 0x000000061d200000| Untracked 
| 223|0x000000061d400000, 0x000000061d400000, 0x000000061d600000|  0%| F|  |TAMS 0x000000061d400000, 0x000000061d400000| Untracked 
| 224|0x000000061d600000, 0x000000061d600000, 0x000000061d800000|  0%| F|  |TAMS 0x000000061d600000, 0x000000061d600000| Untracked 
| 225|0x000000061d800000, 0x000000061d800000, 0x000000061da00000|  0%| F|  |TAMS 0x000000061d800000, 0x000000061d800000| Untracked 
| 226|0x000000061da00000, 0x000000061da00000, 0x000000061dc00000|  0%| F|  |TAMS 0x000000061da00000, 0x000000061da00000| Untracked 
| 227|0x000000061dc00000, 0x000000061dc00000, 0x000000061de00000|  0%| F|  |TAMS 0x000000061dc00000, 0x000000061dc00000| Untracked 
| 228|0x000000061de00000, 0x000000061de00000, 0x000000061e000000|  0%| F|  |TAMS 0x000000061de00000, 0x000000061de00000| Untracked 
| 229|0x000000061e000000, 0x000000061e000000, 0x000000061e200000|  0%| F|  |TAMS 0x000000061e000000, 0x000000061e000000| Untracked 
| 230|0x000000061e200000, 0x000000061e200000, 0x000000061e400000|  0%| F|  |TAMS 0x000000061e200000, 0x000000061e200000| Untracked 
| 231|0x000000061e400000, 0x000000061e400000, 0x000000061e600000|  0%| F|  |TAMS 0x000000061e400000, 0x000000061e400000| Untracked 
| 232|0x000000061e600000, 0x000000061e600000, 0x000000061e800000|  0%| F|  |TAMS 0x000000061e600000, 0x000000061e600000| Untracked 
| 233|0x000000061e800000, 0x000000061e800000, 0x000000061ea00000|  0%| F|  |TAMS 0x000000061e800000, 0x000000061e800000| Untracked 
| 234|0x000000061ea00000, 0x000000061ea00000, 0x000000061ec00000|  0%| F|  |TAMS 0x000000061ea00000, 0x000000061ea00000| Untracked 
| 235|0x000000061ec00000, 0x000000061ec00000, 0x000000061ee00000|  0%| F|  |TAMS 0x000000061ec00000, 0x000000061ec00000| Untracked 
| 236|0x000000061ee00000, 0x000000061ee00000, 0x000000061f000000|  0%| F|  |TAMS 0x000000061ee00000, 0x000000061ee00000| Untracked 
| 237|0x000000061f000000, 0x000000061f000000, 0x000000061f200000|  0%| F|  |TAMS 0x000000061f000000, 0x000000061f000000| Untracked 
| 238|0x000000061f200000, 0x000000061f200000, 0x000000061f400000|  0%| F|  |TAMS 0x000000061f200000, 0x000000061f200000| Untracked 
| 239|0x000000061f400000, 0x000000061f400000, 0x000000061f600000|  0%| F|  |TAMS 0x000000061f400000, 0x000000061f400000| Untracked 
| 240|0x000000061f600000, 0x000000061f600000, 0x000000061f800000|  0%| F|  |TAMS 0x000000061f600000, 0x000000061f600000| Untracked 
| 241|0x000000061f800000, 0x000000061f800000, 0x000000061fa00000|  0%| F|  |TAMS 0x000000061f800000, 0x000000061f800000| Untracked 
| 242|0x000000061fa00000, 0x000000061fa00000, 0x000000061fc00000|  0%| F|  |TAMS 0x000000061fa00000, 0x000000061fa00000| Untracked 
| 243|0x000000061fc00000, 0x000000061fc00000, 0x000000061fe00000|  0%| F|  |TAMS 0x000000061fc00000, 0x000000061fc00000| Untracked 
| 244|0x000000061fe00000, 0x000000061fe00000, 0x0000000620000000|  0%| F|  |TAMS 0x000000061fe00000, 0x000000061fe00000| Untracked 
| 245|0x0000000620000000, 0x0000000620000000, 0x0000000620200000|  0%| F|  |TAMS 0x0000000620000000, 0x0000000620000000| Untracked 
| 246|0x0000000620200000, 0x00000006202dbef0, 0x0000000620400000| 42%| E|  |TAMS 0x0000000620200000, 0x0000000620200000| Complete 
| 247|0x0000000620400000, 0x0000000620600000, 0x0000000620600000|100%| E|CS|TAMS 0x0000000620400000, 0x0000000620400000| Complete 
| 248|0x0000000620600000, 0x0000000620800000, 0x0000000620800000|100%| E|CS|TAMS 0x0000000620600000, 0x0000000620600000| Complete 
| 249|0x0000000620800000, 0x0000000620a00000, 0x0000000620a00000|100%| E|CS|TAMS 0x0000000620800000, 0x0000000620800000| Complete 
| 250|0x0000000620a00000, 0x0000000620c00000, 0x0000000620c00000|100%| E|CS|TAMS 0x0000000620a00000, 0x0000000620a00000| Complete 
| 251|0x0000000620c00000, 0x0000000620e00000, 0x0000000620e00000|100%| E|CS|TAMS 0x0000000620c00000, 0x0000000620c00000| Complete 
| 252|0x0000000620e00000, 0x0000000621000000, 0x0000000621000000|100%| E|CS|TAMS 0x0000000620e00000, 0x0000000620e00000| Complete 
| 253|0x0000000621000000, 0x0000000621200000, 0x0000000621200000|100%| E|CS|TAMS 0x0000000621000000, 0x0000000621000000| Complete 

Card table byte_map: [0x000001ad77e30000,0x000001ad78e30000] _byte_map_base: 0x000001ad74e25000

Marking Bits (Prev, Next): (CMBitMap*) 0x000001ad6ded0e58, (CMBitMap*) 0x000001ad6ded0e90
 Prev Bits: [0x000001ad0f000000, 0x000001ad16fa8000)
 Next Bits: [0x000001ad16fb0000, 0x000001ad1ef58000)

Polling page: 0x000001ad6df20000

Metaspace:

Usage:
  Non-class:     68.36 MB capacity,    66.95 MB ( 98%) used,     1.11 MB (  2%) free+waste,   311.31 KB ( <1%) overhead. 
      Class:     10.03 MB capacity,     9.02 MB ( 90%) used,   880.23 KB (  9%) free+waste,   148.13 KB (  1%) overhead. 
       Both:     78.39 MB capacity,    75.98 MB ( 97%) used,     1.97 MB (  3%) free+waste,   459.44 KB ( <1%) overhead. 

Virtual space:
  Non-class space:       70.00 MB reserved,      69.49 MB (>99%) committed 
      Class space:        1.00 GB reserved,      10.63 MB (  1%) committed 
             Both:        1.07 GB reserved,      80.12 MB (  7%) committed 

Chunk freelists:
   Non-Class:  128.38 KB
       Class:  68.50 KB
        Both:  196.88 KB

CodeHeap 'non-profiled nmethods': size=238336Kb used=41760Kb max_used=41760Kb free=196575Kb
 bounds [0x000001ad00740000, 0x000001ad03010000, 0x000001ad0f000000]
CodeHeap 'non-nmethods': size=7424Kb used=1594Kb max_used=3284Kb free=5829Kb
 bounds [0x000001ad00000000, 0x000001ad00400000, 0x000001ad00740000]
 total_blobs=18506 nmethods=17194 adapters=1055
 compilation: enabled
              stopped_count=0, restarted_count=0
 full_count=0

Compilation events (10 events):
Event: 46049.954 Thread 0x000001ad7d5b8800 17302       1       java.net.Socket::checkAddress (47 bytes)
Event: 46049.955 Thread 0x000001ad7d5b8800 nmethod 17302 0x000001ad03006310 code [0x000001ad03006520, 0x000001ad03006a20]
Event: 46049.976 Thread 0x000001ad7d5b8800 17304       1       java.net.Socket::setConnected (6 bytes)
Event: 46049.977 Thread 0x000001ad7d5b8800 nmethod 17304 0x000001ad03006c10 code [0x000001ad03006dc0, 0x000001ad03006ed8]
Event: 46060.159 Thread 0x000001ad7d5b8800 17305       1       iw::<init> (121 bytes)
Event: 46060.160 Thread 0x000001ad7d5b8800 nmethod 17305 0x000001ad03006f90 code [0x000001ad03007140, 0x000001ad030072d8]
Event: 46136.494 Thread 0x000001ad7d5b8800 17306       1       sun.security.ssl.SSLSessionContextImpl::remove (43 bytes)
Event: 46136.497 Thread 0x000001ad7d5b8800 nmethod 17306 0x000001ad03007410 code [0x000001ad03007660, 0x000001ad03007a70]
Event: 46269.162 Thread 0x000001ad7d5b8800 17307       1       okhttp3.internal.Util::checkOffsetAndCount (33 bytes)
Event: 46269.163 Thread 0x000001ad7d5b8800 nmethod 17307 0x000001ad03007d10 code [0x000001ad03007ec0, 0x000001ad03008090]

GC Heap History (10 events):
Event: 46449.199 GC heap before
{Heap before GC invocations=9238 (full 31):
 garbage-first heap   total 520192K, used 447629K [0x0000000601600000, 0x0000000800000000)
  region size 2048K, 109 young (223232K), 4 survivors (8192K)
 Metaspace       used 77800K, capacity 80273K, committed 82040K, reserved 1120256K
  class space    used 9239K, capacity 10268K, committed 10880K, reserved 1048576K
}
Event: 46449.202 GC heap after
{Heap after GC invocations=9239 (full 31):
 garbage-first heap   total 520192K, used 232693K [0x0000000601600000, 0x0000000800000000)
  region size 2048K, 4 young (8192K), 4 survivors (8192K)
 Metaspace       used 77800K, capacity 80273K, committed 82040K, reserved 1120256K
  class space    used 9239K, capacity 10268K, committed 10880K, reserved 1048576K
}
Event: 46471.788 GC heap before
{Heap before GC invocations=9239 (full 31):
 garbage-first heap   total 520192K, used 447733K [0x0000000601600000, 0x0000000800000000)
  region size 2048K, 109 young (223232K), 4 survivors (8192K)
 Metaspace       used 77800K, capacity 80273K, committed 82040K, reserved 1120256K
  class space    used 9239K, capacity 10268K, committed 10880K, reserved 1048576K
}
Event: 46471.790 GC heap after
{Heap after GC invocations=9240 (full 31):
 garbage-first heap   total 520192K, used 232733K [0x0000000601600000, 0x0000000800000000)
  region size 2048K, 4 young (8192K), 4 survivors (8192K)
 Metaspace       used 77800K, capacity 80273K, committed 82040K, reserved 1120256K
  class space    used 9239K, capacity 10268K, committed 10880K, reserved 1048576K
}
Event: 46483.636 GC heap before
{Heap before GC invocations=9240 (full 31):
 garbage-first heap   total 520192K, used 447773K [0x0000000601600000, 0x0000000800000000)
  region size 2048K, 109 young (223232K), 4 survivors (8192K)
 Metaspace       used 77800K, capacity 80273K, committed 82040K, reserved 1120256K
  class space    used 9239K, capacity 10268K, committed 10880K, reserved 1048576K
}
Event: 46483.646 GC heap after
{Heap after GC invocations=9241 (full 31):
 garbage-first heap   total 520192K, used 232864K [0x0000000601600000, 0x0000000800000000)
  region size 2048K, 2 young (4096K), 2 survivors (4096K)
 Metaspace       used 77800K, capacity 80273K, committed 82040K, reserved 1120256K
  class space    used 9239K, capacity 10268K, committed 10880K, reserved 1048576K
}
Event: 46499.103 GC heap before
{Heap before GC invocations=9241 (full 31):
 garbage-first heap   total 520192K, used 452000K [0x0000000601600000, 0x0000000800000000)
  region size 2048K, 109 young (223232K), 2 survivors (4096K)
 Metaspace       used 77800K, capacity 80273K, committed 82040K, reserved 1120256K
  class space    used 9239K, capacity 10268K, committed 10880K, reserved 1048576K
}
Event: 46499.105 GC heap after
{Heap after GC invocations=9242 (full 31):
 garbage-first heap   total 520192K, used 232607K [0x0000000601600000, 0x0000000800000000)
  region size 2048K, 1 young (2048K), 1 survivors (2048K)
 Metaspace       used 77800K, capacity 80273K, committed 82040K, reserved 1120256K
  class space    used 9239K, capacity 10268K, committed 10880K, reserved 1048576K
}
Event: 46515.531 GC heap before
{Heap before GC invocations=9242 (full 31):
 garbage-first heap   total 520192K, used 453791K [0x0000000601600000, 0x0000000800000000)
  region size 2048K, 109 young (223232K), 1 survivors (2048K)
 Metaspace       used 77800K, capacity 80273K, committed 82040K, reserved 1120256K
  class space    used 9239K, capacity 10268K, committed 10880K, reserved 1048576K
}
Event: 46515.534 GC heap after
{Heap after GC invocations=9243 (full 31):
 garbage-first heap   total 520192K, used 232334K [0x0000000601600000, 0x0000000800000000)
  region size 2048K, 1 young (2048K), 1 survivors (2048K)
 Metaspace       used 77800K, capacity 80273K, committed 82040K, reserved 1120256K
  class space    used 9239K, capacity 10268K, committed 10880K, reserved 1048576K
}

Deoptimization events (0 events):
No events

Classes redefined (0 events):
No events

Internal exceptions (10 events):
Event: 46468.172 Thread 0x000001ad7d686800 Exception <a 'java/lang/NullPointerException'{0x000000061659f770}> (0x000000061659f770) thrown at [t:/workspace/open/src/hotspot/share/runtime/sharedRuntime.cpp, line 584]
Event: 46471.713 Thread 0x000001ad7d686800 Implicit null exception at 0x000001ad010385aa to 0x000001ad010385e4
Event: 46471.713 Thread 0x000001ad7d686800 Exception <a 'java/lang/NullPointerException'{0x00000006141e1e30}> (0x00000006141e1e30) thrown at [t:/workspace/open/src/hotspot/share/runtime/sharedRuntime.cpp, line 584]
Event: 46473.532 Thread 0x000001ad7d686800 Implicit null exception at 0x000001ad010385aa to 0x000001ad010385e4
Event: 46473.532 Thread 0x000001ad7d686800 Exception <a 'java/lang/NullPointerException'{0x000000061eae05e0}> (0x000000061eae05e0) thrown at [t:/workspace/open/src/hotspot/share/runtime/sharedRuntime.cpp, line 584]
Event: 46507.792 Thread 0x000001ad7d686800 Implicit null exception at 0x000001ad010385aa to 0x000001ad010385e4
Event: 46507.792 Thread 0x000001ad7d686800 Exception <a 'java/lang/NullPointerException'{0x0000000619c37568}> (0x0000000619c37568) thrown at [t:/workspace/open/src/hotspot/share/runtime/sharedRuntime.cpp, line 584]
Event: 46511.351 Thread 0x000001ad7d686800 Implicit null exception at 0x000001ad010385aa to 0x000001ad010385e4
Event: 46511.351 Thread 0x000001ad7d686800 Exception <a 'java/lang/NullPointerException'{0x0000000617828248}> (0x0000000617828248) thrown at [t:/workspace/open/src/hotspot/share/runtime/sharedRuntime.cpp, line 584]
Event: 46516.254 Thread 0x000001ad7d682000 Exception <a 'java/net/SocketException'{0x0000000620200838}: Socket closed> (0x0000000620200838) thrown at [t:/workspace/open/src/hotspot/share/prims/jni.cpp, line 636]

Events (10 events):
Event: 46512.039 Thread 0x000001ad2691f000 Thread exited: 0x000001ad2691f000
Event: 46515.530 Executing VM operation: G1CollectForAllocation
Event: 46515.534 Executing VM operation: G1CollectForAllocation done
Event: 46516.252 Executing VM operation: RevokeBias
Event: 46516.253 Executing VM operation: RevokeBias done
Event: 46516.253 Executing VM operation: RevokeBias
Event: 46516.253 Executing VM operation: RevokeBias done
Event: 46516.254 Thread 0x000001ad7d689000 Thread exited: 0x000001ad7d689000
Event: 46516.254 Thread 0x000001ad7d682000 Thread exited: 0x000001ad7d682000
Event: 46516.378 Executing VM operation: G1CollectFull


Dynamic libraries:
0x00007ff6fd7f0000 - 0x00007ff6fd835000 	C:\Program Files\Java\jdk-11.0.2\bin\javaw.exe
0x00007ffd2cfb0000 - 0x00007ffd2d1a8000 	C:\Windows\SYSTEM32\ntdll.dll
0x00007ffd2bf50000 - 0x00007ffd2c012000 	C:\Windows\System32\KERNEL32.DLL
0x00007ffd2aa20000 - 0x00007ffd2ad16000 	C:\Windows\System32\KERNELBASE.dll
0x00007ffd2cb80000 - 0x00007ffd2cd21000 	C:\Windows\System32\USER32.dll
0x00007ffd2ae70000 - 0x00007ffd2ae92000 	C:\Windows\System32\win32u.dll
0x00007ffd2c3e0000 - 0x00007ffd2c40b000 	C:\Windows\System32\GDI32.dll
0x00007ffd2a820000 - 0x00007ffd2a939000 	C:\Windows\System32\gdi32full.dll
0x00007ffd2af30000 - 0x00007ffd2afcd000 	C:\Windows\System32\msvcp_win.dll
0x00007ffd2ad20000 - 0x00007ffd2ae20000 	C:\Windows\System32\ucrtbase.dll
0x00007ffd1f370000 - 0x00007ffd1f60b000 	C:\Windows\WinSxS\amd64_microsoft.windows.common-controls_6595b64144ccf1df_6.0.19041.6456_none_60b8a6cb71f64256\COMCTL32.dll
0x00007ffd2b430000 - 0x00007ffd2b4ce000 	C:\Windows\System32\msvcrt.dll
0x00007ffd2bbb0000 - 0x00007ffd2bbdf000 	C:\Windows\System32\IMM32.DLL
0x00007ffd19be0000 - 0x00007ffd19bf6000 	C:\Program Files\Java\jdk-11.0.2\bin\vcruntime140.dll
0x00007ffcfabe0000 - 0x00007ffcfac8a000 	C:\Program Files\Java\jdk-11.0.2\bin\msvcp140.dll
0x00007ffc9f3b0000 - 0x00007ffc9fed3000 	C:\Program Files\Java\jdk-11.0.2\bin\server\jvm.dll
0x00007ffd2cd90000 - 0x00007ffd2ce41000 	C:\Windows\System32\ADVAPI32.dll
0x00007ffd2b0c0000 - 0x00007ffd2b15f000 	C:\Windows\System32\sechost.dll
0x00007ffd2b160000 - 0x00007ffd2b280000 	C:\Windows\System32\RPCRT4.dll
0x00007ffd2a940000 - 0x00007ffd2a967000 	C:\Windows\System32\bcrypt.dll
0x00007ffd2b6d0000 - 0x00007ffd2b6d8000 	C:\Windows\System32\PSAPI.DLL
0x00007ffd100a0000 - 0x00007ffd100a9000 	C:\Windows\SYSTEM32\WSOCK32.dll
0x00007ffd1c970000 - 0x00007ffd1c997000 	C:\Windows\SYSTEM32\WINMM.dll
0x00007ffd22f90000 - 0x00007ffd22f9a000 	C:\Windows\SYSTEM32\VERSION.dll
0x00007ffd2c2c0000 - 0x00007ffd2c32b000 	C:\Windows\System32\WS2_32.dll
0x00007ffd28490000 - 0x00007ffd284a2000 	C:\Windows\SYSTEM32\kernel.appcore.dll
0x00007ffd10b80000 - 0x00007ffd10b91000 	C:\Program Files\Java\jdk-11.0.2\bin\verify.dll
0x00007ffd22050000 - 0x00007ffd22251000 	C:\Windows\SYSTEM32\DBGHELP.DLL
0x00007ffd09770000 - 0x00007ffd097a4000 	C:\Windows\SYSTEM32\dbgcore.DLL
0x00007ffd2aea0000 - 0x00007ffd2af22000 	C:\Windows\System32\bcryptPrimitives.dll
0x00007ffd10a90000 - 0x00007ffd10ab8000 	C:\Program Files\Java\jdk-11.0.2\bin\java.dll
0x00007ffd10b60000 - 0x00007ffd10b76000 	C:\Program Files\Java\jdk-11.0.2\bin\zip.dll
0x00007ffd208a0000 - 0x00007ffd208aa000 	C:\Program Files\Java\jdk-11.0.2\bin\jimage.dll
0x00007ffd2c410000 - 0x00007ffd2cb80000 	C:\Windows\System32\SHELL32.dll
0x00007ffd28690000 - 0x00007ffd28e35000 	C:\Windows\SYSTEM32\windows.storage.dll
0x00007ffd2bbe0000 - 0x00007ffd2bf34000 	C:\Windows\System32\combase.dll
0x00007ffd29f90000 - 0x00007ffd29fbb000 	C:\Windows\SYSTEM32\Wldp.dll
0x00007ffd2b600000 - 0x00007ffd2b6cd000 	C:\Windows\System32\OLEAUT32.dll
0x00007ffd2b4d0000 - 0x00007ffd2b57d000 	C:\Windows\System32\SHCORE.dll
0x00007ffd2cd30000 - 0x00007ffd2cd8b000 	C:\Windows\System32\shlwapi.dll
0x00007ffd2a570000 - 0x00007ffd2a594000 	C:\Windows\SYSTEM32\profapi.dll
0x00007ffd07030000 - 0x00007ffd07049000 	C:\Program Files\Java\jdk-11.0.2\bin\net.dll
0x00007ffd19100000 - 0x00007ffd192f2000 	C:\Windows\SYSTEM32\urlmon.dll
0x00007ffd23e00000 - 0x00007ffd23f0a000 	C:\Windows\SYSTEM32\WINHTTP.dll
0x00007ffd19300000 - 0x00007ffd195bf000 	C:\Windows\SYSTEM32\iertutil.dll
0x00007ffd24320000 - 0x00007ffd24348000 	C:\Windows\SYSTEM32\srvcli.dll
0x00007ffd29a60000 - 0x00007ffd29a6c000 	C:\Windows\SYSTEM32\netutils.dll
0x00007ffd29d70000 - 0x00007ffd29dda000 	C:\Windows\system32\mswsock.dll
0x00007ffd04e40000 - 0x00007ffd04e53000 	C:\Program Files\Java\jdk-11.0.2\bin\nio.dll
0x00007ffd20870000 - 0x00007ffd2087d000 	C:\Program Files\Java\jdk-11.0.2\bin\sunmscapi.dll
0x00007ffd2a640000 - 0x00007ffd2a79d000 	C:\Windows\System32\CRYPT32.dll
0x00007ffd2a0e0000 - 0x00007ffd2a107000 	C:\Windows\SYSTEM32\ncrypt.dll
0x00007ffd2a0a0000 - 0x00007ffd2a0db000 	C:\Windows\SYSTEM32\NTASN1.dll
0x00007ffd04d30000 - 0x00007ffd04d57000 	C:\Program Files\Java\jdk-11.0.2\bin\sunec.dll
0x00007ffd2a200000 - 0x00007ffd2a212000 	C:\Windows\SYSTEM32\MSASN1.dll
0x00007ffd29fd0000 - 0x00007ffd29fe8000 	C:\Windows\SYSTEM32\CRYPTSP.dll
0x00007ffd29640000 - 0x00007ffd29678000 	C:\Windows\system32\rsaenh.dll
0x00007ffd29f00000 - 0x00007ffd29f0c000 	C:\Windows\SYSTEM32\CRYPTBASE.dll
0x00007ffd28e50000 - 0x00007ffd28e73000 	C:\Windows\SYSTEM32\gpapi.dll
0x00007ffd2a530000 - 0x00007ffd2a55e000 	C:\Windows\SYSTEM32\USERENV.dll
0x00007ffd2a430000 - 0x00007ffd2a43a000 	C:\Windows\SYSTEM32\DPAPI.dll
0x00007ffd29a20000 - 0x00007ffd29a5b000 	C:\Windows\SYSTEM32\IPHLPAPI.DLL
0x00007ffd2c290000 - 0x00007ffd2c298000 	C:\Windows\System32\NSI.dll
0x00007ffd24ba0000 - 0x00007ffd24bb7000 	C:\Windows\SYSTEM32\dhcpcsvc6.DLL
0x00007ffd24b30000 - 0x00007ffd24b4d000 	C:\Windows\SYSTEM32\dhcpcsvc.DLL
0x00007ffd29a70000 - 0x00007ffd29b3a000 	C:\Windows\SYSTEM32\DNSAPI.dll
0x00007ffcf57a0000 - 0x00007ffcf593e000 	C:\Program Files\Java\jdk-11.0.2\bin\awt.dll
0x00007ffd25d20000 - 0x00007ffd262e0000 	C:\Windows\SYSTEM32\d2d1.dll
0x00007ffd276f0000 - 0x00007ffd27784000 	C:\Windows\SYSTEM32\apphelp.dll
0x00007ffd27eb0000 - 0x00007ffd27f4e000 	C:\Windows\system32\uxtheme.dll
0x00007ffd2ce50000 - 0x00007ffd2cf65000 	C:\Windows\System32\MSCTF.dll
0x00007ffd2c020000 - 0x00007ffd2c14b000 	C:\Windows\System32\ole32.dll
0x00007ffd281c0000 - 0x00007ffd281ee000 	C:\Windows\system32\DWMAPI.DLL
0x00007ffcb83c0000 - 0x00007ffcb84e8000 	C:\Windows\system32\opengl32.dll
0x00007ffcb8390000 - 0x00007ffcb83bc000 	C:\Windows\SYSTEM32\GLU32.dll
0x00007ffcac240000 - 0x00007ffcac2c0000 	C:\Program Files\Java\jdk-11.0.2\bin\freetype.dll
0x00007ffcac1d0000 - 0x00007ffcac23f000 	C:\Program Files\Java\jdk-11.0.2\bin\fontmanager.dll
0x00007ffcfecf0000 - 0x00007ffcfede9000 	C:\Windows\SYSTEM32\textinputframework.dll
0x00007ffd267d0000 - 0x00007ffd268c2000 	C:\Windows\System32\CoreMessaging.dll
0x00007ffd25560000 - 0x00007ffd258bb000 	C:\Windows\System32\CoreUIComponents.dll
0x00007ffd29890000 - 0x00007ffd298c3000 	C:\Windows\SYSTEM32\ntmarta.dll
0x00007ffd252b0000 - 0x00007ffd25407000 	C:\Windows\SYSTEM32\wintypes.dll
0x00007ffd1f250000 - 0x00007ffd1f2b6000 	C:\Windows\system32\Oleacc.dll
0x00007ffd20840000 - 0x00007ffd20849000 	C:\Program Files\Java\jdk-11.0.2\bin\management.dll
0x00007ffd1f150000 - 0x00007ffd1f15c000 	C:\Program Files\Java\jdk-11.0.2\bin\management_ext.dll
0x00007ffd22320000 - 0x00007ffd2232a000 	C:\Windows\System32\rasadhlp.dll
0x00007ffd238c0000 - 0x00007ffd23940000 	C:\Windows\System32\fwpuclnt.dll
0x00007ffc9e6e0000 - 0x00007ffc9e724000 	C:\Users\mahnr\AppData\Local\Temp\jna-103656984\jna13674039955274940099.dll
0x00007ffc9ce90000 - 0x00007ffc9cf2c000 	C:\Users\mahnr\AppData\Local\Temp\jna-103656984\jna3338274963115862479.dll
0x00007ffcabfb0000 - 0x00007ffcac02f000 	C:\Program Files\Java\jdk-11.0.2\bin\mlib_image.dll
0x00007ffd04a20000 - 0x00007ffd04a26000 	C:\Users\mahnr\AppData\Local\Temp\flatlaf.temp\flatlaf-windows-x86_64-1535790918620000.dll
0x00007ffd0a2b0000 - 0x00007ffd0a2b7000 	C:\Program Files\Java\jdk-11.0.2\bin\jawt.dll
0x00007ffd04d00000 - 0x00007ffd04d12000 	C:\Program Files\Java\jdk-11.0.2\bin\jsound.dll
0x00007ffcf9c50000 - 0x00007ffcf9cec000 	C:\Windows\SYSTEM32\DSOUND.dll
0x00007ffd29b90000 - 0x00007ffd29bdb000 	C:\Windows\SYSTEM32\powrprof.dll
0x00007ffcfb930000 - 0x00007ffcfb956000 	C:\Windows\SYSTEM32\winmmbase.dll
0x00007ffd29a00000 - 0x00007ffd29a12000 	C:\Windows\SYSTEM32\UMPDC.dll
0x00007ffd2c330000 - 0x00007ffd2c3d9000 	C:\Windows\System32\clbcatq.dll
0x00007ffd1fc50000 - 0x00007ffd1fcd5000 	C:\Windows\System32\MMDevApi.dll
0x00007ffd2a3d0000 - 0x00007ffd2a403000 	C:\Windows\System32\DEVOBJ.dll
0x00007ffd2ae20000 - 0x00007ffd2ae6e000 	C:\Windows\System32\cfgmgr32.dll
0x00007ffcac030000 - 0x00007ffcac076000 	C:\Windows\SYSTEM32\wdmaud.drv
0x00007ffd20890000 - 0x00007ffd20899000 	C:\Windows\SYSTEM32\ksuser.dll
0x00007ffd243c0000 - 0x00007ffd243ca000 	C:\Windows\SYSTEM32\AVRT.dll
0x00007ffcfe8a0000 - 0x00007ffcfea21000 	C:\Windows\SYSTEM32\AUDIOSES.DLL
0x00007ffcde740000 - 0x00007ffcde74d000 	C:\Windows\SYSTEM32\msacm32.drv
0x00007ffca6540000 - 0x00007ffca655e000 	C:\Windows\SYSTEM32\MSACM32.dll
0x00007ffcd0bc0000 - 0x00007ffcd0bcb000 	C:\Windows\SYSTEM32\midimap.dll
0x00007ffd28090000 - 0x00007ffd280a4000 	C:\Windows\SYSTEM32\resourcepolicyclient.dll
0x00007ffcfee10000 - 0x00007ffcfef4f000 	C:\Windows\System32\Windows.UI.dll
0x00007ffcfeae0000 - 0x00007ffcfec32000 	C:\Windows\System32\InputHost.dll
0x00007ffd237b0000 - 0x00007ffd23851000 	C:\Windows\System32\WindowManagementAPI.dll
0x00007ffd25060000 - 0x00007ffd25154000 	C:\Windows\System32\PROPSYS.dll
0x00007ffd235a0000 - 0x00007ffd237a3000 	C:\Windows\SYSTEM32\twinapi.appcore.dll
0x00007ffd27cb0000 - 0x00007ffd27e66000 	C:\Windows\SYSTEM32\WindowsCodecs.dll
0x00007ffd06fd0000 - 0x00007ffd0700e000 	C:\Windows\system32\dataexchange.dll
0x00007ffd272e0000 - 0x00007ffd27544000 	C:\Windows\system32\d3d11.dll
0x00007ffd262e0000 - 0x00007ffd264c4000 	C:\Windows\system32\dcomp.dll
0x00007ffd28e80000 - 0x00007ffd28f76000 	C:\Windows\system32\dxgi.dll
0x00007ffd04b30000 - 0x00007ffd04b39000 	C:\Program Files\Java\jdk-11.0.2\bin\prefs.dll
0x00007ffd26590000 - 0x00007ffd2659b000 	C:\Windows\SYSTEM32\WINNSI.DLL
0x00007ffcf55f0000 - 0x00007ffcf5617000 	C:\Users\mahnr\AppData\Local\Temp\4587423747654513796rlicn_amd64.dll
0x00007ffd23210000 - 0x00007ffd232be000 	C:\Windows\SYSTEM32\mscms.dll
0x00007ffd23a60000 - 0x00007ffd23a71000 	C:\Windows\SYSTEM32\ColorAdapterClient.dll
0x00007ffd22520000 - 0x00007ffd22565000 	C:\Windows\SYSTEM32\icm32.dll
0x00007ffd00bc0000 - 0x00007ffd00bed000 	C:\Program Files\Java\jdk-11.0.2\bin\javajpeg.dll

dbghelp: loaded successfully - version: 4.0.5 - missing functions: none
symbol engine: initialized successfully - sym options: 0x614 - pdb path: .;C:\Program Files\Java\jdk-11.0.2\bin;C:\Windows\SYSTEM32;C:\Windows\WinSxS\amd64_microsoft.windows.common-controls_6595b64144ccf1df_6.0.19041.6456_none_60b8a6cb71f64256;C:\Program Files\Java\jdk-11.0.2\bin\server;C:\Users\mahnr\AppData\Local\Temp\jna-103656984;C:\Users\mahnr\AppData\Local\Temp\flatlaf.temp;C:\Users\mahnr\AppData\Local\Temp

VM Arguments:
jvm_args: -ea -XX:TieredStopAtLevel=1 -Dsun.java2d.d3d=false -Dsun.java2d.noddraw=true -Duser.home=D:\bots\instances\inst_3 -Drl.instance=3 
java_command: net.runelite.client.RuneLite ==debug --developer-mode
java_class_path (initial): D:\IdeaProjects\runelite\runelite-client\target\classes;C:\Users\mahnr\.m2\repository\org\slf4j\slf4j-api\1.7.25\slf4j-api-1.7.25.jar;C:\Users\mahnr\.m2\repository\ch\qos\logback\logback-classic\1.2.9\logback-classic-1.2.9.jar;C:\Users\mahnr\.m2\repository\ch\qos\logback\logback-core\1.2.9\logback-core-1.2.9.jar;C:\Users\mahnr\.m2\repository\net\sf\jopt-simple\jopt-simple\5.0.1\jopt-simple-5.0.1.jar;C:\Users\mahnr\.m2\repository\com\google\guava\guava\23.2-jre\guava-23.2-jre.jar;C:\Users\mahnr\.m2\repository\com\google\inject\guice\4.1.0\guice-4.1.0-no_aop.jar;C:\Users\mahnr\.m2\repository\javax\inject\javax.inject\1\javax.inject-1.jar;C:\Users\mahnr\.m2\repository\aopalliance\aopalliance\1.0\aopalliance-1.0.jar;C:\Users\mahnr\.m2\repository\com\google\code\gson\gson\2.8.5\gson-2.8.5.jar;C:\Users\mahnr\.m2\repository\net\runelite\flatlaf\3.2.5-rl4\flatlaf-3.2.5-rl4.jar;C:\Users\mahnr\.m2\repository\org\projectlombok\lombok\1.18.30\lombok-1.18.30.jar;C:\Users\mahnr\.m2\repository\org\apache\commons\commons-text\1.2\commons-text-1.2.jar;C:\Users\mahnr\.m2\repository\org\apache\commons\commons-lang3\3.7\commons-lang3-3.7.jar;C:\Users\mahnr\.m2\repository\net\java\dev\jna\jna\5.9.0\jna-5.9.0.jar;C:\Users\mahnr\.m2\repository\net\java\dev\jna\jna-platform\5.9.0\jna-platform-5.9.0.jar;C:\Users\mahnr\.m2\repository\com\google\code\findbugs\jsr305\3.0.2\jsr305-3.0.2.jar;C:\Users\mahnr\.m2\repository\org\jetbrains\annotations\23.0.0\annotations-23.0.0.jar;C:\Users\mahnr\.m2\repository\com\google\protobuf\protobuf-javalite\3.21.12\protobuf-javalite-3.21.12.jar;C:\Users\mahnr\.m2\repository\net\runelite\rlawt\1.5\rlawt-1.5.jar;C:\Users\mahnr\.m2\repository\org\lwjgl\lwjgl\3.3.2\lwjgl-3.3.2.jar;C:\Users\mahnr\.m2\repository\org\lwjgl\lwjgl\3.3.2\lwjgl-3.3.2-natives-linux.jar;C:\Users\mahnr\.m2\repository\org\lwjgl\lwjgl\3.3.2\lwjgl-3.3.2-natives-macos.jar;C:\Users\mahnr\.m2\repository\org\lwjgl\lwjgl\3.3.2\lwjgl-3.3.2-natives-macos-arm64.jar;C:\User
Launcher Type: SUN_STANDARD

[Global flags]
     intx CICompilerCount                          = 4                                         {product} {ergonomic}
     uint ConcGCThreads                            = 3                                         {product} {ergonomic}
     uint G1ConcRefinementThreads                  = 10                                        {product} {ergonomic}
   size_t G1HeapRegionSize                         = 2097152                                   {product} {ergonomic}
    uintx GCDrainStackTargetSize                   = 64                                        {product} {ergonomic}
   size_t InitialHeapSize                          = 536870912                                 {product} {ergonomic}
   size_t MarkStackSize                            = 4194304                                   {product} {ergonomic}
   size_t MaxHeapSize                              = 8566865920                                {product} {ergonomic}
   size_t MaxNewSize                               = 5140119552                                {product} {ergonomic}
   size_t MinHeapDeltaBytes                        = 2097152                                   {product} {ergonomic}
    uintx NonNMethodCodeHeapSize                   = 7549744                                {pd product} {ergonomic}
    uintx NonProfiledCodeHeapSize                  = 244108496                              {pd product} {ergonomic}
    uintx ProfiledCodeHeapSize                     = 0                                      {pd product} {ergonomic}
    uintx ReservedCodeCacheSize                    = 251658240                              {pd product} {ergonomic}
     bool SegmentedCodeCache                       = true                                      {product} {ergonomic}
     intx TieredStopAtLevel                        = 1                                         {product} {command line}
     bool UseCompressedClassPointers               = true                                 {lp64_product} {ergonomic}
     bool UseCompressedOops                        = true                                 {lp64_product} {ergonomic}
     bool UseG1GC                                  = true                                      {product} {ergonomic}
     bool UseLargePagesIndividualAllocation        = false                                  {pd product} {ergonomic}

Logging:
Log output configuration:
 #0: stdout all=warning uptime,level,tags
 #1: stderr all=off uptime,level,tags

Environment Variables:
JAVA_HOME=C:\Program Files\Java\jdk-11.0.2
PATH=C:\Users\mahnr\AppData\Roaming\Python\Python313\site-packages\cv2\../../x64/vc17/bin;C:\Python313\Scripts\;C:\Python313\;C:\Program Files\NVIDIA GPU Computing Toolkit\CUDA\v11.7\bin;C:\Program Files\NVIDIA GPU Computing Toolkit\CUDA\v11.7\libnvvp;C:\Users\mahnr\IdeaProjects\BotLauncher\out\production\BotLauncher;C:\Program Files (x86)\Common Files\Intel\Shared Libraries\redist\intel64\compiler;C:\Windows\system32;C:\Windows;C:\Windows\System32\Wbem;C:\Windows\System32\WindowsPowerShell\v1.0\;C:\Windows\System32\OpenSSH\;C:\Program Files (x86)\GitExtensions\;C:\Program Files\Git\cmd;C:\Users\mahnr\AppData\Local\Programs\Python\Python310\Lib\site-packages\ffmpeg;C:\Program Files\swigwin-4.1.1;C:\Program Files\Java\jdk-11.0.2\bin;C:\Program Files (x86)\NVIDIA Corporation\PhysX\Common;C:\Program Files\NVIDIA Corporation\NVIDIA NvDLISR;C:\Program Files\PostgreSQL\17\bin;C:\Program Files\R\R-4.4.2\bin;C:\Program Files\Tesseract-OCR;c:\Users\mahnr\AppData\Local\Programs\cursor\resources\app\bin;D:\Program Files\nodejs\;C:\ProgramData\chocolatey\bin;C:\Users\mahnr\Downloads\cmake-4.1.0-rc4-windows-x86_64\cmake-4.1.0-rc4-windows-x86_64\bin;C:\Program Files (x86)\Windows Kits\10\Windows Performance Toolkit\;C:\Users\mahnr\.cargo\bin;C:\Users\mahnr\scoop\apps\maven\current\bin;C:\Users\mahnr\scoop\shims;C:\Users\mahnr\AppData\Local\Programs\Python\Python312\Scripts\;C:\Users\mahnr\AppData\Local\Programs\Python\Python312\;C:\Users\mahnr\AppData\Local\Programs\Python\Python310\Scripts\;C:\Users\mahnr\AppData\Local\Programs\Python\Python310\;C:\Users\mahnr\IdeaProjects\BotLauncher\out\production\BotLauncher;C:\Program Files (x86)\Common Files\Oracle\Java\javapath;C:\Program Files (x86)\Common Files\Intel\Shared Libraries\redist\intel64\compiler;C:\Windows\system32;C:\Windows;C:\Windows\System32\Wbem;C:\Windows\System32\WindowsPowerShell\v1.0\;C:\Windows\System32\OpenSSH\;C:\Program Files (x86)\GitExtensions\;C:\Program Files\Git\cmd;C:\Users\mahnr\IdeaProjects\BotLauncher\out\p
USERNAME=mahnr
OS=Windows_NT
PROCESSOR_IDENTIFIER=AMD64 Family 25 Model 33 Stepping 0, AuthenticAMD



---------------  S Y S T E M  ---------------

OS: Windows 10 , 64 bit Build 19041 (10.0.19041.5915)

CPU:total 12 (initial active 12) (12 cores per cpu, 2 threads per core) family 25 model 33 stepping 0, cmov, cx8, fxsr, mmx, sse, sse2, sse3, ssse3, sse4.1, sse4.2, popcnt, avx, avx2, aes, clmul, erms, mmxext, 3dnowpref, lzcnt, sse4a, ht, tsc, tscinvbit, tscinv, bmi1, bmi2, adx, sha, fma

Memory: 4k page, system-wide physical 32678M (1176M free)
TotalPageFile size 60645M (AvailPageFile size 9M)
current process WorkingSet (physical memory assigned to process): 379M, peak: 774M
current process commit charge ("private bytes"): 806M, peak: 894M

vm_info: OpenJDK 64-Bit Server VM (11.0.2+9) for windows-amd64 JRE (11.0.2+9), built on Jan 18 2019 05:23:22 by "mach5one" with MS VC++ 15.5 (VS2017)

END.
