#
# A fatal error has been detected by the Java Runtime Environment:
#
#  EXCEPTION_ILLEGAL_INSTRUCTION (0xc000001d) at pc=0x00000181f499138a, pid=33532, tid=30840
#
# JRE version: OpenJDK Runtime Environment (11.0.2+9) (build 11.0.2+9)
# Java VM: OpenJDK 64-Bit Server VM (11.0.2+9, mixed mode, tiered, compressed oops, g1 gc, windows-amd64)
# Problematic frame:
# J 7124% c2 cd.as(II)V (1280 bytes) @ 0x00000181f499138a [0x00000181f4990940+0x0000000000000a4a]
#
# No core dump will be written. Minidumps are not enabled by default on client versions of Windows
#
# If you would like to submit a bug report, please visit:
#   http://bugreport.java.com/bugreport/crash.jsp
#

---------------  S U M M A R Y ------------

Command Line: -ea -Dsun.java2d.d3d=false -Dsun.java2d.noddraw=true -Duser.home=D:\bots\instances\inst_01 -Drl.instance=1 -Drl.ipc.port=5501 -Drl.export.dir=D:\bots\exports\inst_01 net.runelite.client.RuneLite --debug --developer-mode

Host: AMD Ryzen 5 5600X 6-Core Processor             , 12 cores, 31G,  Windows 10 , 64 bit Build 19041 (10.0.19041.5915)
Time: Sat Sep  6 12:18:50 2025 Mountain Daylight Time elapsed time: 8 seconds (0d 0h 0m 8s)

---------------  T H R E A D  ---------------

Current thread (0x0000018193fd7000):  JavaThread "Client" daemon [_thread_in_Java, id=30840, stack(0x0000000a1ef00000,0x0000000a1f000000)]

Stack: [0x0000000a1ef00000,0x0000000a1f000000],  sp=0x0000000a1effee50,  free space=1019k
Native frames: (J=compiled Java code, j=interpreted, Vv=VM code, C=native code)
C  0x00000181f499138a


siginfo: EXCEPTION_ILLEGAL_INSTRUCTION (0xc000001d)


Register to memory mapping:

RIP=0x00000181f499138a is at entry_point+2634 in (nmethod*)0x00000181f4990790
RAX=0x0 is NULL
RBX=0x00000000000000fe is an unknown value
RCX=0x0 is NULL
RDX=0x0000000000000080 is an unknown value
RSP=0x0000000a1effee50 is pointing into the stack for thread: 0x0000018193fd7000
RBP=0x0000000000000081 is an unknown value
RSI=0x0000000000000001 is an unknown value
RDI=0x00000006261c8e28 is an oop: [I 
{0x00000006261c8e28} - klass: {type array int}
 - length: 32768
R8 =0x0000000000000001 is an unknown value
R9 =0xffffffffffffff81 is an unknown value
R10=0x0000000000000001 is an unknown value
R11=0x0000000000000081 is an unknown value
R12=0x0 is NULL
R13=0x00000006261c8e28 is an oop: [I 
{0x00000006261c8e28} - klass: {type array int}
 - length: 32768
R14=3301151173 is a compressed pointer to object: [I 
{0x00000006261c8e28} - klass: {type array int}
 - length: 32768
R15=0x0000018193fd7000 is a thread


Registers:
RAX=0x0000000000000000, RBX=0x00000000000000fe, RCX=0x0000000000000000, RDX=0x0000000000000080
RSP=0x0000000a1effee50, RBP=0x0000000000000081, RSI=0x0000000000000001, RDI=0x00000006261c8e28
R8 =0x0000000000000001, R9 =0xffffffffffffff81, R10=0x0000000000000001, R11=0x0000000000000081
R12=0x0000000000000000, R13=0x00000006261c8e28, R14=0x00000000c4c391c5, R15=0x0000018193fd7000
RIP=0x00000181f499138a, EFLAGS=0x0000000000010286

Top of Stack: (sp=0x0000000a1effee50)
0x0000000a1effee50:   000001819c668478 0000000000000000
0x0000000a1effee60:   0000000a1effeee0 0000000a1effef50
0x0000000a1effee70:   0000800000000003 0000000626187968
0x0000000a1effee80:   fab772a200000001 00000000ffffffff
0x0000000a1effee90:   c4bc000000000080 0000000625e00000
0x0000000a1effeea0:   0000000000008000 00000006261c8e28
0x0000000a1effeeb0:   00000006261c8e28 ffffff8100000000
0x0000000a1effeec0:   0000000000000000 0000000000000000
0x0000000a1effeed0:   0000000a1effef50 00000181eca09e67
0x0000000a1effeee0:   deaddeaffab772a2 0000000000000000
0x0000000a1effeef0:   0000000626187968 0000000000000002
0x0000000a1effef00:   0000000626187968 0000000a1effef08
0x0000000a1effef10:   000001819c66bc0c 0000000a1effefa8
0x0000000a1effef20:   000001819c66c588 0000000000000000
0x0000000a1effef30:   00000006208af328 000001819c66bcd0
0x0000000a1effef40:   0000000a1effeef0 0000000a1effef90 

Instructions: (pc=0x00000181f499138a)
0x00000181f499136a:   f8 8b 44 24 34 89 44 24 30 48 8b 44 24 f8 44 89
0x00000181f499137a:   6c 24 34 89 5c 24 38 66 90 e8 78 7d 09 f8 0f 0b
0x00000181f499138a:   0f 0b 89 44 24 20 8b e9 e9 03 fe ff ff ba 7e ff
0x00000181f499139a:   ff ff 66 66 90 e8 5c 7d 09 f8 0f 0b ba f6 ff ff 


Stack slot to memory mapping:
stack at sp + 0 slots: {method} {0x000001819c668480} 'as' '(II)V' in 'cd'
stack at sp + 1 slots: 0x0 is NULL
stack at sp + 2 slots: 0x0000000a1effeee0 is pointing into the stack for thread: 0x0000018193fd7000
stack at sp + 3 slots: 0x0000000a1effef50 is pointing into the stack for thread: 0x0000018193fd7000
stack at sp + 4 slots: 0x0000800000000003 is an unknown value
stack at sp + 5 slots: 0x0000000626187968 is an oop: cd 
{0x0000000626187968} - klass: 'cd'
stack at sp + 6 slots: 0xfab772a200000001 is an unknown value
stack at sp + 7 slots: 0x00000000ffffffff is an unknown value



---------------  P R O C E S S  ---------------

Threads class SMR info:
_java_thread_list=0x000001819b962570, length=36, elements={
0x00000181e46e7000, 0x0000018192879000, 0x00000181928a8000, 0x00000181928fe000,
0x0000018192900000, 0x0000018192902000, 0x000001819290d800, 0x0000018192912000,
0x0000018192a7c800, 0x0000018192a84000, 0x000001819384b800, 0x000001819388f000,
0x0000018193810800, 0x00000181939a7000, 0x0000018193b33800, 0x0000018193abb800,
0x0000018196add000, 0x000001819451e000, 0x0000018196779800, 0x0000018193fdc800,
0x0000018193fdb800, 0x0000018193fd9800, 0x0000018193fd7800, 0x0000018193fd8800,
0x0000018193fd7000, 0x0000018193fda000, 0x0000018193fdd800, 0x0000018193fdb000,
0x0000018198515800, 0x00000181971e5000, 0x00000181971e0800, 0x00000181971e6000,
0x00000181971e7000, 0x000001819bab3000, 0x00000181971e2800, 0x00000181971e4800
}

Java Threads: ( => current thread )
  0x00000181e46e7000 JavaThread "main" [_thread_blocked, id=33828, stack(0x0000000a1c100000,0x0000000a1c200000)]
  0x0000018192879000 JavaThread "Reference Handler" daemon [_thread_blocked, id=21236, stack(0x0000000a1c800000,0x0000000a1c900000)]
  0x00000181928a8000 JavaThread "Finalizer" daemon [_thread_blocked, id=34868, stack(0x0000000a1c900000,0x0000000a1ca00000)]
  0x00000181928fe000 JavaThread "Signal Dispatcher" daemon [_thread_blocked, id=26532, stack(0x0000000a1ca00000,0x0000000a1cb00000)]
  0x0000018192900000 JavaThread "Attach Listener" daemon [_thread_blocked, id=5792, stack(0x0000000a1cb00000,0x0000000a1cc00000)]
  0x0000018192902000 JavaThread "C2 CompilerThread0" daemon [_thread_blocked, id=9136, stack(0x0000000a1cc00000,0x0000000a1cd00000)]
  0x000001819290d800 JavaThread "C1 CompilerThread0" daemon [_thread_blocked, id=27872, stack(0x0000000a1cd00000,0x0000000a1ce00000)]
  0x0000018192912000 JavaThread "Sweeper thread" daemon [_thread_blocked, id=35728, stack(0x0000000a1ce00000,0x0000000a1cf00000)]
  0x0000018192a7c800 JavaThread "Service Thread" daemon [_thread_blocked, id=18264, stack(0x0000000a1cf00000,0x0000000a1d000000)]
  0x0000018192a84000 JavaThread "Common-Cleaner" daemon [_thread_blocked, id=9068, stack(0x0000000a1d100000,0x0000000a1d200000)]
  0x000001819384b800 JavaThread "Java2D Disposer" daemon [_thread_blocked, id=15948, stack(0x0000000a1de00000,0x0000000a1df00000)]
  0x000001819388f000 JavaThread "AWT-Shutdown" [_thread_blocked, id=15316, stack(0x0000000a1df00000,0x0000000a1e000000)]
  0x0000018193810800 JavaThread "AWT-Windows" daemon [_thread_in_native, id=28956, stack(0x0000000a1e000000,0x0000000a1e100000)]
  0x00000181939a7000 JavaThread "AWT-EventQueue-0" [_thread_blocked, id=3640, stack(0x0000000a1e100000,0x0000000a1e200000)]
  0x0000018193b33800 JavaThread "TimerQueue" daemon [_thread_blocked, id=10988, stack(0x0000000a1e500000,0x0000000a1e600000)]
  0x0000018193abb800 JavaThread "OkHttp Dispatcher" [_thread_blocked, id=12816, stack(0x0000000a1e600000,0x0000000a1e700000)]
  0x0000018196add000 JavaThread "OkHttp static.runelite.net Writer" [_thread_blocked, id=35228, stack(0x0000000a1e900000,0x0000000a1ea00000)]
  0x000001819451e000 JavaThread "OkHttp static.runelite.net" [_thread_in_native, id=30200, stack(0x0000000a1ea00000,0x0000000a1eb00000)]
  0x0000018196779800 JavaThread "OkHttp ConnectionPool" daemon [_thread_blocked, id=29312, stack(0x0000000a1eb00000,0x0000000a1ec00000)]
  0x0000018193fdc800 JavaThread "Okio Watchdog" daemon [_thread_blocked, id=2344, stack(0x0000000a1ec00000,0x0000000a1ed00000)]
  0x0000018193fdb800 JavaThread "OkHttp Http2Connection" daemon [_thread_blocked, id=23252, stack(0x0000000a1ed00000,0x0000000a1ee00000)]
  0x0000018193fd9800 JavaThread "pool-3-thread-1" [_thread_blocked, id=8528, stack(0x0000000a1e200000,0x0000000a1e300000)]
  0x0000018193fd7800 JavaThread "pool-2-thread-1" [_thread_blocked, id=34004, stack(0x0000000a1ee00000,0x0000000a1ef00000)]
  0x0000018193fd8800 JavaThread "Thread-1" daemon [_thread_blocked, id=32480, stack(0x0000000a1e700000,0x0000000a1e800000)]
=>0x0000018193fd7000 JavaThread "Client" daemon [_thread_in_Java, id=30840, stack(0x0000000a1ef00000,0x0000000a1f000000)]
  0x0000018193fda000 JavaThread "Thread-3" daemon [_thread_blocked, id=35040, stack(0x0000000a1f000000,0x0000000a1f100000)]
  0x0000018193fdd800 JavaThread "Thread-4" daemon [_thread_in_native, id=34876, stack(0x0000000a1f100000,0x0000000a1f200000)]
  0x0000018193fdb000 JavaThread "Thread-5" daemon [_thread_blocked, id=17260, stack(0x0000000a1f200000,0x0000000a1f300000)]
  0x0000018198515800 JavaThread "C2 CompilerThread1" daemon [_thread_blocked, id=35820, stack(0x0000000a1f300000,0x0000000a1f400000)]
  0x00000181971e5000 JavaThread "cache io" daemon [_thread_blocked, id=25856, stack(0x0000000a1f500000,0x0000000a1f600000)]
  0x00000181971e0800 JavaThread "Java Sound Event Dispatcher" daemon [_thread_blocked, id=33188, stack(0x0000000a1f800000,0x0000000a1f900000)]
  0x00000181971e6000 JavaThread "Sound Engine" [_thread_blocked, id=35528, stack(0x0000000a1fc00000,0x0000000a1fd00000)]
  0x00000181971e7000 JavaThread "Thread-7" daemon [_thread_blocked, id=24216, stack(0x0000000a1f400000,0x0000000a1f500000)]
  0x000001819bab3000 JavaThread "C2 CompilerThread2" daemon [_thread_blocked, id=31112, stack(0x0000000a20000000,0x0000000a20100000)]
  0x00000181971e2800 JavaThread "Image Fetcher 0" daemon [_thread_blocked, id=18672, stack(0x0000000a20200000,0x0000000a20300000)]
  0x00000181971e4800 JavaThread "OSRS WAV Load" daemon [_thread_in_vm, id=30252, stack(0x0000000a20300000,0x0000000a20400000)]

Other Threads:
  0x0000018192877800 VMThread "VM Thread" [stack: 0x0000000a1c700000,0x0000000a1c800000] [id=31144] _threads_hazard_ptr=0x000001819b962570
  0x0000018192a7f800 WatcherThread [stack: 0x0000000a1d000000,0x0000000a1d100000] [id=31920]
  0x00000181e46fe000 GCTaskThread "GC Thread#0" [stack: 0x0000000a1c200000,0x0000000a1c300000] [id=35492]
  0x00000181937c9800 GCTaskThread "GC Thread#1" [stack: 0x0000000a1d300000,0x0000000a1d400000] [id=2116]
  0x00000181937ca800 GCTaskThread "GC Thread#2" [stack: 0x0000000a1d400000,0x0000000a1d500000] [id=20388]
  0x00000181937cb000 GCTaskThread "GC Thread#3" [stack: 0x0000000a1d500000,0x0000000a1d600000] [id=33588]
  0x00000181937cc000 GCTaskThread "GC Thread#4" [stack: 0x0000000a1d600000,0x0000000a1d700000] [id=29848]
  0x00000181937a4800 GCTaskThread "GC Thread#5" [stack: 0x0000000a1d700000,0x0000000a1d800000] [id=27508]
  0x00000181937a5000 GCTaskThread "GC Thread#6" [stack: 0x0000000a1d800000,0x0000000a1d900000] [id=30744]
  0x00000181937a6000 GCTaskThread "GC Thread#7" [stack: 0x0000000a1d900000,0x0000000a1da00000] [id=16316]
  0x00000181937a7000 GCTaskThread "GC Thread#8" [stack: 0x0000000a1da00000,0x0000000a1db00000] [id=35084]
  0x00000181937aa000 GCTaskThread "GC Thread#9" [stack: 0x0000000a1db00000,0x0000000a1dc00000] [id=29296]
  0x00000181e477c000 ConcurrentGCThread "G1 Main Marker" [stack: 0x0000000a1c300000,0x0000000a1c400000] [id=9172]
  0x00000181e477e800 ConcurrentGCThread "G1 Conc#0" [stack: 0x0000000a1c400000,0x0000000a1c500000] [id=34628]
  0x0000018193da6000 ConcurrentGCThread "G1 Conc#1" [stack: 0x0000000a1e300000,0x0000000a1e400000] [id=33624]
  0x0000018193d9a800 ConcurrentGCThread "G1 Conc#2" [stack: 0x0000000a1e400000,0x0000000a1e500000] [id=34200]
  0x00000181ffc7e800 ConcurrentGCThread "G1 Refine#0" [stack: 0x0000000a1c500000,0x0000000a1c600000] [id=33108]
  0x0000018193822000 ConcurrentGCThread "G1 Refine#1" [stack: 0x0000000a1dc00000,0x0000000a1dd00000] [id=23744]
  0x00000181937c8000 ConcurrentGCThread "G1 Refine#2" [stack: 0x0000000a1dd00000,0x0000000a1de00000] [id=1880]
  0x000001819a44f000 ConcurrentGCThread "G1 Refine#3" [stack: 0x0000000a1ff00000,0x0000000a20000000] [id=31940]
  0x00000181ffc7f800 ConcurrentGCThread "G1 Young RemSet Sampling" [stack: 0x0000000a1c600000,0x0000000a1c700000] [id=19984]

Threads with active compile tasks:
C2 CompilerThread07122       4       ek::lo (2691 bytes)
C2 CompilerThread16880       4       wc::ac (2623 bytes)
C2 CompilerThread27219  s    4       java.util.Hashtable::put (104 bytes)

VM state:synchronizing (normal execution)

VM Mutex/Monitor currently owned by a thread:  ([mutex/lock_event])
[0x00000181e46e31f0] Safepoint_lock - owner thread: 0x0000018192877800
[0x00000181e46e26b0] Threads_lock - owner thread: 0x0000018192877800

Heap address: 0x0000000601600000, size: 8170 MB, Compressed Oops mode: Zero based, Oop shift amount: 3
Narrow klass base: 0x0000000800000000, Narrow klass shift: 0
Compressed class space size: 1073741824 Address: 0x0000000800000000

Heap:
 garbage-first heap   total 630784K, used 285695K [0x0000000601600000, 0x0000000800000000)
  region size 2048K, 38 young (77824K), 8 survivors (16384K)
 Metaspace       used 73541K, capacity 75868K, committed 76104K, reserved 1116160K
  class space    used 8069K, capacity 9075K, committed 9164K, reserved 1048576K
Heap Regions: E=young(eden), S=young(survivor), O=old, HS=humongous(starts), HC=humongous(continues), CS=collection set, F=free, A=archive, TAMS=top-at-mark-start (previous, next)
|   0|0x0000000601600000, 0x0000000601800000, 0x0000000601800000|100%| O|  |TAMS 0x0000000601800000, 0x0000000601600000| Untracked 
|   1|0x0000000601800000, 0x0000000601a00000, 0x0000000601a00000|100%| O|  |TAMS 0x0000000601a00000, 0x0000000601800000| Untracked 
|   2|0x0000000601a00000, 0x0000000601c00000, 0x0000000601c00000|100%| O|  |TAMS 0x0000000601c00000, 0x0000000601a00000| Untracked 
|   3|0x0000000601c00000, 0x0000000601e00000, 0x0000000601e00000|100%| O|  |TAMS 0x0000000601c00000, 0x0000000601c00000| Untracked 
|   4|0x0000000601e00000, 0x0000000602000000, 0x0000000602000000|100%|HS|  |TAMS 0x0000000602000000, 0x0000000601e00000| Complete 
|   5|0x0000000602000000, 0x0000000602200000, 0x0000000602200000|100%| O|  |TAMS 0x0000000602200000, 0x0000000602000000| Untracked 
|   6|0x0000000602200000, 0x00000006023ffff8, 0x0000000602400000| 99%| O|  |TAMS 0x00000006023ffff8, 0x0000000602200000| Untracked 
|   7|0x0000000602400000, 0x00000006025ffff8, 0x0000000602600000| 99%| O|  |TAMS 0x00000006025ffff8, 0x0000000602400000| Untracked 
|   8|0x0000000602600000, 0x00000006027ffff8, 0x0000000602800000| 99%| O|  |TAMS 0x00000006027ffff8, 0x0000000602600000| Untracked 
|   9|0x0000000602800000, 0x0000000602a00000, 0x0000000602a00000|100%| O|  |TAMS 0x0000000602827000, 0x0000000602800000| Untracked 
|  10|0x0000000602a00000, 0x0000000602c00000, 0x0000000602c00000|100%| O|  |TAMS 0x0000000602a00000, 0x0000000602a00000| Untracked 
|  11|0x0000000602c00000, 0x0000000602e00000, 0x0000000602e00000|100%| O|  |TAMS 0x0000000602c00000, 0x0000000602c00000| Untracked 
|  12|0x0000000602e00000, 0x0000000603000000, 0x0000000603000000|100%| O|  |TAMS 0x0000000602e00000, 0x0000000602e00000| Untracked 
|  13|0x0000000603000000, 0x0000000603200000, 0x0000000603200000|100%| O|  |TAMS 0x0000000603000000, 0x0000000603000000| Untracked 
|  14|0x0000000603200000, 0x0000000603400000, 0x0000000603400000|100%| O|  |TAMS 0x0000000603200000, 0x0000000603200000| Untracked 
|  15|0x0000000603400000, 0x0000000603600000, 0x0000000603600000|100%| O|  |TAMS 0x0000000603400000, 0x0000000603400000| Untracked 
|  16|0x0000000603600000, 0x0000000603800000, 0x0000000603800000|100%| O|  |TAMS 0x0000000603600000, 0x0000000603600000| Untracked 
|  17|0x0000000603800000, 0x0000000603a00000, 0x0000000603a00000|100%| O|  |TAMS 0x0000000603800000, 0x0000000603800000| Untracked 
|  18|0x0000000603a00000, 0x0000000603c00000, 0x0000000603c00000|100%| O|  |TAMS 0x0000000603a00000, 0x0000000603a00000| Untracked 
|  19|0x0000000603c00000, 0x0000000603e00000, 0x0000000603e00000|100%| O|  |TAMS 0x0000000603c00000, 0x0000000603c00000| Untracked 
|  20|0x0000000603e00000, 0x0000000604000000, 0x0000000604000000|100%| O|  |TAMS 0x0000000603e00000, 0x0000000603e00000| Untracked 
|  21|0x0000000604000000, 0x0000000604200000, 0x0000000604200000|100%| O|  |TAMS 0x0000000604000000, 0x0000000604000000| Untracked 
|  22|0x0000000604200000, 0x0000000604400000, 0x0000000604400000|100%| O|  |TAMS 0x0000000604200000, 0x0000000604200000| Untracked 
|  23|0x0000000604400000, 0x0000000604600000, 0x0000000604600000|100%| O|  |TAMS 0x0000000604400000, 0x0000000604400000| Untracked 
|  24|0x0000000604600000, 0x0000000604800000, 0x0000000604800000|100%| O|  |TAMS 0x0000000604600000, 0x0000000604600000| Untracked 
|  25|0x0000000604800000, 0x0000000604a00000, 0x0000000604a00000|100%| O|  |TAMS 0x0000000604800000, 0x0000000604800000| Untracked 
|  26|0x0000000604a00000, 0x0000000604c00000, 0x0000000604c00000|100%| O|  |TAMS 0x0000000604a00000, 0x0000000604a00000| Untracked 
|  27|0x0000000604c00000, 0x0000000604e00000, 0x0000000604e00000|100%| O|  |TAMS 0x0000000604c00000, 0x0000000604c00000| Untracked 
|  28|0x0000000604e00000, 0x0000000605000000, 0x0000000605000000|100%| O|  |TAMS 0x0000000604e00000, 0x0000000604e00000| Untracked 
|  29|0x0000000605000000, 0x0000000605200000, 0x0000000605200000|100%| O|  |TAMS 0x0000000605000000, 0x0000000605000000| Untracked 
|  30|0x0000000605200000, 0x0000000605400000, 0x0000000605400000|100%| O|  |TAMS 0x0000000605200000, 0x0000000605200000| Untracked 
|  31|0x0000000605400000, 0x0000000605600000, 0x0000000605600000|100%| O|  |TAMS 0x0000000605400000, 0x0000000605400000| Untracked 
|  32|0x0000000605600000, 0x0000000605800000, 0x0000000605800000|100%| O|  |TAMS 0x0000000605600000, 0x0000000605600000| Untracked 
|  33|0x0000000605800000, 0x0000000605a00000, 0x0000000605a00000|100%| O|  |TAMS 0x0000000605800000, 0x0000000605800000| Untracked 
|  34|0x0000000605a00000, 0x0000000605c00000, 0x0000000605c00000|100%| O|  |TAMS 0x0000000605a00000, 0x0000000605a00000| Untracked 
|  35|0x0000000605c00000, 0x0000000605e00000, 0x0000000605e00000|100%| O|  |TAMS 0x0000000605c00000, 0x0000000605c00000| Untracked 
|  36|0x0000000605e00000, 0x0000000606000000, 0x0000000606000000|100%| O|  |TAMS 0x0000000605e00000, 0x0000000605e00000| Untracked 
|  37|0x0000000606000000, 0x0000000606200000, 0x0000000606200000|100%| O|  |TAMS 0x0000000606000000, 0x0000000606000000| Untracked 
|  38|0x0000000606200000, 0x0000000606400000, 0x0000000606400000|100%| O|  |TAMS 0x0000000606200000, 0x0000000606200000| Untracked 
|  39|0x0000000606400000, 0x0000000606600000, 0x0000000606600000|100%| O|  |TAMS 0x0000000606400000, 0x0000000606400000| Untracked 
|  40|0x0000000606600000, 0x0000000606800000, 0x0000000606800000|100%| O|  |TAMS 0x0000000606600000, 0x0000000606600000| Untracked 
|  41|0x0000000606800000, 0x0000000606a00000, 0x0000000606a00000|100%| O|  |TAMS 0x0000000606800000, 0x0000000606800000| Untracked 
|  42|0x0000000606a00000, 0x0000000606c00000, 0x0000000606c00000|100%| O|  |TAMS 0x0000000606a00000, 0x0000000606a00000| Untracked 
|  43|0x0000000606c00000, 0x0000000606e00000, 0x0000000606e00000|100%| O|  |TAMS 0x0000000606c00000, 0x0000000606c00000| Untracked 
|  44|0x0000000606e00000, 0x0000000607000000, 0x0000000607000000|100%| O|  |TAMS 0x0000000606e00000, 0x0000000606e00000| Untracked 
|  45|0x0000000607000000, 0x0000000607200000, 0x0000000607200000|100%| O|  |TAMS 0x0000000607000000, 0x0000000607000000| Untracked 
|  46|0x0000000607200000, 0x0000000607400000, 0x0000000607400000|100%| O|  |TAMS 0x0000000607200000, 0x0000000607200000| Untracked 
|  47|0x0000000607400000, 0x0000000607600000, 0x0000000607600000|100%| O|  |TAMS 0x0000000607400000, 0x0000000607400000| Untracked 
|  48|0x0000000607600000, 0x0000000607800000, 0x0000000607800000|100%| O|  |TAMS 0x0000000607600000, 0x0000000607600000| Untracked 
|  49|0x0000000607800000, 0x0000000607a00000, 0x0000000607a00000|100%| O|  |TAMS 0x0000000607800000, 0x0000000607800000| Untracked 
|  50|0x0000000607a00000, 0x0000000607c00000, 0x0000000607c00000|100%| O|  |TAMS 0x0000000607a00000, 0x0000000607a00000| Untracked 
|  51|0x0000000607c00000, 0x0000000607e00000, 0x0000000607e00000|100%| O|  |TAMS 0x0000000607c00000, 0x0000000607c00000| Untracked 
|  52|0x0000000607e00000, 0x0000000608000000, 0x0000000608000000|100%| O|  |TAMS 0x0000000607e00000, 0x0000000607e00000| Untracked 
|  53|0x0000000608000000, 0x0000000608200000, 0x0000000608200000|100%| O|  |TAMS 0x0000000608000000, 0x0000000608000000| Untracked 
|  54|0x0000000608200000, 0x0000000608400000, 0x0000000608400000|100%| O|  |TAMS 0x0000000608200000, 0x0000000608200000| Untracked 
|  55|0x0000000608400000, 0x0000000608600000, 0x0000000608600000|100%|HS|  |TAMS 0x0000000608400000, 0x0000000608400000| Complete 
|  56|0x0000000608600000, 0x0000000608800000, 0x0000000608800000|100%|HS|  |TAMS 0x0000000608600000, 0x0000000608600000| Complete 
|  57|0x0000000608800000, 0x0000000608a00000, 0x0000000608a00000|100%|HS|  |TAMS 0x0000000608800000, 0x0000000608800000| Complete 
|  58|0x0000000608a00000, 0x0000000608c00000, 0x0000000608c00000|100%|HS|  |TAMS 0x0000000608a00000, 0x0000000608a00000| Complete 
|  59|0x0000000608c00000, 0x0000000608e00000, 0x0000000608e00000|100%| O|  |TAMS 0x0000000608c00000, 0x0000000608c00000| Untracked 
|  60|0x0000000608e00000, 0x0000000609000000, 0x0000000609000000|100%| O|  |TAMS 0x0000000608e00000, 0x0000000608e00000| Untracked 
|  61|0x0000000609000000, 0x0000000609200000, 0x0000000609200000|100%| O|  |TAMS 0x0000000609000000, 0x0000000609000000| Untracked 
|  62|0x0000000609200000, 0x0000000609400000, 0x0000000609400000|100%| O|  |TAMS 0x0000000609200000, 0x0000000609200000| Untracked 
|  63|0x0000000609400000, 0x0000000609600000, 0x0000000609600000|100%| O|  |TAMS 0x0000000609400000, 0x0000000609400000| Untracked 
|  64|0x0000000609600000, 0x0000000609800000, 0x0000000609800000|100%| O|  |TAMS 0x0000000609600000, 0x0000000609600000| Untracked 
|  65|0x0000000609800000, 0x0000000609a00000, 0x0000000609a00000|100%| O|  |TAMS 0x0000000609800000, 0x0000000609800000| Untracked 
|  66|0x0000000609a00000, 0x0000000609c00000, 0x0000000609c00000|100%| O|  |TAMS 0x0000000609a00000, 0x0000000609a00000| Untracked 
|  67|0x0000000609c00000, 0x0000000609e00000, 0x0000000609e00000|100%| O|  |TAMS 0x0000000609c00000, 0x0000000609c00000| Untracked 
|  68|0x0000000609e00000, 0x000000060a000000, 0x000000060a000000|100%| O|  |TAMS 0x0000000609e00000, 0x0000000609e00000| Untracked 
|  69|0x000000060a000000, 0x000000060a200000, 0x000000060a200000|100%| O|  |TAMS 0x000000060a000000, 0x000000060a000000| Untracked 
|  70|0x000000060a200000, 0x000000060a400000, 0x000000060a400000|100%| O|  |TAMS 0x000000060a200000, 0x000000060a200000| Untracked 
|  71|0x000000060a400000, 0x000000060a600000, 0x000000060a600000|100%| O|  |TAMS 0x000000060a400000, 0x000000060a400000| Untracked 
|  72|0x000000060a600000, 0x000000060a800000, 0x000000060a800000|100%| O|  |TAMS 0x000000060a600000, 0x000000060a600000| Untracked 
|  73|0x000000060a800000, 0x000000060aa00000, 0x000000060aa00000|100%| O|  |TAMS 0x000000060a800000, 0x000000060a800000| Untracked 
|  74|0x000000060aa00000, 0x000000060ac00000, 0x000000060ac00000|100%| O|  |TAMS 0x000000060aa00000, 0x000000060aa00000| Untracked 
|  75|0x000000060ac00000, 0x000000060ae00000, 0x000000060ae00000|100%| O|  |TAMS 0x000000060ac00000, 0x000000060ac00000| Untracked 
|  76|0x000000060ae00000, 0x000000060b000000, 0x000000060b000000|100%| O|  |TAMS 0x000000060ae00000, 0x000000060ae00000| Untracked 
|  77|0x000000060b000000, 0x000000060b200000, 0x000000060b200000|100%| O|  |TAMS 0x000000060b000000, 0x000000060b000000| Untracked 
|  78|0x000000060b200000, 0x000000060b400000, 0x000000060b400000|100%| O|  |TAMS 0x000000060b200000, 0x000000060b200000| Untracked 
|  79|0x000000060b400000, 0x000000060b600000, 0x000000060b600000|100%| O|  |TAMS 0x000000060b400000, 0x000000060b400000| Untracked 
|  80|0x000000060b600000, 0x000000060b800000, 0x000000060b800000|100%| O|  |TAMS 0x000000060b600000, 0x000000060b600000| Untracked 
|  81|0x000000060b800000, 0x000000060ba00000, 0x000000060ba00000|100%| O|  |TAMS 0x000000060b800000, 0x000000060b800000| Untracked 
|  82|0x000000060ba00000, 0x000000060bc00000, 0x000000060bc00000|100%| O|  |TAMS 0x000000060ba00000, 0x000000060ba00000| Untracked 
|  83|0x000000060bc00000, 0x000000060be00000, 0x000000060be00000|100%| O|  |TAMS 0x000000060bc00000, 0x000000060bc00000| Untracked 
|  84|0x000000060be00000, 0x000000060c000000, 0x000000060c000000|100%| O|  |TAMS 0x000000060be00000, 0x000000060be00000| Untracked 
|  85|0x000000060c000000, 0x000000060c200000, 0x000000060c200000|100%| O|  |TAMS 0x000000060c000000, 0x000000060c000000| Untracked 
|  86|0x000000060c200000, 0x000000060c400000, 0x000000060c400000|100%| O|  |TAMS 0x000000060c200000, 0x000000060c200000| Untracked 
|  87|0x000000060c400000, 0x000000060c600000, 0x000000060c600000|100%| O|  |TAMS 0x000000060c400000, 0x000000060c400000| Untracked 
|  88|0x000000060c600000, 0x000000060c800000, 0x000000060c800000|100%| O|  |TAMS 0x000000060c600000, 0x000000060c600000| Untracked 
|  89|0x000000060c800000, 0x000000060ca00000, 0x000000060ca00000|100%| O|  |TAMS 0x000000060c800000, 0x000000060c800000| Untracked 
|  90|0x000000060ca00000, 0x000000060cc00000, 0x000000060cc00000|100%| O|  |TAMS 0x000000060ca00000, 0x000000060ca00000| Untracked 
|  91|0x000000060cc00000, 0x000000060ce00000, 0x000000060ce00000|100%| O|  |TAMS 0x000000060cc00000, 0x000000060cc00000| Untracked 
|  92|0x000000060ce00000, 0x000000060d000000, 0x000000060d000000|100%| O|  |TAMS 0x000000060ce00000, 0x000000060ce00000| Untracked 
|  93|0x000000060d000000, 0x000000060d000000, 0x000000060d200000|  0%| F|  |TAMS 0x000000060d000000, 0x000000060d000000| Untracked 
|  94|0x000000060d200000, 0x000000060d200000, 0x000000060d400000|  0%| F|  |TAMS 0x000000060d200000, 0x000000060d200000| Untracked 
|  95|0x000000060d400000, 0x000000060d600000, 0x000000060d600000|100%| O|  |TAMS 0x000000060d400000, 0x000000060d400000| Untracked 
|  96|0x000000060d600000, 0x000000060d800000, 0x000000060d800000|100%| O|  |TAMS 0x000000060d600000, 0x000000060d600000| Untracked 
|  97|0x000000060d800000, 0x000000060da00000, 0x000000060da00000|100%| O|  |TAMS 0x000000060d800000, 0x000000060d800000| Untracked 
|  98|0x000000060da00000, 0x000000060dc00000, 0x000000060dc00000|100%| O|  |TAMS 0x000000060da00000, 0x000000060da00000| Untracked 
|  99|0x000000060dc00000, 0x000000060de00000, 0x000000060de00000|100%| O|  |TAMS 0x000000060dc00000, 0x000000060dc00000| Untracked 
| 100|0x000000060de00000, 0x000000060e000000, 0x000000060e000000|100%| O|  |TAMS 0x000000060de00000, 0x000000060de00000| Untracked 
| 101|0x000000060e000000, 0x000000060e200000, 0x000000060e200000|100%| O|  |TAMS 0x000000060e000000, 0x000000060e000000| Untracked 
| 102|0x000000060e200000, 0x000000060e400000, 0x000000060e400000|100%| O|  |TAMS 0x000000060e200000, 0x000000060e200000| Untracked 
| 103|0x000000060e400000, 0x000000060e600000, 0x000000060e600000|100%| O|  |TAMS 0x000000060e400000, 0x000000060e400000| Untracked 
| 104|0x000000060e600000, 0x000000060e800000, 0x000000060e800000|100%| O|  |TAMS 0x000000060e600000, 0x000000060e600000| Untracked 
| 105|0x000000060e800000, 0x000000060e900000, 0x000000060ea00000| 50%| O|  |TAMS 0x000000060e800000, 0x000000060e800000| Untracked 
| 106|0x000000060ea00000, 0x000000060ea00000, 0x000000060ec00000|  0%| F|  |TAMS 0x000000060ea00000, 0x000000060ea00000| Untracked 
| 107|0x000000060ec00000, 0x000000060ec00000, 0x000000060ee00000|  0%| F|  |TAMS 0x000000060ec00000, 0x000000060ec00000| Untracked 
| 108|0x000000060ee00000, 0x000000060ee00000, 0x000000060f000000|  0%| F|  |TAMS 0x000000060ee00000, 0x000000060ee00000| Untracked 
| 109|0x000000060f000000, 0x000000060f000000, 0x000000060f200000|  0%| F|  |TAMS 0x000000060f000000, 0x000000060f000000| Untracked 
| 110|0x000000060f200000, 0x000000060f200000, 0x000000060f400000|  0%| F|  |TAMS 0x000000060f200000, 0x000000060f200000| Untracked 
| 111|0x000000060f400000, 0x000000060f400000, 0x000000060f600000|  0%| F|  |TAMS 0x000000060f400000, 0x000000060f400000| Untracked 
| 112|0x000000060f600000, 0x000000060f600000, 0x000000060f800000|  0%| F|  |TAMS 0x000000060f600000, 0x000000060f600000| Untracked 
| 113|0x000000060f800000, 0x000000060f800000, 0x000000060fa00000|  0%| F|  |TAMS 0x000000060f800000, 0x000000060f800000| Untracked 
| 114|0x000000060fa00000, 0x000000060fa00000, 0x000000060fc00000|  0%| F|  |TAMS 0x000000060fa00000, 0x000000060fa00000| Untracked 
| 115|0x000000060fc00000, 0x000000060fc00000, 0x000000060fe00000|  0%| F|  |TAMS 0x000000060fc00000, 0x000000060fc00000| Untracked 
| 116|0x000000060fe00000, 0x000000060fe00000, 0x0000000610000000|  0%| F|  |TAMS 0x000000060fe00000, 0x000000060fe00000| Untracked 
| 117|0x0000000610000000, 0x0000000610000000, 0x0000000610200000|  0%| F|  |TAMS 0x0000000610000000, 0x0000000610000000| Untracked 
| 118|0x0000000610200000, 0x0000000610200000, 0x0000000610400000|  0%| F|  |TAMS 0x0000000610200000, 0x0000000610200000| Untracked 
| 119|0x0000000610400000, 0x0000000610400000, 0x0000000610600000|  0%| F|  |TAMS 0x0000000610400000, 0x0000000610400000| Untracked 
| 120|0x0000000610600000, 0x0000000610600000, 0x0000000610800000|  0%| F|  |TAMS 0x0000000610600000, 0x0000000610600000| Untracked 
| 121|0x0000000610800000, 0x0000000610800000, 0x0000000610a00000|  0%| F|  |TAMS 0x0000000610800000, 0x0000000610800000| Untracked 
| 122|0x0000000610a00000, 0x0000000610a00000, 0x0000000610c00000|  0%| F|  |TAMS 0x0000000610a00000, 0x0000000610a00000| Untracked 
| 123|0x0000000610c00000, 0x0000000610c00000, 0x0000000610e00000|  0%| F|  |TAMS 0x0000000610c00000, 0x0000000610c00000| Untracked 
| 124|0x0000000610e00000, 0x0000000610e00000, 0x0000000611000000|  0%| F|  |TAMS 0x0000000610e00000, 0x0000000610e00000| Untracked 
| 125|0x0000000611000000, 0x0000000611000000, 0x0000000611200000|  0%| F|  |TAMS 0x0000000611000000, 0x0000000611000000| Untracked 
| 126|0x0000000611200000, 0x0000000611200000, 0x0000000611400000|  0%| F|  |TAMS 0x0000000611200000, 0x0000000611200000| Untracked 
| 127|0x0000000611400000, 0x0000000611400000, 0x0000000611600000|  0%| F|  |TAMS 0x0000000611400000, 0x0000000611400000| Untracked 
| 128|0x0000000611600000, 0x0000000611600000, 0x0000000611800000|  0%| F|  |TAMS 0x0000000611600000, 0x0000000611600000| Untracked 
| 129|0x0000000611800000, 0x0000000611800000, 0x0000000611a00000|  0%| F|  |TAMS 0x0000000611800000, 0x0000000611800000| Untracked 
| 130|0x0000000611a00000, 0x0000000611a00000, 0x0000000611c00000|  0%| F|  |TAMS 0x0000000611a00000, 0x0000000611a00000| Untracked 
| 131|0x0000000611c00000, 0x0000000611c00000, 0x0000000611e00000|  0%| F|  |TAMS 0x0000000611c00000, 0x0000000611c00000| Untracked 
| 132|0x0000000611e00000, 0x0000000611e00000, 0x0000000612000000|  0%| F|  |TAMS 0x0000000611e00000, 0x0000000611e00000| Untracked 
| 133|0x0000000612000000, 0x0000000612000000, 0x0000000612200000|  0%| F|  |TAMS 0x0000000612000000, 0x0000000612000000| Untracked 
| 134|0x0000000612200000, 0x0000000612200000, 0x0000000612400000|  0%| F|  |TAMS 0x0000000612200000, 0x0000000612200000| Untracked 
| 135|0x0000000612400000, 0x0000000612400000, 0x0000000612600000|  0%| F|  |TAMS 0x0000000612400000, 0x0000000612400000| Untracked 
| 136|0x0000000612600000, 0x0000000612600000, 0x0000000612800000|  0%| F|  |TAMS 0x0000000612600000, 0x0000000612600000| Untracked 
| 137|0x0000000612800000, 0x0000000612800000, 0x0000000612a00000|  0%| F|  |TAMS 0x0000000612800000, 0x0000000612800000| Untracked 
| 138|0x0000000612a00000, 0x0000000612a00000, 0x0000000612c00000|  0%| F|  |TAMS 0x0000000612a00000, 0x0000000612a00000| Untracked 
| 139|0x0000000612c00000, 0x0000000612c00000, 0x0000000612e00000|  0%| F|  |TAMS 0x0000000612c00000, 0x0000000612c00000| Untracked 
| 140|0x0000000612e00000, 0x0000000612e00000, 0x0000000613000000|  0%| F|  |TAMS 0x0000000612e00000, 0x0000000612e00000| Untracked 
| 141|0x0000000613000000, 0x0000000613000000, 0x0000000613200000|  0%| F|  |TAMS 0x0000000613000000, 0x0000000613000000| Untracked 
| 142|0x0000000613200000, 0x0000000613200000, 0x0000000613400000|  0%| F|  |TAMS 0x0000000613200000, 0x0000000613200000| Untracked 
| 143|0x0000000613400000, 0x0000000613400000, 0x0000000613600000|  0%| F|  |TAMS 0x0000000613400000, 0x0000000613400000| Untracked 
| 144|0x0000000613600000, 0x0000000613600000, 0x0000000613800000|  0%| F|  |TAMS 0x0000000613600000, 0x0000000613600000| Untracked 
| 145|0x0000000613800000, 0x0000000613800000, 0x0000000613a00000|  0%| F|  |TAMS 0x0000000613800000, 0x0000000613800000| Untracked 
| 146|0x0000000613a00000, 0x0000000613a00000, 0x0000000613c00000|  0%| F|  |TAMS 0x0000000613a00000, 0x0000000613a00000| Untracked 
| 147|0x0000000613c00000, 0x0000000613c00000, 0x0000000613e00000|  0%| F|  |TAMS 0x0000000613c00000, 0x0000000613c00000| Untracked 
| 148|0x0000000613e00000, 0x0000000613e00000, 0x0000000614000000|  0%| F|  |TAMS 0x0000000613e00000, 0x0000000613e00000| Untracked 
| 149|0x0000000614000000, 0x0000000614000000, 0x0000000614200000|  0%| F|  |TAMS 0x0000000614000000, 0x0000000614000000| Untracked 
| 150|0x0000000614200000, 0x0000000614200000, 0x0000000614400000|  0%| F|  |TAMS 0x0000000614200000, 0x0000000614200000| Untracked 
| 151|0x0000000614400000, 0x0000000614400000, 0x0000000614600000|  0%| F|  |TAMS 0x0000000614400000, 0x0000000614400000| Untracked 
| 152|0x0000000614600000, 0x0000000614600000, 0x0000000614800000|  0%| F|  |TAMS 0x0000000614600000, 0x0000000614600000| Untracked 
| 153|0x0000000614800000, 0x0000000614800000, 0x0000000614a00000|  0%| F|  |TAMS 0x0000000614800000, 0x0000000614800000| Untracked 
| 154|0x0000000614a00000, 0x0000000614a00000, 0x0000000614c00000|  0%| F|  |TAMS 0x0000000614a00000, 0x0000000614a00000| Untracked 
| 155|0x0000000614c00000, 0x0000000614c00000, 0x0000000614e00000|  0%| F|  |TAMS 0x0000000614c00000, 0x0000000614c00000| Untracked 
| 156|0x0000000614e00000, 0x0000000614e00000, 0x0000000615000000|  0%| F|  |TAMS 0x0000000614e00000, 0x0000000614e00000| Untracked 
| 157|0x0000000615000000, 0x0000000615000000, 0x0000000615200000|  0%| F|  |TAMS 0x0000000615000000, 0x0000000615000000| Untracked 
| 158|0x0000000615200000, 0x0000000615200000, 0x0000000615400000|  0%| F|  |TAMS 0x0000000615200000, 0x0000000615200000| Untracked 
| 159|0x0000000615400000, 0x0000000615400000, 0x0000000615600000|  0%| F|  |TAMS 0x0000000615400000, 0x0000000615400000| Untracked 
| 160|0x0000000615600000, 0x0000000615600000, 0x0000000615800000|  0%| F|  |TAMS 0x0000000615600000, 0x0000000615600000| Untracked 
| 161|0x0000000615800000, 0x0000000615800000, 0x0000000615a00000|  0%| F|  |TAMS 0x0000000615800000, 0x0000000615800000| Untracked 
| 162|0x0000000615a00000, 0x0000000615a00000, 0x0000000615c00000|  0%| F|  |TAMS 0x0000000615a00000, 0x0000000615a00000| Untracked 
| 163|0x0000000615c00000, 0x0000000615c00000, 0x0000000615e00000|  0%| F|  |TAMS 0x0000000615c00000, 0x0000000615c00000| Untracked 
| 164|0x0000000615e00000, 0x0000000615e00000, 0x0000000616000000|  0%| F|  |TAMS 0x0000000615e00000, 0x0000000615e00000| Untracked 
| 165|0x0000000616000000, 0x0000000616000000, 0x0000000616200000|  0%| F|  |TAMS 0x0000000616000000, 0x0000000616000000| Untracked 
| 166|0x0000000616200000, 0x0000000616200000, 0x0000000616400000|  0%| F|  |TAMS 0x0000000616200000, 0x0000000616200000| Untracked 
| 167|0x0000000616400000, 0x0000000616400000, 0x0000000616600000|  0%| F|  |TAMS 0x0000000616400000, 0x0000000616400000| Untracked 
| 168|0x0000000616600000, 0x0000000616600000, 0x0000000616800000|  0%| F|  |TAMS 0x0000000616600000, 0x0000000616600000| Untracked 
| 169|0x0000000616800000, 0x0000000616800000, 0x0000000616a00000|  0%| F|  |TAMS 0x0000000616800000, 0x0000000616800000| Untracked 
| 170|0x0000000616a00000, 0x0000000616a00000, 0x0000000616c00000|  0%| F|  |TAMS 0x0000000616a00000, 0x0000000616a00000| Untracked 
| 171|0x0000000616c00000, 0x0000000616c00000, 0x0000000616e00000|  0%| F|  |TAMS 0x0000000616c00000, 0x0000000616c00000| Untracked 
| 172|0x0000000616e00000, 0x0000000616e00000, 0x0000000617000000|  0%| F|  |TAMS 0x0000000616e00000, 0x0000000616e00000| Untracked 
| 173|0x0000000617000000, 0x0000000617000000, 0x0000000617200000|  0%| F|  |TAMS 0x0000000617000000, 0x0000000617000000| Untracked 
| 174|0x0000000617200000, 0x0000000617200000, 0x0000000617400000|  0%| F|  |TAMS 0x0000000617200000, 0x0000000617200000| Untracked 
| 175|0x0000000617400000, 0x0000000617400000, 0x0000000617600000|  0%| F|  |TAMS 0x0000000617400000, 0x0000000617400000| Untracked 
| 176|0x0000000617600000, 0x0000000617600000, 0x0000000617800000|  0%| F|  |TAMS 0x0000000617600000, 0x0000000617600000| Untracked 
| 177|0x0000000617800000, 0x0000000617800000, 0x0000000617a00000|  0%| F|  |TAMS 0x0000000617800000, 0x0000000617800000| Untracked 
| 178|0x0000000617a00000, 0x0000000617a00000, 0x0000000617c00000|  0%| F|  |TAMS 0x0000000617a00000, 0x0000000617a00000| Untracked 
| 179|0x0000000617c00000, 0x0000000617c00000, 0x0000000617e00000|  0%| F|  |TAMS 0x0000000617c00000, 0x0000000617c00000| Untracked 
| 180|0x0000000617e00000, 0x0000000617e00000, 0x0000000618000000|  0%| F|  |TAMS 0x0000000617e00000, 0x0000000617e00000| Untracked 
| 181|0x0000000618000000, 0x0000000618000000, 0x0000000618200000|  0%| F|  |TAMS 0x0000000618000000, 0x0000000618000000| Untracked 
| 182|0x0000000618200000, 0x0000000618200000, 0x0000000618400000|  0%| F|  |TAMS 0x0000000618200000, 0x0000000618200000| Untracked 
| 183|0x0000000618400000, 0x0000000618400000, 0x0000000618600000|  0%| F|  |TAMS 0x0000000618400000, 0x0000000618400000| Untracked 
| 184|0x0000000618600000, 0x0000000618600000, 0x0000000618800000|  0%| F|  |TAMS 0x0000000618600000, 0x0000000618600000| Untracked 
| 185|0x0000000618800000, 0x0000000618800000, 0x0000000618a00000|  0%| F|  |TAMS 0x0000000618800000, 0x0000000618800000| Untracked 
| 186|0x0000000618a00000, 0x0000000618a00000, 0x0000000618c00000|  0%| F|  |TAMS 0x0000000618a00000, 0x0000000618a00000| Untracked 
| 187|0x0000000618c00000, 0x0000000618c00000, 0x0000000618e00000|  0%| F|  |TAMS 0x0000000618c00000, 0x0000000618c00000| Untracked 
| 188|0x0000000618e00000, 0x0000000618e00000, 0x0000000619000000|  0%| F|  |TAMS 0x0000000618e00000, 0x0000000618e00000| Untracked 
| 189|0x0000000619000000, 0x0000000619000000, 0x0000000619200000|  0%| F|  |TAMS 0x0000000619000000, 0x0000000619000000| Untracked 
| 190|0x0000000619200000, 0x0000000619200000, 0x0000000619400000|  0%| F|  |TAMS 0x0000000619200000, 0x0000000619200000| Untracked 
| 191|0x0000000619400000, 0x0000000619400000, 0x0000000619600000|  0%| F|  |TAMS 0x0000000619400000, 0x0000000619400000| Untracked 
| 192|0x0000000619600000, 0x0000000619600000, 0x0000000619800000|  0%| F|  |TAMS 0x0000000619600000, 0x0000000619600000| Untracked 
| 193|0x0000000619800000, 0x0000000619800000, 0x0000000619a00000|  0%| F|  |TAMS 0x0000000619800000, 0x0000000619800000| Untracked 
| 194|0x0000000619a00000, 0x0000000619a00000, 0x0000000619c00000|  0%| F|  |TAMS 0x0000000619a00000, 0x0000000619a00000| Untracked 
| 195|0x0000000619c00000, 0x0000000619c00000, 0x0000000619e00000|  0%| F|  |TAMS 0x0000000619c00000, 0x0000000619c00000| Untracked 
| 196|0x0000000619e00000, 0x0000000619e00000, 0x000000061a000000|  0%| F|  |TAMS 0x0000000619e00000, 0x0000000619e00000| Untracked 
| 197|0x000000061a000000, 0x000000061a000000, 0x000000061a200000|  0%| F|  |TAMS 0x000000061a000000, 0x000000061a000000| Untracked 
| 198|0x000000061a200000, 0x000000061a200000, 0x000000061a400000|  0%| F|  |TAMS 0x000000061a200000, 0x000000061a200000| Untracked 
| 199|0x000000061a400000, 0x000000061a400000, 0x000000061a600000|  0%| F|  |TAMS 0x000000061a400000, 0x000000061a400000| Untracked 
| 200|0x000000061a600000, 0x000000061a600000, 0x000000061a800000|  0%| F|  |TAMS 0x000000061a600000, 0x000000061a600000| Untracked 
| 201|0x000000061a800000, 0x000000061a800000, 0x000000061aa00000|  0%| F|  |TAMS 0x000000061a800000, 0x000000061a800000| Untracked 
| 202|0x000000061aa00000, 0x000000061aa00000, 0x000000061ac00000|  0%| F|  |TAMS 0x000000061aa00000, 0x000000061aa00000| Untracked 
| 203|0x000000061ac00000, 0x000000061ac00000, 0x000000061ae00000|  0%| F|  |TAMS 0x000000061ac00000, 0x000000061ac00000| Untracked 
| 204|0x000000061ae00000, 0x000000061ae00000, 0x000000061b000000|  0%| F|  |TAMS 0x000000061ae00000, 0x000000061ae00000| Untracked 
| 205|0x000000061b000000, 0x000000061b000000, 0x000000061b200000|  0%| F|  |TAMS 0x000000061b000000, 0x000000061b000000| Untracked 
| 206|0x000000061b200000, 0x000000061b200000, 0x000000061b400000|  0%| F|  |TAMS 0x000000061b200000, 0x000000061b200000| Untracked 
| 207|0x000000061b400000, 0x000000061b400000, 0x000000061b600000|  0%| F|  |TAMS 0x000000061b400000, 0x000000061b400000| Untracked 
| 208|0x000000061b600000, 0x000000061b600000, 0x000000061b800000|  0%| F|  |TAMS 0x000000061b600000, 0x000000061b600000| Untracked 
| 209|0x000000061b800000, 0x000000061b800000, 0x000000061ba00000|  0%| F|  |TAMS 0x000000061b800000, 0x000000061b800000| Untracked 
| 210|0x000000061ba00000, 0x000000061ba00000, 0x000000061bc00000|  0%| F|  |TAMS 0x000000061ba00000, 0x000000061ba00000| Untracked 
| 211|0x000000061bc00000, 0x000000061bc00000, 0x000000061be00000|  0%| F|  |TAMS 0x000000061bc00000, 0x000000061bc00000| Untracked 
| 212|0x000000061be00000, 0x000000061be00000, 0x000000061c000000|  0%| F|  |TAMS 0x000000061be00000, 0x000000061be00000| Untracked 
| 213|0x000000061c000000, 0x000000061c000000, 0x000000061c200000|  0%| F|  |TAMS 0x000000061c000000, 0x000000061c000000| Untracked 
| 214|0x000000061c200000, 0x000000061c200000, 0x000000061c400000|  0%| F|  |TAMS 0x000000061c200000, 0x000000061c200000| Untracked 
| 215|0x000000061c400000, 0x000000061c400000, 0x000000061c600000|  0%| F|  |TAMS 0x000000061c400000, 0x000000061c400000| Untracked 
| 216|0x000000061c600000, 0x000000061c600000, 0x000000061c800000|  0%| F|  |TAMS 0x000000061c600000, 0x000000061c600000| Untracked 
| 217|0x000000061c800000, 0x000000061c800000, 0x000000061ca00000|  0%| F|  |TAMS 0x000000061c800000, 0x000000061c800000| Untracked 
| 218|0x000000061ca00000, 0x000000061ca00000, 0x000000061cc00000|  0%| F|  |TAMS 0x000000061ca00000, 0x000000061ca00000| Untracked 
| 219|0x000000061cc00000, 0x000000061cc00000, 0x000000061ce00000|  0%| F|  |TAMS 0x000000061cc00000, 0x000000061cc00000| Untracked 
| 220|0x000000061ce00000, 0x000000061ce00000, 0x000000061d000000|  0%| F|  |TAMS 0x000000061ce00000, 0x000000061ce00000| Untracked 
| 221|0x000000061d000000, 0x000000061d000000, 0x000000061d200000|  0%| F|  |TAMS 0x000000061d000000, 0x000000061d000000| Untracked 
| 222|0x000000061d200000, 0x000000061d200000, 0x000000061d400000|  0%| F|  |TAMS 0x000000061d200000, 0x000000061d200000| Untracked 
| 223|0x000000061d400000, 0x000000061d400000, 0x000000061d600000|  0%| F|  |TAMS 0x000000061d400000, 0x000000061d400000| Untracked 
| 224|0x000000061d600000, 0x000000061d600000, 0x000000061d800000|  0%| F|  |TAMS 0x000000061d600000, 0x000000061d600000| Untracked 
| 225|0x000000061d800000, 0x000000061d800000, 0x000000061da00000|  0%| F|  |TAMS 0x000000061d800000, 0x000000061d800000| Untracked 
| 226|0x000000061da00000, 0x000000061da00000, 0x000000061dc00000|  0%| F|  |TAMS 0x000000061da00000, 0x000000061da00000| Untracked 
| 227|0x000000061dc00000, 0x000000061dc00000, 0x000000061de00000|  0%| F|  |TAMS 0x000000061dc00000, 0x000000061dc00000| Untracked 
| 228|0x000000061de00000, 0x000000061de00000, 0x000000061e000000|  0%| F|  |TAMS 0x000000061de00000, 0x000000061de00000| Untracked 
| 229|0x000000061e000000, 0x000000061e000000, 0x000000061e200000|  0%| F|  |TAMS 0x000000061e000000, 0x000000061e000000| Untracked 
| 230|0x000000061e200000, 0x000000061e200000, 0x000000061e400000|  0%| F|  |TAMS 0x000000061e200000, 0x000000061e200000| Untracked 
| 231|0x000000061e400000, 0x000000061e400000, 0x000000061e600000|  0%| F|  |TAMS 0x000000061e400000, 0x000000061e400000| Untracked 
| 232|0x000000061e600000, 0x000000061e600000, 0x000000061e800000|  0%| F|  |TAMS 0x000000061e600000, 0x000000061e600000| Untracked 
| 233|0x000000061e800000, 0x000000061e800000, 0x000000061ea00000|  0%| F|  |TAMS 0x000000061e800000, 0x000000061e800000| Untracked 
| 234|0x000000061ea00000, 0x000000061ea00000, 0x000000061ec00000|  0%| F|  |TAMS 0x000000061ea00000, 0x000000061ea00000| Untracked 
| 235|0x000000061ec00000, 0x000000061ec00000, 0x000000061ee00000|  0%| F|  |TAMS 0x000000061ec00000, 0x000000061ec00000| Untracked 
| 236|0x000000061ee00000, 0x000000061ee00000, 0x000000061f000000|  0%| F|  |TAMS 0x000000061ee00000, 0x000000061ee00000| Untracked 
| 237|0x000000061f000000, 0x000000061f000000, 0x000000061f200000|  0%| F|  |TAMS 0x000000061f000000, 0x000000061f000000| Untracked 
| 238|0x000000061f200000, 0x000000061f200000, 0x000000061f400000|  0%| F|  |TAMS 0x000000061f200000, 0x000000061f200000| Untracked 
| 239|0x000000061f400000, 0x000000061f400000, 0x000000061f600000|  0%| F|  |TAMS 0x000000061f400000, 0x000000061f400000| Untracked 
| 240|0x000000061f600000, 0x000000061f600000, 0x000000061f800000|  0%| F|  |TAMS 0x000000061f600000, 0x000000061f600000| Untracked 
| 241|0x000000061f800000, 0x000000061f800000, 0x000000061fa00000|  0%| F|  |TAMS 0x000000061f800000, 0x000000061f800000| Untracked 
| 242|0x000000061fa00000, 0x000000061fa00000, 0x000000061fc00000|  0%| F|  |TAMS 0x000000061fa00000, 0x000000061fa00000| Untracked 
| 243|0x000000061fc00000, 0x000000061fe00000, 0x000000061fe00000|100%| S|CS|TAMS 0x000000061fc00000, 0x000000061fc00000| Complete 
| 244|0x000000061fe00000, 0x0000000620000000, 0x0000000620000000|100%| S|CS|TAMS 0x000000061fe00000, 0x000000061fe00000| Complete 
| 245|0x0000000620000000, 0x0000000620200000, 0x0000000620200000|100%| S|CS|TAMS 0x0000000620000000, 0x0000000620000000| Complete 
| 246|0x0000000620200000, 0x0000000620400000, 0x0000000620400000|100%| S|CS|TAMS 0x0000000620200000, 0x0000000620200000| Complete 
| 247|0x0000000620400000, 0x0000000620600000, 0x0000000620600000|100%| S|CS|TAMS 0x0000000620400000, 0x0000000620400000| Complete 
| 248|0x0000000620600000, 0x0000000620800000, 0x0000000620800000|100%| S|CS|TAMS 0x0000000620600000, 0x0000000620600000| Complete 
| 249|0x0000000620800000, 0x0000000620a00000, 0x0000000620a00000|100%| S|CS|TAMS 0x0000000620800000, 0x0000000620800000| Complete 
| 250|0x0000000620a00000, 0x0000000620c00000, 0x0000000620c00000|100%| S|CS|TAMS 0x0000000620a00000, 0x0000000620a00000| Complete 
| 251|0x0000000620c00000, 0x0000000620c00000, 0x0000000620e00000|  0%| F|  |TAMS 0x0000000620c00000, 0x0000000620c00000| Untracked 
| 252|0x0000000620e00000, 0x0000000620e00000, 0x0000000621000000|  0%| F|  |TAMS 0x0000000620e00000, 0x0000000620e00000| Untracked 
| 253|0x0000000621000000, 0x0000000621000000, 0x0000000621200000|  0%| F|  |TAMS 0x0000000621000000, 0x0000000621000000| Untracked 
| 254|0x0000000621200000, 0x0000000621200000, 0x0000000621400000|  0%| F|  |TAMS 0x0000000621200000, 0x0000000621200000| Untracked 
| 255|0x0000000621400000, 0x0000000621400000, 0x0000000621600000|  0%| F|  |TAMS 0x0000000621400000, 0x0000000621400000| Untracked 
| 256|0x0000000621600000, 0x0000000621600000, 0x0000000621800000|  0%| F|  |TAMS 0x0000000621600000, 0x0000000621600000| Untracked 
| 257|0x0000000621800000, 0x0000000621800000, 0x0000000621a00000|  0%| F|  |TAMS 0x0000000621800000, 0x0000000621800000| Untracked 
| 258|0x0000000621a00000, 0x0000000621a00000, 0x0000000621c00000|  0%| F|  |TAMS 0x0000000621a00000, 0x0000000621a00000| Untracked 
| 259|0x0000000621c00000, 0x0000000621c00000, 0x0000000621e00000|  0%| F|  |TAMS 0x0000000621c00000, 0x0000000621c00000| Untracked 
| 260|0x0000000621e00000, 0x0000000621e00000, 0x0000000622000000|  0%| F|  |TAMS 0x0000000621e00000, 0x0000000621e00000| Untracked 
| 261|0x0000000622000000, 0x0000000622000000, 0x0000000622200000|  0%| F|  |TAMS 0x0000000622000000, 0x0000000622000000| Untracked 
| 262|0x0000000622200000, 0x0000000622200000, 0x0000000622400000|  0%| F|  |TAMS 0x0000000622200000, 0x0000000622200000| Untracked 
| 263|0x0000000622400000, 0x0000000622400000, 0x0000000622600000|  0%| F|  |TAMS 0x0000000622400000, 0x0000000622400000| Untracked 
| 264|0x0000000622600000, 0x0000000622600000, 0x0000000622800000|  0%| F|  |TAMS 0x0000000622600000, 0x0000000622600000| Untracked 
| 265|0x0000000622800000, 0x0000000622800000, 0x0000000622a00000|  0%| F|  |TAMS 0x0000000622800000, 0x0000000622800000| Untracked 
| 266|0x0000000622a00000, 0x0000000622a00000, 0x0000000622c00000|  0%| F|  |TAMS 0x0000000622a00000, 0x0000000622a00000| Untracked 
| 267|0x0000000622c00000, 0x0000000622c00000, 0x0000000622e00000|  0%| F|  |TAMS 0x0000000622c00000, 0x0000000622c00000| Untracked 
| 268|0x0000000622e00000, 0x0000000622e00000, 0x0000000623000000|  0%| F|  |TAMS 0x0000000622e00000, 0x0000000622e00000| Untracked 
| 269|0x0000000623000000, 0x0000000623000000, 0x0000000623200000|  0%| F|  |TAMS 0x0000000623000000, 0x0000000623000000| Untracked 
| 270|0x0000000623200000, 0x0000000623200000, 0x0000000623400000|  0%| F|  |TAMS 0x0000000623200000, 0x0000000623200000| Untracked 
| 271|0x0000000623400000, 0x0000000623400000, 0x0000000623600000|  0%| F|  |TAMS 0x0000000623400000, 0x0000000623400000| Untracked 
| 272|0x0000000623600000, 0x0000000623600000, 0x0000000623800000|  0%| F|  |TAMS 0x0000000623600000, 0x0000000623600000| Untracked 
| 273|0x0000000623800000, 0x0000000623800000, 0x0000000623a00000|  0%| F|  |TAMS 0x0000000623800000, 0x0000000623800000| Untracked 
| 274|0x0000000623a00000, 0x0000000623a00000, 0x0000000623c00000|  0%| F|  |TAMS 0x0000000623a00000, 0x0000000623a00000| Untracked 
| 275|0x0000000623c00000, 0x0000000623c00000, 0x0000000623e00000|  0%| F|  |TAMS 0x0000000623c00000, 0x0000000623c00000| Untracked 
| 276|0x0000000623e00000, 0x0000000623e00000, 0x0000000624000000|  0%| F|  |TAMS 0x0000000623e00000, 0x0000000623e00000| Untracked 
| 277|0x0000000624000000, 0x0000000624000000, 0x0000000624200000|  0%| F|  |TAMS 0x0000000624000000, 0x0000000624000000| Untracked 
| 278|0x0000000624200000, 0x00000006242459e8, 0x0000000624400000| 13%| E|  |TAMS 0x0000000624200000, 0x0000000624200000| Complete 
| 279|0x0000000624400000, 0x0000000624600000, 0x0000000624600000|100%| E|CS|TAMS 0x0000000624400000, 0x0000000624400000| Complete 
| 280|0x0000000624600000, 0x0000000624800000, 0x0000000624800000|100%| E|CS|TAMS 0x0000000624600000, 0x0000000624600000| Complete 
| 281|0x0000000624800000, 0x0000000624a00000, 0x0000000624a00000|100%| E|CS|TAMS 0x0000000624800000, 0x0000000624800000| Complete 
| 282|0x0000000624a00000, 0x0000000624c00000, 0x0000000624c00000|100%| E|CS|TAMS 0x0000000624a00000, 0x0000000624a00000| Complete 
| 283|0x0000000624c00000, 0x0000000624e00000, 0x0000000624e00000|100%| E|CS|TAMS 0x0000000624c00000, 0x0000000624c00000| Complete 
| 284|0x0000000624e00000, 0x0000000625000000, 0x0000000625000000|100%| E|CS|TAMS 0x0000000624e00000, 0x0000000624e00000| Complete 
| 285|0x0000000625000000, 0x0000000625200000, 0x0000000625200000|100%| E|CS|TAMS 0x0000000625000000, 0x0000000625000000| Complete 
| 286|0x0000000625200000, 0x0000000625400000, 0x0000000625400000|100%| E|CS|TAMS 0x0000000625200000, 0x0000000625200000| Complete 
| 287|0x0000000625400000, 0x0000000625600000, 0x0000000625600000|100%| E|CS|TAMS 0x0000000625400000, 0x0000000625400000| Complete 
| 288|0x0000000625600000, 0x0000000625800000, 0x0000000625800000|100%| E|CS|TAMS 0x0000000625600000, 0x0000000625600000| Complete 
| 289|0x0000000625800000, 0x0000000625a00000, 0x0000000625a00000|100%| E|CS|TAMS 0x0000000625800000, 0x0000000625800000| Complete 
| 290|0x0000000625a00000, 0x0000000625c00000, 0x0000000625c00000|100%| E|CS|TAMS 0x0000000625a00000, 0x0000000625a00000| Complete 
| 291|0x0000000625c00000, 0x0000000625e00000, 0x0000000625e00000|100%| E|CS|TAMS 0x0000000625c00000, 0x0000000625c00000| Complete 
| 292|0x0000000625e00000, 0x0000000626000000, 0x0000000626000000|100%| E|CS|TAMS 0x0000000625e00000, 0x0000000625e00000| Complete 
| 293|0x0000000626000000, 0x0000000626200000, 0x0000000626200000|100%| E|  |TAMS 0x0000000626000000, 0x0000000626000000| Complete 
| 294|0x0000000626200000, 0x0000000626400000, 0x0000000626400000|100%| E|CS|TAMS 0x0000000626200000, 0x0000000626200000| Complete 
| 295|0x0000000626400000, 0x0000000626600000, 0x0000000626600000|100%| E|CS|TAMS 0x0000000626400000, 0x0000000626400000| Complete 
| 296|0x0000000626600000, 0x0000000626800000, 0x0000000626800000|100%| E|CS|TAMS 0x0000000626600000, 0x0000000626600000| Complete 
| 297|0x0000000626800000, 0x0000000626a00000, 0x0000000626a00000|100%| E|CS|TAMS 0x0000000626800000, 0x0000000626800000| Complete 
| 298|0x0000000626a00000, 0x0000000626c00000, 0x0000000626c00000|100%| E|CS|TAMS 0x0000000626a00000, 0x0000000626a00000| Complete 
| 299|0x0000000626c00000, 0x0000000626e00000, 0x0000000626e00000|100%| E|CS|TAMS 0x0000000626c00000, 0x0000000626c00000| Complete 
| 300|0x0000000626e00000, 0x0000000627000000, 0x0000000627000000|100%| E|CS|TAMS 0x0000000626e00000, 0x0000000626e00000| Complete 
| 301|0x0000000627000000, 0x0000000627200000, 0x0000000627200000|100%| E|CS|TAMS 0x0000000627000000, 0x0000000627000000| Complete 
| 302|0x0000000627200000, 0x0000000627400000, 0x0000000627400000|100%| E|CS|TAMS 0x0000000627200000, 0x0000000627200000| Complete 
| 303|0x0000000627400000, 0x0000000627600000, 0x0000000627600000|100%| E|CS|TAMS 0x0000000627400000, 0x0000000627400000| Complete 
| 304|0x0000000627600000, 0x0000000627800000, 0x0000000627800000|100%| E|CS|TAMS 0x0000000627600000, 0x0000000627600000| Complete 
| 305|0x0000000627800000, 0x0000000627a00000, 0x0000000627a00000|100%| E|CS|TAMS 0x0000000627800000, 0x0000000627800000| Complete 
| 306|0x0000000627a00000, 0x0000000627c00000, 0x0000000627c00000|100%| E|CS|TAMS 0x0000000627a00000, 0x0000000627a00000| Complete 
| 307|0x0000000627c00000, 0x0000000627e00000, 0x0000000627e00000|100%| E|CS|TAMS 0x0000000627c00000, 0x0000000627c00000| Complete 

Card table byte_map: [0x00000181fcf50000,0x00000181fdf50000] _byte_map_base: 0x00000181f9f45000

Marking Bits (Prev, Next): (CMBitMap*) 0x00000181e476b6f0, (CMBitMap*) 0x00000181e476b6b8
 Prev Bits: [0x0000018187fb0000, 0x000001818ff58000)
 Next Bits: [0x0000018180000000, 0x0000018187fa8000)

Polling page: 0x00000181e3e10000

Metaspace:

Usage:
  Non-class:     65.23 MB capacity,    63.94 MB ( 98%) used,     1.00 MB (  2%) free+waste,   293.25 KB ( <1%) overhead. 
      Class:      8.86 MB capacity,     7.88 MB ( 89%) used,   863.70 KB ( 10%) free+waste,   141.38 KB (  2%) overhead. 
       Both:     74.09 MB capacity,    71.82 MB ( 97%) used,     1.85 MB (  2%) free+waste,   434.63 KB ( <1%) overhead. 

Virtual space:
  Non-class space:       66.00 MB reserved,      65.37 MB (>99%) committed 
      Class space:        1.00 GB reserved,       8.95 MB ( <1%) committed 
             Both:        1.06 GB reserved,      74.32 MB (  7%) committed 

Chunk freelists:
   Non-Class:  0 bytes
       Class:  1.63 KB
        Both:  1.63 KB

CodeHeap 'non-profiled nmethods': size=120000Kb used=4925Kb max_used=4925Kb free=115074Kb
 bounds [0x00000181f44d0000, 0x00000181f49a0000, 0x00000181fba00000]
CodeHeap 'profiled nmethods': size=120000Kb used=19796Kb max_used=19796Kb free=100203Kb
 bounds [0x00000181ecfa0000, 0x00000181ee300000, 0x00000181f44d0000]
CodeHeap 'non-nmethods': size=5760Kb used=1562Kb max_used=1592Kb free=4197Kb
 bounds [0x00000181eca00000, 0x00000181ecc70000, 0x00000181ecfa0000]
 total_blobs=10501 nmethods=6964 adapters=998
 compilation: enabled
              stopped_count=0, restarted_count=0
 full_count=0

Compilation events (10 events):
Event: 8.041 Thread 0x000001819290d800 nmethod 7304 0x00000181ee2eb490 code [0x00000181ee2eb660, 0x00000181ee2eb890]
Event: 8.041 Thread 0x000001819290d800 7305   !   3       java.util.Collections$SynchronizedMap::size (24 bytes)
Event: 8.041 Thread 0x000001819290d800 nmethod 7305 0x00000181ee2eb990 code [0x00000181ee2ebb60, 0x00000181ee2ebf50]
Event: 8.041 Thread 0x000001819290d800 7310       3       java.lang.invoke.LambdaForm$MH/0x00000008003cfc40::invoke (242 bytes)
Event: 8.042 Thread 0x000001819290d800 nmethod 7310 0x00000181ee2ec090 code [0x00000181ee2ec380, 0x00000181ee2edc80]
Event: 8.042 Thread 0x000001819290d800 7311   !   3       com.sun.proxy.$Proxy18::priority (32 bytes)
Event: 8.042 Thread 0x000001819290d800 nmethod 7311 0x00000181ee2ee310 code [0x00000181ee2ee500, 0x00000181ee2ee9a0]
Event: 8.042 Thread 0x000001819290d800 7312       3       net.runelite.client.eventbus.EventBus$Subscriber::<init> (26 bytes)
Event: 8.042 Thread 0x000001819290d800 nmethod 7312 0x00000181ee2eeb90 code [0x00000181ee2eed60, 0x00000181ee2ef058]
Event: 8.042 Thread 0x000001819290d800 7313       3       net.runelite.client.eventbus.EventBus$Subscriber::toString (22 bytes)

GC Heap History (10 events):
Event: 3.268 GC heap before
{Heap before GC invocations=5 (full 0):
 garbage-first heap   total 524288K, used 71492K [0x0000000601600000, 0x0000000800000000)
  region size 2048K, 32 young (65536K), 3 survivors (6144K)
 Metaspace       used 44571K, capacity 45498K, committed 45768K, reserved 1089536K
  class space    used 4468K, capacity 4878K, committed 4940K, reserved 1048576K
}
Event: 3.275 GC heap after
{Heap after GC invocations=6 (full 0):
 garbage-first heap   total 524288K, used 24731K [0x0000000601600000, 0x0000000800000000)
  region size 2048K, 4 young (8192K), 4 survivors (8192K)
 Metaspace       used 44571K, capacity 45498K, committed 45768K, reserved 1089536K
  class space    used 4468K, capacity 4878K, committed 4940K, reserved 1048576K
}
Event: 4.790 GC heap before
{Heap before GC invocations=7 (full 0):
 garbage-first heap   total 524288K, used 157851K [0x0000000601600000, 0x0000000800000000)
  region size 2048K, 68 young (139264K), 4 survivors (8192K)
 Metaspace       used 58600K, capacity 59823K, committed 60104K, reserved 1103872K
  class space    used 6103K, capacity 6618K, committed 6732K, reserved 1048576K
}
Event: 4.811 GC heap after
{Heap after GC invocations=8 (full 0):
 garbage-first heap   total 524288K, used 57030K [0x0000000601600000, 0x0000000800000000)
  region size 2048K, 9 young (18432K), 9 survivors (18432K)
 Metaspace       used 58600K, capacity 59823K, committed 60104K, reserved 1103872K
  class space    used 6103K, capacity 6618K, committed 6732K, reserved 1048576K
}
Event: 5.630 GC heap before
{Heap before GC invocations=8 (full 0):
 garbage-first heap   total 524288K, used 126662K [0x0000000601600000, 0x0000000800000000)
  region size 2048K, 44 young (90112K), 9 survivors (18432K)
 Metaspace       used 58861K, capacity 60043K, committed 60360K, reserved 1103872K
  class space    used 6116K, capacity 6625K, committed 6732K, reserved 1048576K
}
Event: 5.655 GC heap after
{Heap after GC invocations=9 (full 0):
 garbage-first heap   total 630784K, used 124079K [0x0000000601600000, 0x0000000800000000)
  region size 2048K, 6 young (12288K), 6 survivors (12288K)
 Metaspace       used 58861K, capacity 60043K, committed 60360K, reserved 1103872K
  class space    used 6116K, capacity 6625K, committed 6732K, reserved 1048576K
}
Event: 6.638 GC heap before
{Heap before GC invocations=9 (full 0):
 garbage-first heap   total 630784K, used 222383K [0x0000000601600000, 0x0000000800000000)
  region size 2048K, 51 young (104448K), 6 survivors (12288K)
 Metaspace       used 59731K, capacity 60877K, committed 61128K, reserved 1103872K
  class space    used 6200K, capacity 6707K, committed 6732K, reserved 1048576K
}
Event: 6.662 GC heap after
{Heap after GC invocations=10 (full 0):
 garbage-first heap   total 630784K, used 204303K [0x0000000601600000, 0x0000000800000000)
  region size 2048K, 7 young (14336K), 7 survivors (14336K)
 Metaspace       used 59731K, capacity 60877K, committed 61128K, reserved 1103872K
  class space    used 6200K, capacity 6707K, committed 6732K, reserved 1048576K
}
Event: 7.631 GC heap before
{Heap before GC invocations=10 (full 0):
 garbage-first heap   total 630784K, used 308751K [0x0000000601600000, 0x0000000800000000)
  region size 2048K, 57 young (116736K), 7 survivors (14336K)
 Metaspace       used 69854K, capacity 71866K, committed 72136K, reserved 1114112K
  class space    used 7579K, capacity 8466K, committed 8524K, reserved 1048576K
}
Event: 7.641 GC heap after
{Heap after GC invocations=11 (full 0):
 garbage-first heap   total 630784K, used 228351K [0x0000000601600000, 0x0000000800000000)
  region size 2048K, 8 young (16384K), 8 survivors (16384K)
 Metaspace       used 69854K, capacity 71866K, committed 72136K, reserved 1114112K
  class space    used 7579K, capacity 8466K, committed 8524K, reserved 1048576K
}

Deoptimization events (10 events):
Event: 7.836 Thread 0x00000181939a7000 Uncommon trap: reason=unstable_if action=reinterpret pc=0x00000181f46f331c method=sun.reflect.annotation.AnnotationInvocationHandler.invoke(Ljava/lang/Object;Ljava/lang/reflect/Method;[Ljava/lang/Object;)Ljava/lang/Object; @ 76 c2
Event: 7.968 Thread 0x0000018193fd7000 Uncommon trap: reason=profile_predicate action=maybe_recompile pc=0x00000181f4928414 method=cd.as(II)V @ 671 c2
Event: 7.971 Thread 0x00000181971e4800 Uncommon trap: reason=range_check action=make_not_entrant pc=0x00000181f491e144 method=ek.lo(Lek;I)[F @ 1400 c2
Event: 7.974 Thread 0x0000018193fd7000 Uncommon trap: reason=profile_predicate action=maybe_recompile pc=0x00000181f48e5024 method=cd.as(II)V @ 671 c2
Event: 7.997 Thread 0x0000018193fd7000 Uncommon trap: reason=profile_predicate action=maybe_recompile pc=0x00000181f4914554 method=cd.as(II)V @ 671 c2
Event: 8.001 Thread 0x00000181939a7000 Uncommon trap: reason=unstable_if action=reinterpret pc=0x00000181f461e62c method=java.lang.String.getChars(II[CI)V @ 23 c2
Event: 8.028 Thread 0x00000181939a7000 Uncommon trap: reason=profile_predicate action=maybe_recompile pc=0x00000181f4993274 method=ch.qos.logback.classic.pattern.TargetLengthBasedClassNameAbbreviator.abbreviate(Ljava/lang/String;)Ljava/lang/String; @ 86 c2
Event: 8.028 Thread 0x00000181939a7000 Uncommon trap: reason=profile_predicate action=maybe_recompile pc=0x00000181f4993274 method=ch.qos.logback.classic.pattern.TargetLengthBasedClassNameAbbreviator.abbreviate(Ljava/lang/String;)Ljava/lang/String; @ 86 c2
Event: 8.028 Thread 0x00000181939a7000 Uncommon trap: reason=profile_predicate action=maybe_recompile pc=0x00000181f4993274 method=ch.qos.logback.classic.pattern.TargetLengthBasedClassNameAbbreviator.abbreviate(Ljava/lang/String;)Ljava/lang/String; @ 86 c2
Event: 8.029 Thread 0x00000181939a7000 Uncommon trap: reason=profile_predicate action=maybe_recompile pc=0x00000181f4993274 method=ch.qos.logback.classic.pattern.TargetLengthBasedClassNameAbbreviator.abbreviate(Ljava/lang/String;)Ljava/lang/String; @ 86 c2

Classes redefined (0 events):
No events

Internal exceptions (10 events):
Event: 7.342 Thread 0x00000181939a7000 Exception <a 'java/lang/NoSuchMethodError'{0x00000006241b9278}: java.lang.invoke.DirectMethodHandle$Holder.invokeStatic(Ljava/lang/Object;Ljava/lang/Object;Ljava/lang/Object;Ljava/lang/Object;Ljava/lang/Object;Ljava/lang/Object;Ljava/lang/Object;Ljava/lan
Event: 7.775 Thread 0x00000181939a7000 Exception <a 'java/lang/NoSuchMethodError'{0x0000000626fb0b40}: java.lang.invoke.DelegatingMethodHandle$Holder.reinvoke_L(Ljava/lang/Object;Ljava/lang/Object;IILjava/lang/Object;Ljava/lang/Object;Ljava/lang/Object;Ljava/lang/Object;Ljava/lang/Object;ILjav
Event: 7.777 Thread 0x00000181939a7000 Exception <a 'java/lang/NoSuchMethodError'{0x0000000626c297b0}: java.lang.invoke.DirectMethodHandle$Holder.invokeSpecial(Ljava/lang/Object;Ljava/lang/Object;IILjava/lang/Object;Ljava/lang/Object;Ljava/lang/Object;Ljava/lang/Object;Ljava/lang/Object;ILjava
Event: 7.777 Thread 0x00000181939a7000 Exception <a 'java/lang/NoSuchMethodError'{0x0000000626c2dda8}: java.lang.invoke.DelegatingMethodHandle$Holder.reinvoke_L(Ljava/lang/Object;IILjava/lang/Object;Ljava/lang/Object;Ljava/lang/Object;Ljava/lang/Object;Ljava/lang/Object;ILjava/lang/Object;Ljav
Event: 7.780 Thread 0x00000181939a7000 Exception <a 'java/lang/NoSuchMethodError'{0x0000000626cdf120}: java.lang.invoke.DirectMethodHandle$Holder.invokeStatic(Ljava/lang/Object;Ljava/lang/Object;Ljava/lang/Object;Ljava/lang/Object;Ljava/lang/Object;Ljava/lang/Object;Ljava/lang/Object;Ljava/lan
Event: 7.781 Thread 0x00000181939a7000 Exception <a 'java/lang/NoSuchMethodError'{0x0000000626d12f48}: java.lang.invoke.DelegatingMethodHandle$Holder.reinvoke_L(Ljava/lang/Object;Ljava/lang/Object;Ljava/lang/Object;Ljava/lang/Object;Ljava/lang/Object;Ljava/lang/Object;ILjava/lang/Object;Ljava/
Event: 7.847 Thread 0x00000181939a7000 Exception <a 'java/lang/NoSuchMethodError'{0x000000062695d0c0}: java.lang.invoke.DirectMethodHandle$Holder.invokeVirtual(Ljava/lang/Object;Ljava/lang/Object;Ljava/lang/Object;)Ljava/lang/Object;> (0x000000062695d0c0) thrown at [t:/workspace/open/src/hotsp
Event: 7.985 Thread 0x00000181939a7000 Exception <a 'java/lang/NoSuchMethodError'{0x0000000624fa7cf0}: java.lang.invoke.DirectMethodHandle$Holder.invokeSpecial(Ljava/lang/Object;Ljava/lang/Object;IILjava/lang/Object;Ljava/lang/Object;Ljava/lang/Object;Ljava/lang/Object;Ljava/lang/Object;)Ljava
Event: 7.985 Thread 0x00000181939a7000 Exception <a 'java/lang/NoSuchMethodError'{0x0000000624fab6d0}: java.lang.invoke.DelegatingMethodHandle$Holder.reinvoke_L(Ljava/lang/Object;IILjava/lang/Object;Ljava/lang/Object;Ljava/lang/Object;Ljava/lang/Object;Ljava/lang/Object;)Ljava/lang/Object;> (0
Event: 7.987 Thread 0x00000181939a7000 Exception <a 'java/lang/NoSuchMethodError'{0x0000000624c12570}: java.lang.invoke.Invokers$Holder.linkToTargetMethod(Ljava/lang/Object;Ljava/lang/Object;Ljava/lang/Object;Ljava/lang/Object;Ljava/lang/Object;Ljava/lang/Object;)Ljava/lang/Object;> (0x0000000

Events (10 events):
Event: 8.043 Thread 0x00000181971e4800 DEOPT PACKING pc=0x00000181ee04ed83 sp=0x0000000a203febe0
Event: 8.043 Thread 0x00000181971e4800 DEOPT UNPACKING pc=0x00000181eca28fce sp=0x0000000a203fe020 mode 0
Event: 8.043 Thread 0x00000181971e4800 DEOPT PACKING pc=0x00000181ee04ed83 sp=0x0000000a203febe0
Event: 8.043 Thread 0x00000181971e4800 DEOPT UNPACKING pc=0x00000181eca28fce sp=0x0000000a203fe020 mode 0
Event: 8.044 Thread 0x00000181971e4800 DEOPT PACKING pc=0x00000181ee04f5d0 sp=0x0000000a203febe0
Event: 8.044 Thread 0x00000181971e4800 DEOPT UNPACKING pc=0x00000181eca28fce sp=0x0000000a203fe020 mode 0
Event: 8.044 loading class java/util/concurrent/ConcurrentHashMap$KeySpliterator
Event: 8.044 Thread 0x0000018193fd7000 DEOPT PACKING pc=0x00000181ee297980 sp=0x0000000a1effecd0
Event: 8.044 Thread 0x0000018193fd7000 DEOPT UNPACKING pc=0x00000181eca28fce sp=0x0000000a1effe2d0 mode 0
Event: 8.044 loading class java/util/concurrent/ConcurrentHashMap$KeySpliterator done


Dynamic libraries:
0x00007ff779f50000 - 0x00007ff779f95000 	C:\Program Files\Java\jdk-11.0.2\bin\java.exe
0x00007ffc1af90000 - 0x00007ffc1b188000 	C:\Windows\SYSTEM32\ntdll.dll
0x00007ffc19330000 - 0x00007ffc193f2000 	C:\Windows\System32\KERNEL32.DLL
0x00007ffc18bb0000 - 0x00007ffc18ea7000 	C:\Windows\System32\KERNELBASE.dll
0x00007ffc19430000 - 0x00007ffc195cd000 	C:\Windows\System32\USER32.dll
0x00007ffc18930000 - 0x00007ffc18952000 	C:\Windows\System32\win32u.dll
0x00007ffc19400000 - 0x00007ffc1942b000 	C:\Windows\System32\GDI32.dll
0x00007ffc189f0000 - 0x00007ffc18b09000 	C:\Windows\System32\gdi32full.dll
0x00007ffc18b10000 - 0x00007ffc18bad000 	C:\Windows\System32\msvcp_win.dll
0x00007ffc18eb0000 - 0x00007ffc18fb0000 	C:\Windows\System32\ucrtbase.dll
0x00007ffc0b480000 - 0x00007ffc0b71a000 	C:\Windows\WinSxS\amd64_microsoft.windows.common-controls_6595b64144ccf1df_6.0.19041.5915_none_60b4b9d171f9c7c7\COMCTL32.dll
0x00007ffc19b80000 - 0x00007ffc19c1e000 	C:\Windows\System32\msvcrt.dll
0x00007ffc191d0000 - 0x00007ffc191ff000 	C:\Windows\System32\IMM32.DLL
0x00007ffc11560000 - 0x00007ffc11576000 	C:\Program Files\Java\jdk-11.0.2\bin\vcruntime140.dll
0x00007ffb62ab0000 - 0x00007ffb62b5a000 	C:\Program Files\Java\jdk-11.0.2\bin\msvcp140.dll
0x00007ffb3d730000 - 0x00007ffb3e253000 	C:\Program Files\Java\jdk-11.0.2\bin\server\jvm.dll
0x00007ffc1a940000 - 0x00007ffc1a9f1000 	C:\Windows\System32\ADVAPI32.dll
0x00007ffc19c20000 - 0x00007ffc19cbf000 	C:\Windows\System32\sechost.dll
0x00007ffc19200000 - 0x00007ffc19326000 	C:\Windows\System32\RPCRT4.dll
0x00007ffc18800000 - 0x00007ffc18827000 	C:\Windows\System32\bcrypt.dll
0x00007ffc1af40000 - 0x00007ffc1af48000 	C:\Windows\System32\PSAPI.DLL
0x00007ffc094c0000 - 0x00007ffc094e7000 	C:\Windows\SYSTEM32\WINMM.dll
0x00007ffc0acf0000 - 0x00007ffc0acf9000 	C:\Windows\SYSTEM32\WSOCK32.dll
0x00007ffc0ee90000 - 0x00007ffc0ee9a000 	C:\Windows\SYSTEM32\VERSION.dll
0x00007ffc196b0000 - 0x00007ffc1971b000 	C:\Windows\System32\WS2_32.dll
0x00007ffc16480000 - 0x00007ffc16492000 	C:\Windows\SYSTEM32\kernel.appcore.dll
0x00007ffc114a0000 - 0x00007ffc114b1000 	C:\Program Files\Java\jdk-11.0.2\bin\verify.dll
0x00007ffc0df00000 - 0x00007ffc0e101000 	C:\Windows\SYSTEM32\DBGHELP.DLL
0x00007ffbf6320000 - 0x00007ffbf6354000 	C:\Windows\SYSTEM32\dbgcore.DLL
0x00007ffc18960000 - 0x00007ffc189e2000 	C:\Windows\System32\bcryptPrimitives.dll
0x00007ffbac010000 - 0x00007ffbac038000 	C:\Program Files\Java\jdk-11.0.2\bin\java.dll
0x00007ffbf0b50000 - 0x00007ffbf0b66000 	C:\Program Files\Java\jdk-11.0.2\bin\zip.dll
0x00007ffbfcbe0000 - 0x00007ffbfcbea000 	C:\Program Files\Java\jdk-11.0.2\bin\jimage.dll
0x00007ffc1a040000 - 0x00007ffc1a7ae000 	C:\Windows\System32\SHELL32.dll
0x00007ffc16680000 - 0x00007ffc16e24000 	C:\Windows\SYSTEM32\windows.storage.dll
0x00007ffc19800000 - 0x00007ffc19b53000 	C:\Windows\System32\combase.dll
0x00007ffc17f70000 - 0x00007ffc17f9b000 	C:\Windows\SYSTEM32\Wldp.dll
0x00007ffc1ae70000 - 0x00007ffc1af3d000 	C:\Windows\System32\OLEAUT32.dll
0x00007ffc19de0000 - 0x00007ffc19e8d000 	C:\Windows\System32\SHCORE.dll
0x00007ffc18fc0000 - 0x00007ffc1901b000 	C:\Windows\System32\shlwapi.dll
0x00007ffc18550000 - 0x00007ffc18574000 	C:\Windows\SYSTEM32\profapi.dll
0x00007ffbeebe0000 - 0x00007ffbeebf9000 	C:\Program Files\Java\jdk-11.0.2\bin\net.dll
0x00007ffc05140000 - 0x00007ffc05331000 	C:\Windows\SYSTEM32\urlmon.dll
0x00007ffc107d0000 - 0x00007ffc108da000 	C:\Windows\SYSTEM32\WINHTTP.dll
0x00007ffc05340000 - 0x00007ffc055fe000 	C:\Windows\SYSTEM32\iertutil.dll
0x00007ffc10900000 - 0x00007ffc10928000 	C:\Windows\SYSTEM32\srvcli.dll
0x00007ffc17a40000 - 0x00007ffc17a4c000 	C:\Windows\SYSTEM32\netutils.dll
0x00007ffc17d50000 - 0x00007ffc17dba000 	C:\Windows\system32\mswsock.dll
0x00007ffbee9b0000 - 0x00007ffbee9c3000 	C:\Program Files\Java\jdk-11.0.2\bin\nio.dll
0x00007ffbfc780000 - 0x00007ffbfc78d000 	C:\Program Files\Java\jdk-11.0.2\bin\sunmscapi.dll
0x00007ffc186a0000 - 0x00007ffc187fd000 	C:\Windows\System32\CRYPT32.dll
0x00007ffc180c0000 - 0x00007ffc180e7000 	C:\Windows\SYSTEM32\ncrypt.dll
0x00007ffc18080000 - 0x00007ffc180bb000 	C:\Windows\SYSTEM32\NTASN1.dll
0x00007ffb634f0000 - 0x00007ffb63517000 	C:\Program Files\Java\jdk-11.0.2\bin\sunec.dll
0x00007ffc181e0000 - 0x00007ffc181f2000 	C:\Windows\SYSTEM32\MSASN1.dll
0x00007ffc17fb0000 - 0x00007ffc17fc8000 	C:\Windows\SYSTEM32\CRYPTSP.dll
0x00007ffc17620000 - 0x00007ffc17658000 	C:\Windows\system32\rsaenh.dll
0x00007ffc17ee0000 - 0x00007ffc17eec000 	C:\Windows\SYSTEM32\CRYPTBASE.dll
0x00007ffc16e40000 - 0x00007ffc16e63000 	C:\Windows\SYSTEM32\gpapi.dll
0x00007ffc18510000 - 0x00007ffc1853e000 	C:\Windows\SYSTEM32\USERENV.dll
0x00007ffc18410000 - 0x00007ffc1841a000 	C:\Windows\SYSTEM32\DPAPI.dll
0x00007ffc17a00000 - 0x00007ffc17a3b000 	C:\Windows\SYSTEM32\IPHLPAPI.DLL
0x00007ffc18fb0000 - 0x00007ffc18fb8000 	C:\Windows\System32\NSI.dll
0x00007ffc12350000 - 0x00007ffc12367000 	C:\Windows\SYSTEM32\dhcpcsvc6.DLL
0x00007ffc12330000 - 0x00007ffc1234d000 	C:\Windows\SYSTEM32\dhcpcsvc.DLL
0x00007ffc17a50000 - 0x00007ffc17b1a000 	C:\Windows\SYSTEM32\DNSAPI.dll
0x00007ffb5b9a0000 - 0x00007ffb5bb3e000 	C:\Program Files\Java\jdk-11.0.2\bin\awt.dll
0x00007ffc131c0000 - 0x00007ffc13780000 	C:\Windows\SYSTEM32\d2d1.dll
0x00007ffc14e00000 - 0x00007ffc14e94000 	C:\Windows\SYSTEM32\apphelp.dll
0x00007ffc15ef0000 - 0x00007ffc15f8e000 	C:\Windows\system32\uxtheme.dll
0x00007ffc19cc0000 - 0x00007ffc19dd5000 	C:\Windows\System32\MSCTF.dll
0x00007ffc1a7b0000 - 0x00007ffc1a8db000 	C:\Windows\System32\ole32.dll
0x00007ffc16180000 - 0x00007ffc161ae000 	C:\Windows\system32\DWMAPI.DLL
0x00007ffbe1ab0000 - 0x00007ffbe1bd8000 	C:\Windows\system32\opengl32.dll
0x00007ffbe1a80000 - 0x00007ffbe1aac000 	C:\Windows\SYSTEM32\GLU32.dll
0x00007ffb62a30000 - 0x00007ffb62ab0000 	C:\Program Files\Java\jdk-11.0.2\bin\freetype.dll
0x00007ffb629c0000 - 0x00007ffb62a2f000 	C:\Program Files\Java\jdk-11.0.2\bin\fontmanager.dll
0x00007ffbec1b0000 - 0x00007ffbec2a9000 	C:\Windows\SYSTEM32\textinputframework.dll
0x00007ffc14700000 - 0x00007ffc147f2000 	C:\Windows\System32\CoreMessaging.dll
0x00007ffc127b0000 - 0x00007ffc12b0b000 	C:\Windows\System32\CoreUIComponents.dll
0x00007ffc141e0000 - 0x00007ffc14337000 	C:\Windows\SYSTEM32\wintypes.dll
0x00007ffc17870000 - 0x00007ffc178a3000 	C:\Windows\SYSTEM32\ntmarta.dll
0x00007ffc0b410000 - 0x00007ffc0b476000 	C:\Windows\system32\Oleacc.dll
0x00007ffbf1ba0000 - 0x00007ffbf1ba9000 	C:\Program Files\Java\jdk-11.0.2\bin\management.dll
0x00007ffbee950000 - 0x00007ffbee95c000 	C:\Program Files\Java\jdk-11.0.2\bin\management_ext.dll
0x00007ffc0edb0000 - 0x00007ffc0edba000 	C:\Windows\System32\rasadhlp.dll
0x00007ffc10380000 - 0x00007ffc10400000 	C:\Windows\System32\fwpuclnt.dll
0x00007ffb63170000 - 0x00007ffb631b4000 	C:\Users\mahnr\AppData\Local\Temp\jna-103656984\jna9731146735341417334.dll
0x00007ffb5aaf0000 - 0x00007ffb5ab8c000 	C:\Users\mahnr\AppData\Local\Temp\jna-103656984\jna9277325173253148081.dll
0x00007ffb61090000 - 0x00007ffb6110f000 	C:\Program Files\Java\jdk-11.0.2\bin\mlib_image.dll
0x00007ffbb5010000 - 0x00007ffbb5022000 	C:\Program Files\Java\jdk-11.0.2\bin\jsound.dll
0x00007ffb9c310000 - 0x00007ffb9c3ac000 	C:\Windows\SYSTEM32\DSOUND.dll
0x00007ffc17b70000 - 0x00007ffc17bbb000 	C:\Windows\SYSTEM32\powrprof.dll
0x00007ffbe9480000 - 0x00007ffbe94a6000 	C:\Windows\SYSTEM32\winmmbase.dll
0x00007ffc179e0000 - 0x00007ffc179f2000 	C:\Windows\SYSTEM32\UMPDC.dll
0x00007ffc19e90000 - 0x00007ffc19f39000 	C:\Windows\System32\clbcatq.dll
0x00007ffc09d50000 - 0x00007ffc09dd5000 	C:\Windows\System32\MMDevApi.dll
0x00007ffc183b0000 - 0x00007ffc183e3000 	C:\Windows\System32\DEVOBJ.dll
0x00007ffc18830000 - 0x00007ffc1887e000 	C:\Windows\System32\cfgmgr32.dll
0x00007ffbcaee0000 - 0x00007ffbcaf26000 	C:\Windows\SYSTEM32\wdmaud.drv
0x00007ffc14390000 - 0x00007ffc14399000 	C:\Windows\SYSTEM32\ksuser.dll
0x00007ffc15300000 - 0x00007ffc1530a000 	C:\Windows\SYSTEM32\AVRT.dll
0x00007ffbebec0000 - 0x00007ffbec041000 	C:\Windows\SYSTEM32\AUDIOSES.DLL
0x00007ffbe76f0000 - 0x00007ffbe76fd000 	C:\Windows\SYSTEM32\msacm32.drv
0x00007ffc14d20000 - 0x00007ffc14d3e000 	C:\Windows\SYSTEM32\MSACM32.dll
0x00007ffbe7270000 - 0x00007ffbe727b000 	C:\Windows\SYSTEM32\midimap.dll
0x00007ffc16080000 - 0x00007ffc16094000 	C:\Windows\SYSTEM32\resourcepolicyclient.dll
0x00007ffbec360000 - 0x00007ffbec49f000 	C:\Windows\System32\Windows.UI.dll
0x00007ffc0fc80000 - 0x00007ffc0fd21000 	C:\Windows\System32\WindowManagementAPI.dll
0x00007ffbec050000 - 0x00007ffbec1a2000 	C:\Windows\System32\InputHost.dll
0x00007ffc10f20000 - 0x00007ffc11123000 	C:\Windows\System32\twinapi.appcore.dll
0x00007ffc14050000 - 0x00007ffc14144000 	C:\Windows\System32\PROPSYS.dll
0x00007ffb62990000 - 0x00007ffb629bd000 	C:\Program Files\Java\jdk-11.0.2\bin\javajpeg.dll
0x00007ffbe6ca0000 - 0x00007ffbe6ca6000 	C:\Users\mahnr\AppData\Local\Temp\flatlaf.temp\flatlaf-windows-x86_64-2726110372939990.dll
0x00007ffbe7680000 - 0x00007ffbe7687000 	C:\Program Files\Java\jdk-11.0.2\bin\jawt.dll
0x00007ffc15ca0000 - 0x00007ffc15e56000 	C:\Windows\SYSTEM32\WindowsCodecs.dll
0x00007ffbe54a0000 - 0x00007ffbe54de000 	C:\Windows\system32\dataexchange.dll
0x00007ffc13780000 - 0x00007ffc13964000 	C:\Windows\system32\dcomp.dll
0x00007ffc15360000 - 0x00007ffc155c4000 	C:\Windows\system32\d3d11.dll
0x00007ffc16e70000 - 0x00007ffc16f66000 	C:\Windows\system32\dxgi.dll
0x00007ffbe7700000 - 0x00007ffbe7709000 	C:\Program Files\Java\jdk-11.0.2\bin\prefs.dll

dbghelp: loaded successfully - version: 4.0.5 - missing functions: none
symbol engine: initialized successfully - sym options: 0x614 - pdb path: .;C:\Program Files\Java\jdk-11.0.2\bin;C:\Windows\SYSTEM32;C:\Windows\WinSxS\amd64_microsoft.windows.common-controls_6595b64144ccf1df_6.0.19041.5915_none_60b4b9d171f9c7c7;C:\Program Files\Java\jdk-11.0.2\bin\server;C:\Users\mahnr\AppData\Local\Temp\jna-103656984;C:\Users\mahnr\AppData\Local\Temp\flatlaf.temp

VM Arguments:
jvm_args: -ea -Dsun.java2d.d3d=false -Dsun.java2d.noddraw=true -Duser.home=D:\bots\instances\inst_01 -Drl.instance=1 -Drl.ipc.port=5501 -Drl.export.dir=D:\bots\exports\inst_01 
java_command: net.runelite.client.RuneLite --debug --developer-mode
java_class_path (initial): D:\IdeaProjects\runelite\runelite-client\target\classes;C:\Users\mahnr\.m2\repository\org\slf4j\slf4j-api\1.7.25\slf4j-api-1.7.25.jar;C:\Users\mahnr\.m2\repository\ch\qos\logback\logback-classic\1.2.9\logback-classic-1.2.9.jar;C:\Users\mahnr\.m2\repository\ch\qos\logback\logback-core\1.2.9\logback-core-1.2.9.jar;C:\Users\mahnr\.m2\repository\net\sf\jopt-simple\jopt-simple\5.0.1\jopt-simple-5.0.1.jar;C:\Users\mahnr\.m2\repository\com\google\guava\guava\23.2-jre\guava-23.2-jre.jar;C:\Users\mahnr\.m2\repository\com\google\inject\guice\4.1.0\guice-4.1.0-no_aop.jar;C:\Users\mahnr\.m2\repository\javax\inject\javax.inject\1\javax.inject-1.jar;C:\Users\mahnr\.m2\repository\aopalliance\aopalliance\1.0\aopalliance-1.0.jar;C:\Users\mahnr\.m2\repository\com\google\code\gson\gson\2.8.5\gson-2.8.5.jar;C:\Users\mahnr\.m2\repository\net\runelite\flatlaf\3.2.5-rl4\flatlaf-3.2.5-rl4.jar;C:\Users\mahnr\.m2\repository\org\apache\commons\commons-text\1.2\commons-text-1.2.jar;C:\Users\mahnr\.m2\repository\org\apache\commons\commons-lang3\3.7\commons-lang3-3.7.jar;C:\Users\mahnr\.m2\repository\net\java\dev\jna\jna\5.9.0\jna-5.9.0.jar;C:\Users\mahnr\.m2\repository\net\java\dev\jna\jna-platform\5.9.0\jna-platform-5.9.0.jar;C:\Users\mahnr\.m2\repository\com\google\code\findbugs\jsr305\3.0.2\jsr305-3.0.2.jar;C:\Users\mahnr\.m2\repository\com\google\protobuf\protobuf-javalite\3.21.12\protobuf-javalite-3.21.12.jar;C:\Users\mahnr\.m2\repository\net\runelite\rlawt\1.5\rlawt-1.5.jar;C:\Users\mahnr\.m2\repository\org\lwjgl\lwjgl\3.3.2\lwjgl-3.3.2.jar;C:\Users\mahnr\.m2\repository\org\lwjgl\lwjgl\3.3.2\lwjgl-3.3.2-natives-linux.jar;C:\Users\mahnr\.m2\repository\org\lwjgl\lwjgl\3.3.2\lwjgl-3.3.2-natives-macos.jar;C:\Users\mahnr\.m2\repository\org\lwjgl\lwjgl\3.3.2\lwjgl-3.3.2-natives-macos-arm64.jar;C:\Users\mahnr\.m2\repository\org\lwjgl\lwjgl\3.3.2\lwjgl-3.3.2-natives-windows-x86.jar;C:\Users\mahnr\.m2\repository\org\lwjgl\lwjgl\3.3.2\lwjgl-3.3.2-natives-windows.jar;C:\
Launcher Type: SUN_STANDARD

[Global flags]
     intx CICompilerCount                          = 4                                         {product} {ergonomic}
     uint ConcGCThreads                            = 3                                         {product} {ergonomic}
     uint G1ConcRefinementThreads                  = 10                                        {product} {ergonomic}
   size_t G1HeapRegionSize                         = 2097152                                   {product} {ergonomic}
    uintx GCDrainStackTargetSize                   = 64                                        {product} {ergonomic}
   size_t InitialHeapSize                          = 536870912                                 {product} {ergonomic}
   size_t MarkStackSize                            = 4194304                                   {product} {ergonomic}
   size_t MaxHeapSize                              = 8566865920                                {product} {ergonomic}
   size_t MaxNewSize                               = 5140119552                                {product} {ergonomic}
   size_t MinHeapDeltaBytes                        = 2097152                                   {product} {ergonomic}
    uintx NonNMethodCodeHeapSize                   = 5835340                                {pd product} {ergonomic}
    uintx NonProfiledCodeHeapSize                  = 122911450                              {pd product} {ergonomic}
    uintx ProfiledCodeHeapSize                     = 122911450                              {pd product} {ergonomic}
    uintx ReservedCodeCacheSize                    = 251658240                              {pd product} {ergonomic}
     bool SegmentedCodeCache                       = true                                      {product} {ergonomic}
     bool UseCompressedClassPointers               = true                                 {lp64_product} {ergonomic}
     bool UseCompressedOops                        = true                                 {lp64_product} {ergonomic}
     bool UseG1GC                                  = true                                      {product} {ergonomic}
     bool UseLargePagesIndividualAllocation        = false                                  {pd product} {ergonomic}

Logging:
Log output configuration:
 #0: stdout all=warning uptime,level,tags
 #1: stderr all=off uptime,level,tags

Environment Variables:
JAVA_HOME=C:\Program Files\Java\jdk-11.0.2
PATH=C:\Program Files\Java\jdk-11.0.2\bin;C:\Python313\Scripts\;C:\Python313\;C:\Program Files\NVIDIA GPU Computing Toolkit\CUDA\v11.7\bin;C:\Program Files\NVIDIA GPU Computing Toolkit\CUDA\v11.7\libnvvp;C:\Users\mahnr\IdeaProjects\BotLauncher\out\production\BotLauncher;C:\Program Files (x86)\Common Files\Intel\Shared Libraries\redist\intel64\compiler;C:\Windows\system32;C:\Windows;C:\Windows\System32\Wbem;C:\Windows\System32\WindowsPowerShell\v1.0\;C:\Windows\System32\OpenSSH\;C:\Program Files (x86)\GitExtensions\;C:\Program Files\Git\cmd;C:\Users\mahnr\AppData\Local\Programs\Python\Python310\Lib\site-packages\ffmpeg;C:\Program Files\swigwin-4.1.1;C:\Program Files\Java\jdk-11.0.2\bin;C:\Program Files (x86)\NVIDIA Corporation\PhysX\Common;C:\Program Files\NVIDIA Corporation\NVIDIA NvDLISR;C:\Program Files\PostgreSQL\17\bin;C:\Program Files\R\R-4.4.2\bin;C:\Program Files\Tesseract-OCR;c:\Users\mahnr\AppData\Local\Programs\cursor\resources\app\bin;D:\Program Files\nodejs\;C:\ProgramData\chocolatey\bin;C:\Users\mahnr\Downloads\cmake-4.1.0-rc4-windows-x86_64\cmake-4.1.0-rc4-windows-x86_64\bin;C:\Program Files (x86)\Windows Kits\10\Windows Performance Toolkit\;C:\Users\mahnr\.cargo\bin;C:\Users\mahnr\scoop\apps\maven\current\bin;C:\Users\mahnr\scoop\shims;C:\Users\mahnr\AppData\Local\Programs\Python\Python312\Scripts\;C:\Users\mahnr\AppData\Local\Programs\Python\Python312\;C:\Users\mahnr\AppData\Local\Programs\Python\Python310\Scripts\;C:\Users\mahnr\AppData\Local\Programs\Python\Python310\;C:\Users\mahnr\IdeaProjects\BotLauncher\out\production\BotLauncher;C:\Program Files (x86)\Common Files\Oracle\Java\javapath;C:\Program Files (x86)\Common Files\Intel\Shared Libraries\redist\intel64\compiler;C:\Windows\system32;C:\Windows;C:\Windows\System32\Wbem;C:\Windows\System32\WindowsPowerShell\v1.0\;C:\Windows\System32\OpenSSH\;C:\Program Files (x86)\GitExtensions\;C:\Program Files\Git\cmd;C:\Users\mahnr\IdeaProjects\BotLauncher\out\production\BotLauncher;C:\Program Files (x86)\Com
USERNAME=mahnr
OS=Windows_NT
PROCESSOR_IDENTIFIER=AMD64 Family 25 Model 33 Stepping 0, AuthenticAMD



---------------  S Y S T E M  ---------------

OS: Windows 10 , 64 bit Build 19041 (10.0.19041.5915)

CPU:total 12 (initial active 12) (12 cores per cpu, 2 threads per core) family 25 model 33 stepping 0, cmov, cx8, fxsr, mmx, sse, sse2, sse3, ssse3, sse4.1, sse4.2, popcnt, avx, avx2, aes, clmul, erms, mmxext, 3dnowpref, lzcnt, sse4a, ht, tsc, tscinvbit, tscinv, bmi1, bmi2, adx, sha, fma

Memory: 4k page, system-wide physical 32678M (11730M free)
TotalPageFile size 39595M (AvailPageFile size 6981M)
current process WorkingSet (physical memory assigned to process): 707M, peak: 708M
current process commit charge ("private bytes"): 907M, peak: 908M

vm_info: OpenJDK 64-Bit Server VM (11.0.2+9) for windows-amd64 JRE (11.0.2+9), built on Jan 18 2019 05:23:22 by "mach5one" with MS VC++ 15.5 (VS2017)

END.
